# JRE version: Java(TM) SE Runtime Environment (8.0_231-b11) (build 1.8.0_231-b11)
# Java VM: Java HotSpot(TM) 64-Bit Server VM (25.231-b11 mixed mode windows-amd64 compressed oops)
Heap:
 PSYoungGen      total 122368K, used 100292K [0x0000000715b00000, 0x000000071e800000, 0x00000007c0000000)
  eden space 116736K, 82% used [0x0000000715b00000,0x000000071b916aa8,0x000000071cd00000)
  from space 5632K, 70% used [0x000000071e280000,0x000000071e65a5c8,0x000000071e800000)
  to   space 13824K, 0% used [0x000000071cd00000,0x000000071cd00000,0x000000071da80000)
 ParOldGen       total 354304K, used 311733K [0x00000005c1000000, 0x00000005d6a00000, 0x0000000715b00000)
  object space 354304K, 87% used [0x00000005c1000000,0x00000005d406d450,0x00000005d6a00000)
 Metaspace       used 13230K, capacity 13417K, committed 13696K, reserved 1062912K
  class space    used 1028K, capacity 1097K, committed 1152K, reserved 1048576K
GC Heap History (10 events):
Event: 110.624 GC heap before
{Heap before GC invocations=491 (full 3):
 PSYoungGen      total 132608K, used 132589K [0x0000000715b00000, 0x000000071f800000, 0x00000007c0000000)
  eden space 129536K, 100% used [0x0000000715b00000,0x000000071d980000,0x000000071d980000)
  from space 3072K, 99% used [0x000000071ef00000,0x000000071f1fb5f0,0x000000071f200000)
  to   space 6144K, 0% used [0x000000071f200000,0x000000071f200000,0x000000071f800000)
 ParOldGen       total 354304K, used 286277K [0x00000005c1000000, 0x00000005d6a00000, 0x0000000715b00000)
  object space 354304K, 80% used [0x00000005c1000000,0x00000005d2791450,0x00000005d6a00000)
 Metaspace       used 13230K, capacity 13417K, committed 13696K, reserved 1062912K
  class space    used 1028K, capacity 1097K, committed 1152K, reserved 1048576K
Event: 110.626 GC heap after
Heap after GC invocations=491 (full 3):
 PSYoungGen      total 133120K, used 6116K [0x0000000715b00000, 0x000000071f800000, 0x00000007c0000000)
  eden space 126976K, 0% used [0x0000000715b00000,0x0000000715b00000,0x000000071d700000)
  from space 6144K, 99% used [0x000000071f200000,0x000000071f7f9278,0x000000071f800000)
  to   space 8192K, 0% used [0x000000071e800000,0x000000071e800000,0x000000071f000000)
 ParOldGen       total 354304K, used 286565K [0x00000005c1000000, 0x00000005d6a00000, 0x0000000715b00000)
  object space 354304K, 80% used [0x00000005c1000000,0x00000005d27d9450,0x00000005d6a00000)
 Metaspace       used 13230K, capacity 13417K, committed 13696K, reserved 1062912K
  class space    used 1028K, capacity 1097K, committed 1152K, reserved 1048576K
}
Event: 111.302 GC heap before
{Heap before GC invocations=492 (full 3):
 PSYoungGen      total 133120K, used 133092K [0x0000000715b00000, 0x000000071f800000, 0x00000007c0000000)
  eden space 126976K, 100% used [0x0000000715b00000,0x000000071d700000,0x000000071d700000)
  from space 6144K, 99% used [0x000000071f200000,0x000000071f7f9278,0x000000071f800000)
  to   space 8192K, 0% used [0x000000071e800000,0x000000071e800000,0x000000071f000000)
 ParOldGen       total 354304K, used 286565K [0x00000005c1000000, 0x00000005d6a00000, 0x0000000715b00000)
  object space 354304K, 80% used [0x00000005c1000000,0x00000005d27d9450,0x00000005d6a00000)
 Metaspace       used 13230K, capacity 13417K, committed 13696K, reserved 1062912K
  class space    used 1028K, capacity 1097K, committed 1152K, reserved 1048576K
Event: 111.305 GC heap after
Heap after GC invocations=492 (full 3):
 PSYoungGen      total 132608K, used 8164K [0x0000000715b00000, 0x000000071f280000, 0x00000007c0000000)
  eden space 124416K, 0% used [0x0000000715b00000,0x0000000715b00000,0x000000071d480000)
  from space 8192K, 99% used [0x000000071e800000,0x000000071eff9278,0x000000071f000000)
  to   space 2560K, 0% used [0x000000071f000000,0x000000071f000000,0x000000071f280000)
 ParOldGen       total 354304K, used 293093K [0x00000005c1000000, 0x00000005d6a00000, 0x0000000715b00000)
  object space 354304K, 82% used [0x00000005c1000000,0x00000005d2e39450,0x00000005d6a00000)
 Metaspace       used 13230K, capacity 13417K, committed 13696K, reserved 1062912K
  class space    used 1028K, capacity 1097K, committed 1152K, reserved 1048576K
}
Event: 111.862 GC heap before
{Heap before GC invocations=493 (full 3):
 PSYoungGen      total 132608K, used 132580K [0x0000000715b00000, 0x000000071f280000, 0x00000007c0000000)
  eden space 124416K, 100% used [0x0000000715b00000,0x000000071d480000,0x000000071d480000)
  from space 8192K, 99% used [0x000000071e800000,0x000000071eff9278,0x000000071f000000)
  to   space 2560K, 0% used [0x000000071f000000,0x000000071f000000,0x000000071f280000)
 ParOldGen       total 354304K, used 293093K [0x00000005c1000000, 0x00000005d6a00000, 0x0000000715b00000)
  object space 354304K, 82% used [0x00000005c1000000,0x00000005d2e39450,0x00000005d6a00000)
 Metaspace       used 13230K, capacity 13417K, committed 13696K, reserved 1062912K
  class space    used 1028K, capacity 1097K, committed 1152K, reserved 1048576K
Event: 111.866 GC heap after
Heap after GC invocations=493 (full 3):
 PSYoungGen      total 124416K, used 2532K [0x0000000715b00000, 0x000000071f280000, 0x00000007c0000000)
  eden space 121856K, 0% used [0x0000000715b00000,0x0000000715b00000,0x000000071d200000)
  from space 2560K, 98% used [0x000000071f000000,0x000000071f279278,0x000000071f280000)
  to   space 14848K, 0% used [0x000000071d580000,0x000000071d580000,0x000000071e400000)
 ParOldGen       total 354304K, used 305573K [0x00000005c1000000, 0x00000005d6a00000, 0x0000000715b00000)
  object space 354304K, 86% used [0x00000005c1000000,0x00000005d3a69450,0x00000005d6a00000)
 Metaspace       used 13230K, capacity 13417K, committed 13696K, reserved 1062912K
  class space    used 1028K, capacity 1097K, committed 1152K, reserved 1048576K
}
Event: 112.283 GC heap before
{Heap before GC invocations=494 (full 3):
 PSYoungGen      total 124416K, used 124388K [0x0000000715b00000, 0x000000071f280000, 0x00000007c0000000)
  eden space 121856K, 100% used [0x0000000715b00000,0x000000071d200000,0x000000071d200000)
  from space 2560K, 98% used [0x000000071f000000,0x000000071f279278,0x000000071f280000)
  to   space 14848K, 0% used [0x000000071d580000,0x000000071d580000,0x000000071e400000)
 ParOldGen       total 354304K, used 305573K [0x00000005c1000000, 0x00000005d6a00000, 0x0000000715b00000)
  object space 354304K, 86% used [0x00000005c1000000,0x00000005d3a69450,0x00000005d6a00000)
 Metaspace       used 13230K, capacity 13417K, committed 13696K, reserved 1062912K
  class space    used 1028K, capacity 1097K, committed 1152K, reserved 1048576K
Event: 112.285 GC heap after
Heap after GC invocations=494 (full 3):
 PSYoungGen      total 123392K, used 3876K [0x0000000715b00000, 0x000000071f080000, 0x00000007c0000000)
  eden space 119296K, 0% used [0x0000000715b00000,0x0000000715b00000,0x000000071cf80000)
  from space 4096K, 94% used [0x000000071d580000,0x000000071d949278,0x000000071d980000)
  to   space 14336K, 0% used [0x000000071e280000,0x000000071e280000,0x000000071f080000)
 ParOldGen       total 354304K, used 308077K [0x00000005c1000000, 0x00000005d6a00000, 0x0000000715b00000)
  object space 354304K, 86% used [0x00000005c1000000,0x00000005d3cdb450,0x00000005d6a00000)
 Metaspace       used 13230K, capacity 13417K, committed 13696K, reserved 1062912K
  class space    used 1028K, capacity 1097K, committed 1152K, reserved 1048576K
}
Event: 112.634 GC heap before
{Heap before GC invocations=495 (full 3):
 PSYoungGen      total 123392K, used 123172K [0x0000000715b00000, 0x000000071f080000, 0x00000007c0000000)
  eden space 119296K, 100% used [0x0000000715b00000,0x000000071cf80000,0x000000071cf80000)
  from space 4096K, 94% used [0x000000071d580000,0x000000071d949278,0x000000071d980000)
  to   space 14336K, 0% used [0x000000071e280000,0x000000071e280000,0x000000071f080000)
 ParOldGen       total 354304K, used 308077K [0x00000005c1000000, 0x00000005d6a00000, 0x0000000715b00000)
  object space 354304K, 86% used [0x00000005c1000000,0x00000005d3cdb450,0x00000005d6a00000)
 Metaspace       used 13230K, capacity 13417K, committed 13696K, reserved 1062912K
  class space    used 1028K, capacity 1097K, committed 1152K, reserved 1048576K
Event: 112.637 GC heap after
Heap after GC invocations=495 (full 3):
 PSYoungGen      total 122368K, used 3945K [0x0000000715b00000, 0x000000071e800000, 0x00000007c0000000)
  eden space 116736K, 0% used [0x0000000715b00000,0x0000000715b00000,0x000000071cd00000)
  from space 5632K, 70% used [0x000000071e280000,0x000000071e65a5c8,0x000000071e800000)
  to   space 13824K, 0% used [0x000000071cd00000,0x000000071cd00000,0x000000071da80000)
 ParOldGen       total 354304K, used 311733K [0x00000005c1000000, 0x00000005d6a00000, 0x0000000715b00000)
  object space 354304K, 87% used [0x00000005c1000000,0x00000005d406d450,0x00000005d6a00000)
 Metaspace       used 13230K, capacity 13417K, committed 13696K, reserved 1062912K
  class space    used 1028K, capacity 1097K, committed 1152K, reserved 1048576K
}

