# JRE version: Java(TM) SE Runtime Environment (8.0_231-b11) (build 1.8.0_231-b11)
# Java VM: Java HotSpot(TM) 64-Bit Server VM (25.231-b11 mixed mode windows-amd64 compressed oops)
Heap:
 PSYoungGen      total 48640K, used 7170K [0x0000000715b00000, 0x0000000718d80000, 0x00000007c0000000)
  eden space 46592K, 13% used [0x0000000715b00000,0x00000007161074e8,0x0000000718880000)
  from space 2048K, 48% used [0x0000000718b80000,0x0000000718c796d8,0x0000000718d80000)
  to   space 2560K, 0% used [0x0000000718880000,0x0000000718880000,0x0000000718b00000)
 ParOldGen       total 349696K, used 126825K [0x00000005c1000000, 0x00000005d6580000, 0x0000000715b00000)
  object space 349696K, 36% used [0x00000005c1000000,0x00000005c8bda438,0x00000005d6580000)
 Metaspace       used 13579K, capacity 13779K, committed 13952K, reserved 1062912K
  class space    used 1039K, capacity 1132K, committed 1152K, reserved 1048576K
GC Heap History (10 events):
Event: 22.210 GC heap before
{Heap before GC invocations=76 (full 0):
 PSYoungGen      total 50688K, used 50308K [0x0000000715b00000, 0x0000000719000000, 0x00000007c0000000)
  eden space 49152K, 100% used [0x0000000715b00000,0x0000000718b00000,0x0000000718b00000)
  from space 1536K, 75% used [0x0000000718b80000,0x0000000718ca1278,0x0000000718d00000)
  to   space 2560K, 0% used [0x0000000718d80000,0x0000000718d80000,0x0000000719000000)
 ParOldGen       total 349696K, used 122925K [0x00000005c1000000, 0x00000005d6580000, 0x0000000715b00000)
  object space 349696K, 35% used [0x00000005c1000000,0x00000005c880b7a0,0x00000005d6580000)
 Metaspace       used 13579K, capacity 13779K, committed 13952K, reserved 1062912K
  class space    used 1039K, capacity 1132K, committed 1152K, reserved 1048576K
Event: 22.211 GC heap after
Heap after GC invocations=76 (full 0):
 PSYoungGen      total 50688K, used 1371K [0x0000000715b00000, 0x0000000718f80000, 0x00000007c0000000)
  eden space 48640K, 0% used [0x0000000715b00000,0x0000000715b00000,0x0000000718a80000)
  from space 2048K, 66% used [0x0000000718d80000,0x0000000718ed6e20,0x0000000718f80000)
  to   space 2560K, 0% used [0x0000000718a80000,0x0000000718a80000,0x0000000718d00000)
 ParOldGen       total 349696K, used 123917K [0x00000005c1000000, 0x00000005d6580000, 0x0000000715b00000)
  object space 349696K, 35% used [0x00000005c1000000,0x00000005c89037a0,0x00000005d6580000)
 Metaspace       used 13579K, capacity 13779K, committed 13952K, reserved 1062912K
  class space    used 1039K, capacity 1132K, committed 1152K, reserved 1048576K
}
Event: 22.312 GC heap before
{Heap before GC invocations=77 (full 0):
 PSYoungGen      total 50688K, used 50011K [0x0000000715b00000, 0x0000000718f80000, 0x00000007c0000000)
  eden space 48640K, 100% used [0x0000000715b00000,0x0000000718a80000,0x0000000718a80000)
  from space 2048K, 66% used [0x0000000718d80000,0x0000000718ed6e20,0x0000000718f80000)
  to   space 2560K, 0% used [0x0000000718a80000,0x0000000718a80000,0x0000000718d00000)
 ParOldGen       total 349696K, used 123917K [0x00000005c1000000, 0x00000005d6580000, 0x0000000715b00000)
  object space 349696K, 35% used [0x00000005c1000000,0x00000005c89037a0,0x00000005d6580000)
 Metaspace       used 13579K, capacity 13779K, committed 13952K, reserved 1062912K
  class space    used 1039K, capacity 1132K, committed 1152K, reserved 1048576K
Event: 22.313 GC heap after
Heap after GC invocations=77 (full 0):
 PSYoungGen      total 49152K, used 1017K [0x0000000715b00000, 0x0000000718f00000, 0x00000007c0000000)
  eden space 48128K, 0% used [0x0000000715b00000,0x0000000715b00000,0x0000000718a00000)
  from space 1024K, 99% used [0x0000000718a80000,0x0000000718b7e448,0x0000000718b80000)
  to   space 2560K, 0% used [0x0000000718c80000,0x0000000718c80000,0x0000000718f00000)
 ParOldGen       total 349696K, used 124917K [0x00000005c1000000, 0x00000005d6580000, 0x0000000715b00000)
  object space 349696K, 35% used [0x00000005c1000000,0x00000005c89fd7a0,0x00000005d6580000)
 Metaspace       used 13579K, capacity 13779K, committed 13952K, reserved 1062912K
  class space    used 1039K, capacity 1132K, committed 1152K, reserved 1048576K
}
Event: 22.404 GC heap before
{Heap before GC invocations=78 (full 0):
 PSYoungGen      total 49152K, used 49145K [0x0000000715b00000, 0x0000000718f00000, 0x00000007c0000000)
  eden space 48128K, 100% used [0x0000000715b00000,0x0000000718a00000,0x0000000718a00000)
  from space 1024K, 99% used [0x0000000718a80000,0x0000000718b7e448,0x0000000718b80000)
  to   space 2560K, 0% used [0x0000000718c80000,0x0000000718c80000,0x0000000718f00000)
 ParOldGen       total 349696K, used 124917K [0x00000005c1000000, 0x00000005d6580000, 0x0000000715b00000)
  object space 349696K, 35% used [0x00000005c1000000,0x00000005c89fd7a0,0x00000005d6580000)
 Metaspace       used 13579K, capacity 13779K, committed 13952K, reserved 1062912K
  class space    used 1039K, capacity 1132K, committed 1152K, reserved 1048576K
Event: 22.405 GC heap after
Heap after GC invocations=78 (full 0):
 PSYoungGen      total 49664K, used 712K [0x0000000715b00000, 0x0000000718e80000, 0x00000007c0000000)
  eden space 47616K, 0% used [0x0000000715b00000,0x0000000715b00000,0x0000000718980000)
  from space 2048K, 34% used [0x0000000718c80000,0x0000000718d32228,0x0000000718e80000)
  to   space 2560K, 0% used [0x0000000718980000,0x0000000718980000,0x0000000718c00000)
 ParOldGen       total 349696K, used 125353K [0x00000005c1000000, 0x00000005d6580000, 0x0000000715b00000)
  object space 349696K, 35% used [0x00000005c1000000,0x00000005c8a6a438,0x00000005d6580000)
 Metaspace       used 13579K, capacity 13779K, committed 13952K, reserved 1062912K
  class space    used 1039K, capacity 1132K, committed 1152K, reserved 1048576K
}
Event: 22.530 GC heap before
{Heap before GC invocations=79 (full 0):
 PSYoungGen      total 49664K, used 48328K [0x0000000715b00000, 0x0000000718e80000, 0x00000007c0000000)
  eden space 47616K, 100% used [0x0000000715b00000,0x0000000718980000,0x0000000718980000)
  from space 2048K, 34% used [0x0000000718c80000,0x0000000718d32228,0x0000000718e80000)
  to   space 2560K, 0% used [0x0000000718980000,0x0000000718980000,0x0000000718c00000)
 ParOldGen       total 349696K, used 125353K [0x00000005c1000000, 0x00000005d6580000, 0x0000000715b00000)
  object space 349696K, 35% used [0x00000005c1000000,0x00000005c8a6a438,0x00000005d6580000)
 Metaspace       used 13579K, capacity 13779K, committed 13952K, reserved 1062912K
  class space    used 1039K, capacity 1132K, committed 1152K, reserved 1048576K
Event: 22.530 GC heap after
Heap after GC invocations=79 (full 0):
 PSYoungGen      total 48640K, used 1414K [0x0000000715b00000, 0x0000000718e00000, 0x00000007c0000000)
  eden space 47104K, 0% used [0x0000000715b00000,0x0000000715b00000,0x0000000718900000)
  from space 1536K, 92% used [0x0000000718980000,0x0000000718ae18e8,0x0000000718b00000)
  to   space 2560K, 0% used [0x0000000718b80000,0x0000000718b80000,0x0000000718e00000)
 ParOldGen       total 349696K, used 125745K [0x00000005c1000000, 0x00000005d6580000, 0x0000000715b00000)
  object space 349696K, 35% used [0x00000005c1000000,0x00000005c8acc438,0x00000005d6580000)
 Metaspace       used 13579K, capacity 13779K, committed 13952K, reserved 1062912K
  class space    used 1039K, capacity 1132K, committed 1152K, reserved 1048576K
}
Event: 22.626 GC heap before
{Heap before GC invocations=80 (full 0):
 PSYoungGen      total 48640K, used 48516K [0x0000000715b00000, 0x0000000718e00000, 0x00000007c0000000)
  eden space 47104K, 99% used [0x0000000715b00000,0x00000007188ffa88,0x0000000718900000)
  from space 1536K, 92% used [0x0000000718980000,0x0000000718ae18e8,0x0000000718b00000)
  to   space 2560K, 0% used [0x0000000718b80000,0x0000000718b80000,0x0000000718e00000)
 ParOldGen       total 349696K, used 125745K [0x00000005c1000000, 0x00000005d6580000, 0x0000000715b00000)
  object space 349696K, 35% used [0x00000005c1000000,0x00000005c8acc438,0x00000005d6580000)
 Metaspace       used 13579K, capacity 13779K, committed 13952K, reserved 1062912K
  class space    used 1039K, capacity 1132K, committed 1152K, reserved 1048576K
Event: 22.626 GC heap after
Heap after GC invocations=80 (full 0):
 PSYoungGen      total 48640K, used 997K [0x0000000715b00000, 0x0000000718d80000, 0x00000007c0000000)
  eden space 46592K, 0% used [0x0000000715b00000,0x0000000715b00000,0x0000000718880000)
  from space 2048K, 48% used [0x0000000718b80000,0x0000000718c796d8,0x0000000718d80000)
  to   space 2560K, 0% used [0x0000000718880000,0x0000000718880000,0x0000000718b00000)
 ParOldGen       total 349696K, used 126825K [0x00000005c1000000, 0x00000005d6580000, 0x0000000715b00000)
  object space 349696K, 36% used [0x00000005c1000000,0x00000005c8bda438,0x00000005d6580000)
 Metaspace       used 13579K, capacity 13779K, committed 13952K, reserved 1062912K
  class space    used 1039K, capacity 1132K, committed 1152K, reserved 1048576K
}

