# JRE version: Java(TM) SE Runtime Environment (8.0_251-b08) (build 1.8.0_251-b08)
# Java VM: Java HotSpot(TM) 64-Bit Server VM (25.251-b08 mixed mode windows-amd64 compressed oops)
Heap:
 PSYoungGen      total 1065472K, used 172159K [0x0000000715b00000, 0x0000000771480000, 0x00000007c0000000)
  eden space 732160K, 20% used [0x0000000715b00000,0x000000071f06fe30,0x0000000742600000)
  from space 333312K, 5% used [0x0000000742600000,0x00000007438b0148,0x0000000756b80000)
  to   space 323584K, 0% used [0x000000075d880000,0x000000075d880000,0x0000000771480000)
 ParOldGen       total 1178624K, used 658708K [0x00000005c1000000, 0x0000000608f00000, 0x0000000715b00000)
  object space 1178624K, 55% used [0x00000005c1000000,0x00000005e93451a0,0x0000000608f00000)
 Metaspace       used 13459K, capacity 13729K, committed 14080K, reserved 1062912K
  class space    used 1051K, capacity 1161K, committed 1280K, reserved 1048576K
GC Heap History (10 events):
Event: 4.509 GC heap before
{Heap before GC invocations=11 (full 2):
 PSYoungGen      total 816640K, used 17863K [0x0000000715b00000, 0x0000000767280000, 0x00000007c0000000)
  eden space 479744K, 0% used [0x0000000715b00000,0x0000000715b00000,0x0000000732f80000)
  from space 336896K, 5% used [0x0000000732f80000,0x00000007340f1ff8,0x0000000747880000)
  to   space 339968K, 0% used [0x0000000752680000,0x0000000752680000,0x0000000767280000)
 ParOldGen       total 649728K, used 648418K [0x00000005c1000000, 0x00000005e8a80000, 0x0000000715b00000)
  object space 649728K, 99% used [0x00000005c1000000,0x00000005e8938bc0,0x00000005e8a80000)
 Metaspace       used 13458K, capacity 13729K, committed 14080K, reserved 1062912K
  class space    used 1050K, capacity 1161K, committed 1280K, reserved 1048576K
Event: 4.927 GC heap after
Heap after GC invocations=11 (full 2):
 PSYoungGen      total 816640K, used 8942K [0x0000000715b00000, 0x0000000767280000, 0x00000007c0000000)
  eden space 479744K, 0% used [0x0000000715b00000,0x0000000715b00000,0x0000000732f80000)
  from space 336896K, 2% used [0x0000000732f80000,0x000000073383bad0,0x0000000747880000)
  to   space 339968K, 0% used [0x0000000752680000,0x0000000752680000,0x0000000767280000)
 ParOldGen       total 1178624K, used 649628K [0x00000005c1000000, 0x0000000608f00000, 0x0000000715b00000)
  object space 1178624K, 55% used [0x00000005c1000000,0x00000005e8a671a0,0x0000000608f00000)
 Metaspace       used 13458K, capacity 13729K, committed 14080K, reserved 1062912K
  class space    used 1050K, capacity 1161K, committed 1280K, reserved 1048576K
}
Event: 5.319 GC heap before
{Heap before GC invocations=12 (full 2):
 PSYoungGen      total 816640K, used 488686K [0x0000000715b00000, 0x0000000767280000, 0x00000007c0000000)
  eden space 479744K, 100% used [0x0000000715b00000,0x0000000732f80000,0x0000000732f80000)
  from space 336896K, 2% used [0x0000000732f80000,0x000000073383bad0,0x0000000747880000)
  to   space 339968K, 0% used [0x0000000752680000,0x0000000752680000,0x0000000767280000)
 ParOldGen       total 1178624K, used 649628K [0x00000005c1000000, 0x0000000608f00000, 0x0000000715b00000)
  object space 1178624K, 55% used [0x00000005c1000000,0x00000005e8a671a0,0x0000000608f00000)
 Metaspace       used 13459K, capacity 13729K, committed 14080K, reserved 1062912K
  class space    used 1051K, capacity 1161K, committed 1280K, reserved 1048576K
Event: 5.347 GC heap after
Heap after GC invocations=12 (full 2):
 PSYoungGen      total 907776K, used 13843K [0x0000000715b00000, 0x0000000764800000, 0x00000007c0000000)
  eden space 611328K, 0% used [0x0000000715b00000,0x0000000715b00000,0x000000073b000000)
  from space 296448K, 4% used [0x0000000752680000,0x0000000753404de8,0x0000000764800000)
  to   space 339968K, 0% used [0x000000073b000000,0x000000073b000000,0x000000074fc00000)
 ParOldGen       total 1178624K, used 658708K [0x00000005c1000000, 0x0000000608f00000, 0x0000000715b00000)
  object space 1178624K, 55% used [0x00000005c1000000,0x00000005e93451a0,0x0000000608f00000)
 Metaspace       used 13459K, capacity 13729K, committed 14080K, reserved 1062912K
  class space    used 1051K, capacity 1161K, committed 1280K, reserved 1048576K
}
Event: 5.874 GC heap before
{Heap before GC invocations=13 (full 2):
 PSYoungGen      total 907776K, used 625171K [0x0000000715b00000, 0x0000000764800000, 0x00000007c0000000)
  eden space 611328K, 100% used [0x0000000715b00000,0x000000073b000000,0x000000073b000000)
  from space 296448K, 4% used [0x0000000752680000,0x0000000753404de8,0x0000000764800000)
  to   space 339968K, 0% used [0x000000073b000000,0x000000073b000000,0x000000074fc00000)
 ParOldGen       total 1178624K, used 658708K [0x00000005c1000000, 0x0000000608f00000, 0x0000000715b00000)
  object space 1178624K, 55% used [0x00000005c1000000,0x00000005e93451a0,0x0000000608f00000)
 Metaspace       used 13459K, capacity 13729K, committed 14080K, reserved 1062912K
  class space    used 1051K, capacity 1161K, committed 1280K, reserved 1048576K
Event: 5.877 GC heap after
Heap after GC invocations=13 (full 2):
 PSYoungGen      total 951296K, used 4529K [0x0000000715b00000, 0x000000076d000000, 0x00000007c0000000)
  eden space 611328K, 0% used [0x0000000715b00000,0x0000000715b00000,0x000000073b000000)
  from space 339968K, 1% used [0x000000073b000000,0x000000073b46c580,0x000000074fc00000)
  to   space 337920K, 0% used [0x0000000758600000,0x0000000758600000,0x000000076d000000)
 ParOldGen       total 1178624K, used 658708K [0x00000005c1000000, 0x0000000608f00000, 0x0000000715b00000)
  object space 1178624K, 55% used [0x00000005c1000000,0x00000005e93451a0,0x0000000608f00000)
 Metaspace       used 13459K, capacity 13729K, committed 14080K, reserved 1062912K
  class space    used 1051K, capacity 1161K, committed 1280K, reserved 1048576K
}
Event: 6.179 GC heap before
{Heap before GC invocations=14 (full 2):
 PSYoungGen      total 951296K, used 615857K [0x0000000715b00000, 0x000000076d000000, 0x00000007c0000000)
  eden space 611328K, 100% used [0x0000000715b00000,0x000000073b000000,0x000000073b000000)
  from space 339968K, 1% used [0x000000073b000000,0x000000073b46c580,0x000000074fc00000)
  to   space 337920K, 0% used [0x0000000758600000,0x0000000758600000,0x000000076d000000)
 ParOldGen       total 1178624K, used 658708K [0x00000005c1000000, 0x0000000608f00000, 0x0000000715b00000)
  object space 1178624K, 55% used [0x00000005c1000000,0x00000005e93451a0,0x0000000608f00000)
 Metaspace       used 13459K, capacity 13729K, committed 14080K, reserved 1062912K
  class space    used 1051K, capacity 1161K, committed 1280K, reserved 1048576K
Event: 6.181 GC heap after
Heap after GC invocations=14 (full 2):
 PSYoungGen      total 1038336K, used 1549K [0x0000000715b00000, 0x000000076b100000, 0x00000007c0000000)
  eden space 732160K, 0% used [0x0000000715b00000,0x0000000715b00000,0x0000000742600000)
  from space 306176K, 0% used [0x0000000758600000,0x0000000758783518,0x000000076b100000)
  to   space 333312K, 0% used [0x0000000742600000,0x0000000742600000,0x0000000756b80000)
 ParOldGen       total 1178624K, used 658708K [0x00000005c1000000, 0x0000000608f00000, 0x0000000715b00000)
  object space 1178624K, 55% used [0x00000005c1000000,0x00000005e93451a0,0x0000000608f00000)
 Metaspace       used 13459K, capacity 13729K, committed 14080K, reserved 1062912K
  class space    used 1051K, capacity 1161K, committed 1280K, reserved 1048576K
}
Event: 6.799 GC heap before
{Heap before GC invocations=15 (full 2):
 PSYoungGen      total 1038336K, used 733709K [0x0000000715b00000, 0x000000076b100000, 0x00000007c0000000)
  eden space 732160K, 100% used [0x0000000715b00000,0x0000000742600000,0x0000000742600000)
  from space 306176K, 0% used [0x0000000758600000,0x0000000758783518,0x000000076b100000)
  to   space 333312K, 0% used [0x0000000742600000,0x0000000742600000,0x0000000756b80000)
 ParOldGen       total 1178624K, used 658708K [0x00000005c1000000, 0x0000000608f00000, 0x0000000715b00000)
  object space 1178624K, 55% used [0x00000005c1000000,0x00000005e93451a0,0x0000000608f00000)
 Metaspace       used 13459K, capacity 13729K, committed 14080K, reserved 1062912K
  class space    used 1051K, capacity 1161K, committed 1280K, reserved 1048576K
Event: 6.804 GC heap after
Heap after GC invocations=15 (full 2):
 PSYoungGen      total 1065472K, used 19136K [0x0000000715b00000, 0x0000000771480000, 0x00000007c0000000)
  eden space 732160K, 0% used [0x0000000715b00000,0x0000000715b00000,0x0000000742600000)
  from space 333312K, 5% used [0x0000000742600000,0x00000007438b0148,0x0000000756b80000)
  to   space 323584K, 0% used [0x000000075d880000,0x000000075d880000,0x0000000771480000)
 ParOldGen       total 1178624K, used 658708K [0x00000005c1000000, 0x0000000608f00000, 0x0000000715b00000)
  object space 1178624K, 55% used [0x00000005c1000000,0x00000005e93451a0,0x0000000608f00000)
 Metaspace       used 13459K, capacity 13729K, committed 14080K, reserved 1062912K
  class space    used 1051K, capacity 1161K, committed 1280K, reserved 1048576K
}

