# JRE version: Java(TM) SE Runtime Environment (8.0_251-b08) (build 1.8.0_251-b08)
# Java VM: Java HotSpot(TM) 64-Bit Server VM (25.251-b08 mixed mode windows-amd64 compressed oops)
Heap:
 PSYoungGen      total 87552K, used 64350K [0x0000000715b00000, 0x000000071b400000, 0x00000007c0000000)
  eden space 85504K, 72% used [0x0000000715b00000,0x00000007197de5a8,0x000000071ae80000)
  from space 2048K, 98% used [0x000000071b100000,0x000000071b2f9278,0x000000071b300000)
  to   space 2560K, 0% used [0x000000071ae80000,0x000000071ae80000,0x000000071b100000)
 ParOldGen       total 349696K, used 229270K [0x00000005c1000000, 0x00000005d6580000, 0x0000000715b00000)
  object space 349696K, 65% used [0x00000005c1000000,0x00000005cefe5b50,0x00000005d6580000)
 Metaspace       used 13202K, capacity 13417K, committed 13696K, reserved 1062912K
  class space    used 1031K, capacity 1097K, committed 1152K, reserved 1048576K
GC Heap History (10 events):
Event: 39.671 GC heap before
{Heap before GC invocations=218 (full 0):
 PSYoungGen      total 51200K, used 51195K [0x0000000715b00000, 0x0000000719a00000, 0x00000007c0000000)
  eden space 49152K, 100% used [0x0000000715b00000,0x0000000718b00000,0x0000000718b00000)
  from space 2048K, 99% used [0x0000000718b00000,0x0000000718cfee20,0x0000000718d00000)
  to   space 2560K, 0% used [0x0000000719780000,0x0000000719780000,0x0000000719a00000)
 ParOldGen       total 349696K, used 223894K [0x00000005c1000000, 0x00000005d6580000, 0x0000000715b00000)
  object space 349696K, 64% used [0x00000005c1000000,0x00000005ceaa5b50,0x00000005d6580000)
 Metaspace       used 13202K, capacity 13417K, committed 13696K, reserved 1062912K
  class space    used 1031K, capacity 1097K, committed 1152K, reserved 1048576K
Event: 39.672 GC heap after
Heap after GC invocations=218 (full 0):
 PSYoungGen      total 61952K, used 1392K [0x0000000715b00000, 0x0000000719a00000, 0x00000007c0000000)
  eden space 59392K, 0% used [0x0000000715b00000,0x0000000715b00000,0x0000000719500000)
  from space 2560K, 54% used [0x0000000719780000,0x00000007198dc118,0x0000000719a00000)
  to   space 2560K, 0% used [0x0000000719500000,0x0000000719500000,0x0000000719780000)
 ParOldGen       total 349696K, used 225646K [0x00000005c1000000, 0x00000005d6580000, 0x0000000715b00000)
  object space 349696K, 64% used [0x00000005c1000000,0x00000005cec5bb50,0x00000005d6580000)
 Metaspace       used 13202K, capacity 13417K, committed 13696K, reserved 1062912K
  class space    used 1031K, capacity 1097K, committed 1152K, reserved 1048576K
}
Event: 39.816 GC heap before
{Heap before GC invocations=219 (full 0):
 PSYoungGen      total 61952K, used 60784K [0x0000000715b00000, 0x0000000719a00000, 0x00000007c0000000)
  eden space 59392K, 100% used [0x0000000715b00000,0x0000000719500000,0x0000000719500000)
  from space 2560K, 54% used [0x0000000719780000,0x00000007198dc118,0x0000000719a00000)
  to   space 2560K, 0% used [0x0000000719500000,0x0000000719500000,0x0000000719780000)
 ParOldGen       total 349696K, used 225646K [0x00000005c1000000, 0x00000005d6580000, 0x0000000715b00000)
  object space 349696K, 64% used [0x00000005c1000000,0x00000005cec5bb50,0x00000005d6580000)
 Metaspace       used 13202K, capacity 13417K, committed 13696K, reserved 1062912K
  class space    used 1031K, capacity 1097K, committed 1152K, reserved 1048576K
Event: 39.817 GC heap after
Heap after GC invocations=219 (full 0):
 PSYoungGen      total 61952K, used 1124K [0x0000000715b00000, 0x000000071a500000, 0x00000007c0000000)
  eden space 59392K, 0% used [0x0000000715b00000,0x0000000715b00000,0x0000000719500000)
  from space 2560K, 43% used [0x0000000719500000,0x0000000719619278,0x0000000719780000)
  to   space 2048K, 0% used [0x000000071a300000,0x000000071a300000,0x000000071a500000)
 ParOldGen       total 349696K, used 226734K [0x00000005c1000000, 0x00000005d6580000, 0x0000000715b00000)
  object space 349696K, 64% used [0x00000005c1000000,0x00000005ced6bb50,0x00000005d6580000)
 Metaspace       used 13202K, capacity 13417K, committed 13696K, reserved 1062912K
  class space    used 1031K, capacity 1097K, committed 1152K, reserved 1048576K
}
Event: 39.948 GC heap before
{Heap before GC invocations=220 (full 0):
 PSYoungGen      total 61952K, used 60516K [0x0000000715b00000, 0x000000071a500000, 0x00000007c0000000)
  eden space 59392K, 100% used [0x0000000715b00000,0x0000000719500000,0x0000000719500000)
  from space 2560K, 43% used [0x0000000719500000,0x0000000719619278,0x0000000719780000)
  to   space 2048K, 0% used [0x000000071a300000,0x000000071a300000,0x000000071a500000)
 ParOldGen       total 349696K, used 226734K [0x00000005c1000000, 0x00000005d6580000, 0x0000000715b00000)
  object space 349696K, 64% used [0x00000005c1000000,0x00000005ced6bb50,0x00000005d6580000)
 Metaspace       used 13202K, capacity 13417K, committed 13696K, reserved 1062912K
  class space    used 1031K, capacity 1097K, committed 1152K, reserved 1048576K
Event: 39.949 GC heap after
Heap after GC invocations=220 (full 0):
 PSYoungGen      total 73728K, used 1243K [0x0000000715b00000, 0x000000071a500000, 0x00000007c0000000)
  eden space 71680K, 0% used [0x0000000715b00000,0x0000000715b00000,0x000000071a100000)
  from space 2048K, 60% used [0x000000071a300000,0x000000071a436e20,0x000000071a500000)
  to   space 2048K, 0% used [0x000000071a100000,0x000000071a100000,0x000000071a300000)
 ParOldGen       total 349696K, used 227630K [0x00000005c1000000, 0x00000005d6580000, 0x0000000715b00000)
  object space 349696K, 65% used [0x00000005c1000000,0x00000005cee4bb50,0x00000005d6580000)
 Metaspace       used 13202K, capacity 13417K, committed 13696K, reserved 1062912K
  class space    used 1031K, capacity 1097K, committed 1152K, reserved 1048576K
}
Event: 40.127 GC heap before
{Heap before GC invocations=221 (full 0):
 PSYoungGen      total 73728K, used 72923K [0x0000000715b00000, 0x000000071a500000, 0x00000007c0000000)
  eden space 71680K, 100% used [0x0000000715b00000,0x000000071a100000,0x000000071a100000)
  from space 2048K, 60% used [0x000000071a300000,0x000000071a436e20,0x000000071a500000)
  to   space 2048K, 0% used [0x000000071a100000,0x000000071a100000,0x000000071a300000)
 ParOldGen       total 349696K, used 227630K [0x00000005c1000000, 0x00000005d6580000, 0x0000000715b00000)
  object space 349696K, 65% used [0x00000005c1000000,0x00000005cee4bb50,0x00000005d6580000)
 Metaspace       used 13202K, capacity 13417K, committed 13696K, reserved 1062912K
  class space    used 1031K, capacity 1097K, committed 1152K, reserved 1048576K
Event: 40.128 GC heap after
Heap after GC invocations=221 (full 0):
 PSYoungGen      total 73728K, used 1124K [0x0000000715b00000, 0x000000071b300000, 0x00000007c0000000)
  eden space 71680K, 0% used [0x0000000715b00000,0x0000000715b00000,0x000000071a100000)
  from space 2048K, 54% used [0x000000071a100000,0x000000071a219278,0x000000071a300000)
  to   space 2048K, 0% used [0x000000071b100000,0x000000071b100000,0x000000071b300000)
 ParOldGen       total 349696K, used 228374K [0x00000005c1000000, 0x00000005d6580000, 0x0000000715b00000)
  object space 349696K, 65% used [0x00000005c1000000,0x00000005cef05b50,0x00000005d6580000)
 Metaspace       used 13202K, capacity 13417K, committed 13696K, reserved 1062912K
  class space    used 1031K, capacity 1097K, committed 1152K, reserved 1048576K
}
Event: 40.347 GC heap before
{Heap before GC invocations=222 (full 0):
 PSYoungGen      total 73728K, used 72804K [0x0000000715b00000, 0x000000071b300000, 0x00000007c0000000)
  eden space 71680K, 100% used [0x0000000715b00000,0x000000071a100000,0x000000071a100000)
  from space 2048K, 54% used [0x000000071a100000,0x000000071a219278,0x000000071a300000)
  to   space 2048K, 0% used [0x000000071b100000,0x000000071b100000,0x000000071b300000)
 ParOldGen       total 349696K, used 228374K [0x00000005c1000000, 0x00000005d6580000, 0x0000000715b00000)
  object space 349696K, 65% used [0x00000005c1000000,0x00000005cef05b50,0x00000005d6580000)
 Metaspace       used 13202K, capacity 13417K, committed 13696K, reserved 1062912K
  class space    used 1031K, capacity 1097K, committed 1152K, reserved 1048576K
Event: 40.348 GC heap after
Heap after GC invocations=222 (full 0):
 PSYoungGen      total 87552K, used 2020K [0x0000000715b00000, 0x000000071b400000, 0x00000007c0000000)
  eden space 85504K, 0% used [0x0000000715b00000,0x0000000715b00000,0x000000071ae80000)
  from space 2048K, 98% used [0x000000071b100000,0x000000071b2f9278,0x000000071b300000)
  to   space 2560K, 0% used [0x000000071ae80000,0x000000071ae80000,0x000000071b100000)
 ParOldGen       total 349696K, used 229270K [0x00000005c1000000, 0x00000005d6580000, 0x0000000715b00000)
  object space 349696K, 65% used [0x00000005c1000000,0x00000005cefe5b50,0x00000005d6580000)
 Metaspace       used 13202K, capacity 13417K, committed 13696K, reserved 1062912K
  class space    used 1031K, capacity 1097K, committed 1152K, reserved 1048576K
}

