# JRE version: Java(TM) SE Runtime Environment (8.0_251-b08) (build 1.8.0_251-b08)
# Java VM: Java HotSpot(TM) 64-Bit Server VM (25.251-b08 mixed mode windows-amd64 compressed oops)
Heap:
 PSYoungGen      total 725504K, used 388238K [0x0000000715b00000, 0x0000000757100000, 0x00000007c0000000)
  eden space 437760K, 40% used [0x0000000715b00000,0x0000000720a0bde0,0x0000000730680000)
  from space 287744K, 72% used [0x0000000742e80000,0x000000074fa97ab8,0x0000000754780000)
  to   space 303104K, 0% used [0x0000000730680000,0x0000000730680000,0x0000000742e80000)
 ParOldGen       total 976896K, used 458579K [0x00000005c1000000, 0x00000005fca00000, 0x0000000715b00000)
  object space 976896K, 46% used [0x00000005c1000000,0x00000005dcfd4fd0,0x00000005fca00000)
 Metaspace       used 13435K, capacity 13665K, committed 13824K, reserved 1062912K
  class space    used 1049K, capacity 1161K, committed 1280K, reserved 1048576K
GC Heap History (10 events):
Event: 2.687 GC heap before
{Heap before GC invocations=6 (full 1):
 PSYoungGen      total 284672K, used 263168K [0x0000000715b00000, 0x0000000728600000, 0x00000007c0000000)
  eden space 263168K, 100% used [0x0000000715b00000,0x0000000725c00000,0x0000000725c00000)
  from space 21504K, 0% used [0x0000000727100000,0x0000000727100000,0x0000000728600000)
  to   space 21504K, 0% used [0x0000000725c00000,0x0000000725c00000,0x0000000727100000)
 ParOldGen       total 591872K, used 261995K [0x00000005c1000000, 0x00000005e5200000, 0x0000000715b00000)
  object space 591872K, 44% used [0x00000005c1000000,0x00000005d0fdafc0,0x00000005e5200000)
 Metaspace       used 13369K, capacity 13601K, committed 13824K, reserved 1062912K
  class space    used 1049K, capacity 1161K, committed 1280K, reserved 1048576K
Event: 2.746 GC heap after
Heap after GC invocations=6 (full 1):
 PSYoungGen      total 284672K, used 21474K [0x0000000715b00000, 0x000000074d380000, 0x00000007c0000000)
  eden space 263168K, 0% used [0x0000000715b00000,0x0000000715b00000,0x0000000725c00000)
  from space 21504K, 99% used [0x0000000725c00000,0x00000007270f8818,0x0000000727100000)
  to   space 239616K, 0% used [0x000000073e980000,0x000000073e980000,0x000000074d380000)
 ParOldGen       total 591872K, used 440319K [0x00000005c1000000, 0x00000005e5200000, 0x0000000715b00000)
  object space 591872K, 74% used [0x00000005c1000000,0x00000005dbdffde0,0x00000005e5200000)
 Metaspace       used 13369K, capacity 13601K, committed 13824K, reserved 1062912K
  class space    used 1049K, capacity 1161K, committed 1280K, reserved 1048576K
}
Event: 2.746 GC heap before
{Heap before GC invocations=7 (full 2):
 PSYoungGen      total 284672K, used 21474K [0x0000000715b00000, 0x000000074d380000, 0x00000007c0000000)
  eden space 263168K, 0% used [0x0000000715b00000,0x0000000715b00000,0x0000000725c00000)
  from space 21504K, 99% used [0x0000000725c00000,0x00000007270f8818,0x0000000727100000)
  to   space 239616K, 0% used [0x000000073e980000,0x000000073e980000,0x000000074d380000)
 ParOldGen       total 591872K, used 440319K [0x00000005c1000000, 0x00000005e5200000, 0x0000000715b00000)
  object space 591872K, 74% used [0x00000005c1000000,0x00000005dbdffde0,0x00000005e5200000)
 Metaspace       used 13369K, capacity 13601K, committed 13824K, reserved 1062912K
  class space    used 1049K, capacity 1161K, committed 1280K, reserved 1048576K
Event: 2.978 GC heap after
Heap after GC invocations=7 (full 2):
 PSYoungGen      total 284672K, used 0K [0x0000000715b00000, 0x000000074d380000, 0x00000007c0000000)
  eden space 263168K, 0% used [0x0000000715b00000,0x0000000715b00000,0x0000000725c00000)
  from space 21504K, 0% used [0x0000000725c00000,0x0000000725c00000,0x0000000727100000)
  to   space 239616K, 0% used [0x000000073e980000,0x000000073e980000,0x000000074d380000)
 ParOldGen       total 976896K, used 458571K [0x00000005c1000000, 0x00000005fca00000, 0x0000000715b00000)
  object space 976896K, 46% used [0x00000005c1000000,0x00000005dcfd2fd0,0x00000005fca00000)
 Metaspace       used 13369K, capacity 13601K, committed 13824K, reserved 1062912K
  class space    used 1049K, capacity 1161K, committed 1280K, reserved 1048576K
}
Event: 3.324 GC heap before
{Heap before GC invocations=8 (full 2):
 PSYoungGen      total 284672K, used 263168K [0x0000000715b00000, 0x000000074d380000, 0x00000007c0000000)
  eden space 263168K, 100% used [0x0000000715b00000,0x0000000725c00000,0x0000000725c00000)
  from space 21504K, 0% used [0x0000000725c00000,0x0000000725c00000,0x0000000727100000)
  to   space 239616K, 0% used [0x000000073e980000,0x000000073e980000,0x000000074d380000)
 ParOldGen       total 976896K, used 458571K [0x00000005c1000000, 0x00000005fca00000, 0x0000000715b00000)
  object space 976896K, 46% used [0x00000005c1000000,0x00000005dcfd2fd0,0x00000005fca00000)
 Metaspace       used 13388K, capacity 13601K, committed 13824K, reserved 1062912K
  class space    used 1049K, capacity 1161K, committed 1280K, reserved 1048576K
Event: 3.378 GC heap after
Heap after GC invocations=8 (full 2):
 PSYoungGen      total 543232K, used 187595K [0x0000000715b00000, 0x000000074ae00000, 0x00000007c0000000)
  eden space 342016K, 0% used [0x0000000715b00000,0x0000000715b00000,0x000000072a900000)
  from space 201216K, 93% used [0x000000073e980000,0x000000074a0b2cf8,0x000000074ae00000)
  to   space 264704K, 0% used [0x000000072a900000,0x000000072a900000,0x000000073ab80000)
 ParOldGen       total 976896K, used 458571K [0x00000005c1000000, 0x00000005fca00000, 0x0000000715b00000)
  object space 976896K, 46% used [0x00000005c1000000,0x00000005dcfd2fd0,0x00000005fca00000)
 Metaspace       used 13388K, capacity 13601K, committed 13824K, reserved 1062912K
  class space    used 1049K, capacity 1161K, committed 1280K, reserved 1048576K
}
Event: 3.688 GC heap before
{Heap before GC invocations=9 (full 2):
 PSYoungGen      total 543232K, used 529611K [0x0000000715b00000, 0x000000074ae00000, 0x00000007c0000000)
  eden space 342016K, 100% used [0x0000000715b00000,0x000000072a900000,0x000000072a900000)
  from space 201216K, 93% used [0x000000073e980000,0x000000074a0b2cf8,0x000000074ae00000)
  to   space 264704K, 0% used [0x000000072a900000,0x000000072a900000,0x000000073ab80000)
 ParOldGen       total 976896K, used 458571K [0x00000005c1000000, 0x00000005fca00000, 0x0000000715b00000)
  object space 976896K, 46% used [0x00000005c1000000,0x00000005dcfd2fd0,0x00000005fca00000)
 Metaspace       used 13422K, capacity 13665K, committed 13824K, reserved 1062912K
  class space    used 1049K, capacity 1161K, committed 1280K, reserved 1048576K
Event: 3.736 GC heap after
Heap after GC invocations=9 (full 2):
 PSYoungGen      total 606720K, used 205473K [0x0000000715b00000, 0x0000000754780000, 0x00000007c0000000)
  eden space 342016K, 0% used [0x0000000715b00000,0x0000000715b00000,0x000000072a900000)
  from space 264704K, 77% used [0x000000072a900000,0x00000007371a87e8,0x000000073ab80000)
  to   space 287744K, 0% used [0x0000000742e80000,0x0000000742e80000,0x0000000754780000)
 ParOldGen       total 976896K, used 458579K [0x00000005c1000000, 0x00000005fca00000, 0x0000000715b00000)
  object space 976896K, 46% used [0x00000005c1000000,0x00000005dcfd4fd0,0x00000005fca00000)
 Metaspace       used 13422K, capacity 13665K, committed 13824K, reserved 1062912K
  class space    used 1049K, capacity 1161K, committed 1280K, reserved 1048576K
}
Event: 3.953 GC heap before
{Heap before GC invocations=10 (full 2):
 PSYoungGen      total 606720K, used 547489K [0x0000000715b00000, 0x0000000754780000, 0x00000007c0000000)
  eden space 342016K, 100% used [0x0000000715b00000,0x000000072a900000,0x000000072a900000)
  from space 264704K, 77% used [0x000000072a900000,0x00000007371a87e8,0x000000073ab80000)
  to   space 287744K, 0% used [0x0000000742e80000,0x0000000742e80000,0x0000000754780000)
 ParOldGen       total 976896K, used 458579K [0x00000005c1000000, 0x00000005fca00000, 0x0000000715b00000)
  object space 976896K, 46% used [0x00000005c1000000,0x00000005dcfd4fd0,0x00000005fca00000)
 Metaspace       used 13435K, capacity 13665K, committed 13824K, reserved 1062912K
  class space    used 1049K, capacity 1161K, committed 1280K, reserved 1048576K
Event: 3.996 GC heap after
Heap after GC invocations=10 (full 2):
 PSYoungGen      total 725504K, used 208990K [0x0000000715b00000, 0x0000000757100000, 0x00000007c0000000)
  eden space 437760K, 0% used [0x0000000715b00000,0x0000000715b00000,0x0000000730680000)
  from space 287744K, 72% used [0x0000000742e80000,0x000000074fa97ab8,0x0000000754780000)
  to   space 303104K, 0% used [0x0000000730680000,0x0000000730680000,0x0000000742e80000)
 ParOldGen       total 976896K, used 458579K [0x00000005c1000000, 0x00000005fca00000, 0x0000000715b00000)
  object space 976896K, 46% used [0x00000005c1000000,0x00000005dcfd4fd0,0x00000005fca00000)
 Metaspace       used 13435K, capacity 13665K, committed 13824K, reserved 1062912K
  class space    used 1049K, capacity 1161K, committed 1280K, reserved 1048576K
}

