# JRE version: Java(TM) SE Runtime Environment (8.0_251-b08) (build 1.8.0_251-b08)
# Java VM: Java HotSpot(TM) 64-Bit Server VM (25.251-b08 mixed mode windows-amd64 compressed oops)
Heap:
 PSYoungGen      total 229376K, used 176149K [0x0000000715b00000, 0x000000072e600000, 0x00000007c0000000)
  eden space 220672K, 76% used [0x0000000715b00000,0x000000071fedd6b0,0x0000000723280000)
  from space 8704K, 95% used [0x000000072b200000,0x000000072ba28000,0x000000072ba80000)
  to   space 30208K, 0% used [0x000000072c880000,0x000000072c880000,0x000000072e600000)
 ParOldGen       total 349696K, used 75801K [0x00000005c1000000, 0x00000005d6580000, 0x0000000715b00000)
  object space 349696K, 21% used [0x00000005c1000000,0x00000005c5a06798,0x00000005d6580000)
 Metaspace       used 13216K, capacity 13417K, committed 13696K, reserved 1062912K
  class space    used 1031K, capacity 1097K, committed 1152K, reserved 1048576K
GC Heap History (10 events):
Event: 4.740 GC heap before
{Heap before GC invocations=9 (full 0):
 PSYoungGen      total 279552K, used 265952K [0x0000000715b00000, 0x0000000728900000, 0x00000007c0000000)
  eden space 250880K, 100% used [0x0000000715b00000,0x0000000725000000,0x0000000725000000)
  from space 28672K, 52% used [0x0000000726d00000,0x0000000727bb8000,0x0000000728900000)
  to   space 29184K, 0% used [0x0000000725000000,0x0000000725000000,0x0000000726c80000)
 ParOldGen       total 349696K, used 21105K [0x00000005c1000000, 0x00000005d6580000, 0x0000000715b00000)
  object space 349696K, 6% used [0x00000005c1000000,0x00000005c249c668,0x00000005d6580000)
 Metaspace       used 13199K, capacity 13417K, committed 13696K, reserved 1062912K
  class space    used 1031K, capacity 1097K, committed 1152K, reserved 1048576K
Event: 4.745 GC heap after
Heap after GC invocations=9 (full 0):
 PSYoungGen      total 280064K, used 16608K [0x0000000715b00000, 0x0000000731a00000, 0x00000007c0000000)
  eden space 250880K, 0% used [0x0000000715b00000,0x0000000715b00000,0x0000000725000000)
  from space 29184K, 56% used [0x0000000725000000,0x0000000726038000,0x0000000726c80000)
  to   space 28160K, 0% used [0x000000072fe80000,0x000000072fe80000,0x0000000731a00000)
 ParOldGen       total 349696K, used 29577K [0x00000005c1000000, 0x00000005d6580000, 0x0000000715b00000)
  object space 349696K, 8% used [0x00000005c1000000,0x00000005c2ce2668,0x00000005d6580000)
 Metaspace       used 13199K, capacity 13417K, committed 13696K, reserved 1062912K
  class space    used 1031K, capacity 1097K, committed 1152K, reserved 1048576K
}
Event: 5.489 GC heap before
{Heap before GC invocations=10 (full 0):
 PSYoungGen      total 280064K, used 267488K [0x0000000715b00000, 0x0000000731a00000, 0x00000007c0000000)
  eden space 250880K, 100% used [0x0000000715b00000,0x0000000725000000,0x0000000725000000)
  from space 29184K, 56% used [0x0000000725000000,0x0000000726038000,0x0000000726c80000)
  to   space 28160K, 0% used [0x000000072fe80000,0x000000072fe80000,0x0000000731a00000)
 ParOldGen       total 349696K, used 29577K [0x00000005c1000000, 0x00000005d6580000, 0x0000000715b00000)
  object space 349696K, 8% used [0x00000005c1000000,0x00000005c2ce2668,0x00000005d6580000)
 Metaspace       used 13200K, capacity 13417K, committed 13696K, reserved 1062912K
  class space    used 1031K, capacity 1097K, committed 1152K, reserved 1048576K
Event: 5.494 GC heap after
Heap after GC invocations=10 (full 0):
 PSYoungGen      total 265216K, used 22528K [0x0000000715b00000, 0x0000000731480000, 0x00000007c0000000)
  eden space 242688K, 0% used [0x0000000715b00000,0x0000000715b00000,0x0000000724800000)
  from space 22528K, 100% used [0x000000072fe80000,0x0000000731480000,0x0000000731480000)
  to   space 29184K, 0% used [0x000000072db80000,0x000000072db80000,0x000000072f800000)
 ParOldGen       total 349696K, used 36129K [0x00000005c1000000, 0x00000005d6580000, 0x0000000715b00000)
  object space 349696K, 10% used [0x00000005c1000000,0x00000005c3348668,0x00000005d6580000)
 Metaspace       used 13200K, capacity 13417K, committed 13696K, reserved 1062912K
  class space    used 1031K, capacity 1097K, committed 1152K, reserved 1048576K
}
Event: 6.075 GC heap before
{Heap before GC invocations=11 (full 0):
 PSYoungGen      total 265216K, used 265216K [0x0000000715b00000, 0x0000000731480000, 0x00000007c0000000)
  eden space 242688K, 100% used [0x0000000715b00000,0x0000000724800000,0x0000000724800000)
  from space 22528K, 100% used [0x000000072fe80000,0x0000000731480000,0x0000000731480000)
  to   space 29184K, 0% used [0x000000072db80000,0x000000072db80000,0x000000072f800000)
 ParOldGen       total 349696K, used 36129K [0x00000005c1000000, 0x00000005d6580000, 0x0000000715b00000)
  object space 349696K, 10% used [0x00000005c1000000,0x00000005c3348668,0x00000005d6580000)
 Metaspace       used 13200K, capacity 13417K, committed 13696K, reserved 1062912K
  class space    used 1031K, capacity 1097K, committed 1152K, reserved 1048576K
Event: 6.082 GC heap after
Heap after GC invocations=11 (full 0):
 PSYoungGen      total 245248K, used 10152K [0x0000000715b00000, 0x000000072ff00000, 0x00000007c0000000)
  eden space 235008K, 0% used [0x0000000715b00000,0x0000000715b00000,0x0000000724080000)
  from space 10240K, 99% used [0x000000072db80000,0x000000072e56a1a8,0x000000072e580000)
  to   space 26112K, 0% used [0x000000072e580000,0x000000072e580000,0x000000072ff00000)
 ParOldGen       total 349696K, used 58609K [0x00000005c1000000, 0x00000005d6580000, 0x0000000715b00000)
  object space 349696K, 16% used [0x00000005c1000000,0x00000005c493c788,0x00000005d6580000)
 Metaspace       used 13200K, capacity 13417K, committed 13696K, reserved 1062912K
  class space    used 1031K, capacity 1097K, committed 1152K, reserved 1048576K
}
Event: 6.537 GC heap before
{Heap before GC invocations=12 (full 0):
 PSYoungGen      total 245248K, used 245160K [0x0000000715b00000, 0x000000072ff00000, 0x00000007c0000000)
  eden space 235008K, 100% used [0x0000000715b00000,0x0000000724080000,0x0000000724080000)
  from space 10240K, 99% used [0x000000072db80000,0x000000072e56a1a8,0x000000072e580000)
  to   space 26112K, 0% used [0x000000072e580000,0x000000072e580000,0x000000072ff00000)
 ParOldGen       total 349696K, used 58609K [0x00000005c1000000, 0x00000005d6580000, 0x0000000715b00000)
  object space 349696K, 16% used [0x00000005c1000000,0x00000005c493c788,0x00000005d6580000)
 Metaspace       used 13215K, capacity 13417K, committed 13696K, reserved 1062912K
  class space    used 1031K, capacity 1097K, committed 1152K, reserved 1048576K
Event: 6.541 GC heap after
Heap after GC invocations=12 (full 0):
 PSYoungGen      total 235520K, used 7584K [0x0000000715b00000, 0x000000072ed00000, 0x00000007c0000000)
  eden space 227840K, 0% used [0x0000000715b00000,0x0000000715b00000,0x0000000723980000)
  from space 7680K, 98% used [0x000000072e580000,0x000000072ece8000,0x000000072ed00000)
  to   space 30208K, 0% used [0x000000072b200000,0x000000072b200000,0x000000072cf80000)
 ParOldGen       total 349696K, used 68297K [0x00000005c1000000, 0x00000005d6580000, 0x0000000715b00000)
  object space 349696K, 19% used [0x00000005c1000000,0x00000005c52b2788,0x00000005d6580000)
 Metaspace       used 13215K, capacity 13417K, committed 13696K, reserved 1062912K
  class space    used 1031K, capacity 1097K, committed 1152K, reserved 1048576K
}
Event: 7.006 GC heap before
{Heap before GC invocations=13 (full 0):
 PSYoungGen      total 235520K, used 235424K [0x0000000715b00000, 0x000000072ed00000, 0x00000007c0000000)
  eden space 227840K, 100% used [0x0000000715b00000,0x0000000723980000,0x0000000723980000)
  from space 7680K, 98% used [0x000000072e580000,0x000000072ece8000,0x000000072ed00000)
  to   space 30208K, 0% used [0x000000072b200000,0x000000072b200000,0x000000072cf80000)
 ParOldGen       total 349696K, used 68297K [0x00000005c1000000, 0x00000005d6580000, 0x0000000715b00000)
  object space 349696K, 19% used [0x00000005c1000000,0x00000005c52b2788,0x00000005d6580000)
 Metaspace       used 13216K, capacity 13417K, committed 13696K, reserved 1062912K
  class space    used 1031K, capacity 1097K, committed 1152K, reserved 1048576K
Event: 7.010 GC heap after
Heap after GC invocations=13 (full 0):
 PSYoungGen      total 229376K, used 8352K [0x0000000715b00000, 0x000000072e600000, 0x00000007c0000000)
  eden space 220672K, 0% used [0x0000000715b00000,0x0000000715b00000,0x0000000723280000)
  from space 8704K, 95% used [0x000000072b200000,0x000000072ba28000,0x000000072ba80000)
  to   space 30208K, 0% used [0x000000072c880000,0x000000072c880000,0x000000072e600000)
 ParOldGen       total 349696K, used 75801K [0x00000005c1000000, 0x00000005d6580000, 0x0000000715b00000)
  object space 349696K, 21% used [0x00000005c1000000,0x00000005c5a06798,0x00000005d6580000)
 Metaspace       used 13216K, capacity 13417K, committed 13696K, reserved 1062912K
  class space    used 1031K, capacity 1097K, committed 1152K, reserved 1048576K
}

