# JRE version: Java(TM) SE Runtime Environment (8.0_251-b08) (build 1.8.0_251-b08)
# Java VM: Java HotSpot(TM) 64-Bit Server VM (25.251-b08 mixed mode windows-amd64 compressed oops)
Heap:
 PSYoungGen      total 43008K, used 26969K [0x0000000715b00000, 0x0000000718700000, 0x00000007c0000000)
  eden space 40960K, 63% used [0x0000000715b00000,0x00000007174453c8,0x0000000718300000)
  from space 2048K, 53% used [0x0000000718500000,0x0000000718611278,0x0000000718700000)
  to   space 2048K, 0% used [0x0000000718300000,0x0000000718300000,0x0000000718500000)
 ParOldGen       total 349696K, used 276166K [0x00000005c1000000, 0x00000005d6580000, 0x0000000715b00000)
  object space 349696K, 78% used [0x00000005c1000000,0x00000005d1db1850,0x00000005d6580000)
 Metaspace       used 13231K, capacity 13401K, committed 13696K, reserved 1062912K
  class space    used 1028K, capacity 1097K, committed 1152K, reserved 1048576K
GC Heap History (10 events):
Event: 31.134 GC heap before
{Heap before GC invocations=158 (full 0):
 PSYoungGen      total 43008K, used 42052K [0x0000000715b00000, 0x0000000718700000, 0x00000007c0000000)
  eden space 40960K, 100% used [0x0000000715b00000,0x0000000718300000,0x0000000718300000)
  from space 2048K, 53% used [0x0000000718300000,0x0000000718411278,0x0000000718500000)
  to   space 2048K, 0% used [0x0000000718500000,0x0000000718500000,0x0000000718700000)
 ParOldGen       total 349696K, used 271950K [0x00000005c1000000, 0x00000005d6580000, 0x0000000715b00000)
  object space 349696K, 77% used [0x00000005c1000000,0x00000005d1993850,0x00000005d6580000)
 Metaspace       used 13231K, capacity 13401K, committed 13696K, reserved 1062912K
  class space    used 1028K, capacity 1097K, committed 1152K, reserved 1048576K
Event: 31.135 GC heap after
Heap after GC invocations=158 (full 0):
 PSYoungGen      total 43008K, used 996K [0x0000000715b00000, 0x0000000718700000, 0x00000007c0000000)
  eden space 40960K, 0% used [0x0000000715b00000,0x0000000715b00000,0x0000000718300000)
  from space 2048K, 48% used [0x0000000718500000,0x00000007185f9278,0x0000000718700000)
  to   space 2048K, 0% used [0x0000000718300000,0x0000000718300000,0x0000000718500000)
 ParOldGen       total 349696K, used 272862K [0x00000005c1000000, 0x00000005d6580000, 0x0000000715b00000)
  object space 349696K, 78% used [0x00000005c1000000,0x00000005d1a77850,0x00000005d6580000)
 Metaspace       used 13231K, capacity 13401K, committed 13696K, reserved 1062912K
  class space    used 1028K, capacity 1097K, committed 1152K, reserved 1048576K
}
Event: 31.257 GC heap before
{Heap before GC invocations=159 (full 0):
 PSYoungGen      total 43008K, used 41956K [0x0000000715b00000, 0x0000000718700000, 0x00000007c0000000)
  eden space 40960K, 100% used [0x0000000715b00000,0x0000000718300000,0x0000000718300000)
  from space 2048K, 48% used [0x0000000718500000,0x00000007185f9278,0x0000000718700000)
  to   space 2048K, 0% used [0x0000000718300000,0x0000000718300000,0x0000000718500000)
 ParOldGen       total 349696K, used 272862K [0x00000005c1000000, 0x00000005d6580000, 0x0000000715b00000)
  object space 349696K, 78% used [0x00000005c1000000,0x00000005d1a77850,0x00000005d6580000)
 Metaspace       used 13231K, capacity 13401K, committed 13696K, reserved 1062912K
  class space    used 1028K, capacity 1097K, committed 1152K, reserved 1048576K
Event: 31.258 GC heap after
Heap after GC invocations=159 (full 0):
 PSYoungGen      total 43008K, used 1060K [0x0000000715b00000, 0x0000000718700000, 0x00000007c0000000)
  eden space 40960K, 0% used [0x0000000715b00000,0x0000000715b00000,0x0000000718300000)
  from space 2048K, 51% used [0x0000000718300000,0x0000000718409278,0x0000000718500000)
  to   space 2048K, 0% used [0x0000000718500000,0x0000000718500000,0x0000000718700000)
 ParOldGen       total 349696K, used 273630K [0x00000005c1000000, 0x00000005d6580000, 0x0000000715b00000)
  object space 349696K, 78% used [0x00000005c1000000,0x00000005d1b37850,0x00000005d6580000)
 Metaspace       used 13231K, capacity 13401K, committed 13696K, reserved 1062912K
  class space    used 1028K, capacity 1097K, committed 1152K, reserved 1048576K
}
Event: 31.391 GC heap before
{Heap before GC invocations=160 (full 0):
 PSYoungGen      total 43008K, used 42020K [0x0000000715b00000, 0x0000000718700000, 0x00000007c0000000)
  eden space 40960K, 100% used [0x0000000715b00000,0x0000000718300000,0x0000000718300000)
  from space 2048K, 51% used [0x0000000718300000,0x0000000718409278,0x0000000718500000)
  to   space 2048K, 0% used [0x0000000718500000,0x0000000718500000,0x0000000718700000)
 ParOldGen       total 349696K, used 273630K [0x00000005c1000000, 0x00000005d6580000, 0x0000000715b00000)
  object space 349696K, 78% used [0x00000005c1000000,0x00000005d1b37850,0x00000005d6580000)
 Metaspace       used 13231K, capacity 13401K, committed 13696K, reserved 1062912K
  class space    used 1028K, capacity 1097K, committed 1152K, reserved 1048576K
Event: 31.392 GC heap after
Heap after GC invocations=160 (full 0):
 PSYoungGen      total 43008K, used 996K [0x0000000715b00000, 0x0000000718700000, 0x00000007c0000000)
  eden space 40960K, 0% used [0x0000000715b00000,0x0000000715b00000,0x0000000718300000)
  from space 2048K, 48% used [0x0000000718500000,0x00000007185f9278,0x0000000718700000)
  to   space 2048K, 0% used [0x0000000718300000,0x0000000718300000,0x0000000718500000)
 ParOldGen       total 349696K, used 274510K [0x00000005c1000000, 0x00000005d6580000, 0x0000000715b00000)
  object space 349696K, 78% used [0x00000005c1000000,0x00000005d1c13850,0x00000005d6580000)
 Metaspace       used 13231K, capacity 13401K, committed 13696K, reserved 1062912K
  class space    used 1028K, capacity 1097K, committed 1152K, reserved 1048576K
}
Event: 31.517 GC heap before
{Heap before GC invocations=161 (full 0):
 PSYoungGen      total 43008K, used 41956K [0x0000000715b00000, 0x0000000718700000, 0x00000007c0000000)
  eden space 40960K, 100% used [0x0000000715b00000,0x0000000718300000,0x0000000718300000)
  from space 2048K, 48% used [0x0000000718500000,0x00000007185f9278,0x0000000718700000)
  to   space 2048K, 0% used [0x0000000718300000,0x0000000718300000,0x0000000718500000)
 ParOldGen       total 349696K, used 274510K [0x00000005c1000000, 0x00000005d6580000, 0x0000000715b00000)
  object space 349696K, 78% used [0x00000005c1000000,0x00000005d1c13850,0x00000005d6580000)
 Metaspace       used 13231K, capacity 13401K, committed 13696K, reserved 1062912K
  class space    used 1028K, capacity 1097K, committed 1152K, reserved 1048576K
Event: 31.518 GC heap after
Heap after GC invocations=161 (full 0):
 PSYoungGen      total 43008K, used 1060K [0x0000000715b00000, 0x0000000718700000, 0x00000007c0000000)
  eden space 40960K, 0% used [0x0000000715b00000,0x0000000715b00000,0x0000000718300000)
  from space 2048K, 51% used [0x0000000718300000,0x0000000718409278,0x0000000718500000)
  to   space 2048K, 0% used [0x0000000718500000,0x0000000718500000,0x0000000718700000)
 ParOldGen       total 349696K, used 275254K [0x00000005c1000000, 0x00000005d6580000, 0x0000000715b00000)
  object space 349696K, 78% used [0x00000005c1000000,0x00000005d1ccd850,0x00000005d6580000)
 Metaspace       used 13231K, capacity 13401K, committed 13696K, reserved 1062912K
  class space    used 1028K, capacity 1097K, committed 1152K, reserved 1048576K
}
Event: 31.635 GC heap before
{Heap before GC invocations=162 (full 0):
 PSYoungGen      total 43008K, used 42020K [0x0000000715b00000, 0x0000000718700000, 0x00000007c0000000)
  eden space 40960K, 100% used [0x0000000715b00000,0x0000000718300000,0x0000000718300000)
  from space 2048K, 51% used [0x0000000718300000,0x0000000718409278,0x0000000718500000)
  to   space 2048K, 0% used [0x0000000718500000,0x0000000718500000,0x0000000718700000)
 ParOldGen       total 349696K, used 275254K [0x00000005c1000000, 0x00000005d6580000, 0x0000000715b00000)
  object space 349696K, 78% used [0x00000005c1000000,0x00000005d1ccd850,0x00000005d6580000)
 Metaspace       used 13231K, capacity 13401K, committed 13696K, reserved 1062912K
  class space    used 1028K, capacity 1097K, committed 1152K, reserved 1048576K
Event: 31.636 GC heap after
Heap after GC invocations=162 (full 0):
 PSYoungGen      total 43008K, used 1092K [0x0000000715b00000, 0x0000000718700000, 0x00000007c0000000)
  eden space 40960K, 0% used [0x0000000715b00000,0x0000000715b00000,0x0000000718300000)
  from space 2048K, 53% used [0x0000000718500000,0x0000000718611278,0x0000000718700000)
  to   space 2048K, 0% used [0x0000000718300000,0x0000000718300000,0x0000000718500000)
 ParOldGen       total 349696K, used 276166K [0x00000005c1000000, 0x00000005d6580000, 0x0000000715b00000)
  object space 349696K, 78% used [0x00000005c1000000,0x00000005d1db1850,0x00000005d6580000)
 Metaspace       used 13231K, capacity 13401K, committed 13696K, reserved 1062912K
  class space    used 1028K, capacity 1097K, committed 1152K, reserved 1048576K
}

