# JRE version: Java(TM) SE Runtime Environment (8.0_231-b11) (build 1.8.0_231-b11)
# Java VM: Java HotSpot(TM) 64-Bit Server VM (25.231-b11 mixed mode windows-amd64 compressed oops)
Heap:
 PSYoungGen      total 46080K, used 13432K [0x0000000715b00000, 0x0000000719480000, 0x00000007c0000000)
  eden space 40448K, 30% used [0x0000000715b00000,0x0000000716700480,0x0000000718280000)
  from space 5632K, 20% used [0x0000000718280000,0x000000071839dbe8,0x0000000718800000)
  to   space 5632K, 0% used [0x0000000718f00000,0x0000000718f00000,0x0000000719480000)
 ParOldGen       total 438272K, used 312993K [0x00000005c1000000, 0x00000005dbc00000, 0x0000000715b00000)
  object space 438272K, 71% used [0x00000005c1000000,0x00000005d41a85e0,0x00000005dbc00000)
 Metaspace       used 13221K, capacity 13417K, committed 13696K, reserved 1062912K
  class space    used 1028K, capacity 1097K, committed 1152K, reserved 1048576K
GC Heap History (10 events):
Event: 58.359 GC heap before
{Heap before GC invocations=308 (full 1):
 PSYoungGen      total 46592K, used 40448K [0x0000000715b00000, 0x0000000718e80000, 0x00000007c0000000)
  eden space 40448K, 100% used [0x0000000715b00000,0x0000000718280000,0x0000000718280000)
  from space 6144K, 0% used [0x0000000718880000,0x0000000718880000,0x0000000718e80000)
  to   space 6144K, 0% used [0x0000000718280000,0x0000000718280000,0x0000000718880000)
 ParOldGen       total 438272K, used 305970K [0x00000005c1000000, 0x00000005dbc00000, 0x0000000715b00000)
  object space 438272K, 69% used [0x00000005c1000000,0x00000005d3acc9f8,0x00000005dbc00000)
 Metaspace       used 13221K, capacity 13417K, committed 13696K, reserved 1062912K
  class space    used 1028K, capacity 1097K, committed 1152K, reserved 1048576K
Event: 58.360 GC heap after
Heap after GC invocations=308 (full 1):
 PSYoungGen      total 42496K, used 1819K [0x0000000715b00000, 0x0000000718d80000, 0x00000007c0000000)
  eden space 40448K, 0% used [0x0000000715b00000,0x0000000715b00000,0x0000000718280000)
  from space 2048K, 88% used [0x0000000718280000,0x0000000718446e60,0x0000000718480000)
  to   space 5632K, 0% used [0x0000000718800000,0x0000000718800000,0x0000000718d80000)
 ParOldGen       total 438272K, used 305970K [0x00000005c1000000, 0x00000005dbc00000, 0x0000000715b00000)
  object space 438272K, 69% used [0x00000005c1000000,0x00000005d3acc9f8,0x00000005dbc00000)
 Metaspace       used 13221K, capacity 13417K, committed 13696K, reserved 1062912K
  class space    used 1028K, capacity 1097K, committed 1152K, reserved 1048576K
}
Event: 58.598 GC heap before
{Heap before GC invocations=309 (full 1):
 PSYoungGen      total 42496K, used 42267K [0x0000000715b00000, 0x0000000718d80000, 0x00000007c0000000)
  eden space 40448K, 100% used [0x0000000715b00000,0x0000000718280000,0x0000000718280000)
  from space 2048K, 88% used [0x0000000718280000,0x0000000718446e60,0x0000000718480000)
  to   space 5632K, 0% used [0x0000000718800000,0x0000000718800000,0x0000000718d80000)
 ParOldGen       total 438272K, used 305970K [0x00000005c1000000, 0x00000005dbc00000, 0x0000000715b00000)
  object space 438272K, 69% used [0x00000005c1000000,0x00000005d3acc9f8,0x00000005dbc00000)
 Metaspace       used 13221K, capacity 13417K, committed 13696K, reserved 1062912K
  class space    used 1028K, capacity 1097K, committed 1152K, reserved 1048576K
Event: 58.599 GC heap after
Heap after GC invocations=309 (full 1):
 PSYoungGen      total 46080K, used 2788K [0x0000000715b00000, 0x0000000718d80000, 0x00000007c0000000)
  eden space 40448K, 0% used [0x0000000715b00000,0x0000000715b00000,0x0000000718280000)
  from space 5632K, 49% used [0x0000000718800000,0x0000000718ab9278,0x0000000718d80000)
  to   space 5632K, 0% used [0x0000000718280000,0x0000000718280000,0x0000000718800000)
 ParOldGen       total 438272K, used 307545K [0x00000005c1000000, 0x00000005dbc00000, 0x0000000715b00000)
  object space 438272K, 70% used [0x00000005c1000000,0x00000005d3c565e0,0x00000005dbc00000)
 Metaspace       used 13221K, capacity 13417K, committed 13696K, reserved 1062912K
  class space    used 1028K, capacity 1097K, committed 1152K, reserved 1048576K
}
Event: 58.822 GC heap before
{Heap before GC invocations=310 (full 1):
 PSYoungGen      total 46080K, used 43236K [0x0000000715b00000, 0x0000000718d80000, 0x00000007c0000000)
  eden space 40448K, 100% used [0x0000000715b00000,0x0000000718280000,0x0000000718280000)
  from space 5632K, 49% used [0x0000000718800000,0x0000000718ab9278,0x0000000718d80000)
  to   space 5632K, 0% used [0x0000000718280000,0x0000000718280000,0x0000000718800000)
 ParOldGen       total 438272K, used 307545K [0x00000005c1000000, 0x00000005dbc00000, 0x0000000715b00000)
  object space 438272K, 70% used [0x00000005c1000000,0x00000005d3c565e0,0x00000005dbc00000)
 Metaspace       used 13221K, capacity 13417K, committed 13696K, reserved 1062912K
  class space    used 1028K, capacity 1097K, committed 1152K, reserved 1048576K
Event: 58.823 GC heap after
Heap after GC invocations=310 (full 1):
 PSYoungGen      total 46080K, used 2780K [0x0000000715b00000, 0x0000000718d80000, 0x00000007c0000000)
  eden space 40448K, 0% used [0x0000000715b00000,0x0000000715b00000,0x0000000718280000)
  from space 5632K, 49% used [0x0000000718280000,0x0000000718537328,0x0000000718800000)
  to   space 5632K, 0% used [0x0000000718800000,0x0000000718800000,0x0000000718d80000)
 ParOldGen       total 438272K, used 310073K [0x00000005c1000000, 0x00000005dbc00000, 0x0000000715b00000)
  object space 438272K, 70% used [0x00000005c1000000,0x00000005d3ece5e0,0x00000005dbc00000)
 Metaspace       used 13221K, capacity 13417K, committed 13696K, reserved 1062912K
  class space    used 1028K, capacity 1097K, committed 1152K, reserved 1048576K
}
Event: 58.899 GC heap before
{Heap before GC invocations=311 (full 1):
 PSYoungGen      total 46080K, used 43228K [0x0000000715b00000, 0x0000000718d80000, 0x00000007c0000000)
  eden space 40448K, 100% used [0x0000000715b00000,0x0000000718280000,0x0000000718280000)
  from space 5632K, 49% used [0x0000000718280000,0x0000000718537328,0x0000000718800000)
  to   space 5632K, 0% used [0x0000000718800000,0x0000000718800000,0x0000000718d80000)
 ParOldGen       total 438272K, used 310073K [0x00000005c1000000, 0x00000005dbc00000, 0x0000000715b00000)
  object space 438272K, 70% used [0x00000005c1000000,0x00000005d3ece5e0,0x00000005dbc00000)
 Metaspace       used 13221K, capacity 13417K, committed 13696K, reserved 1062912K
  class space    used 1028K, capacity 1097K, committed 1152K, reserved 1048576K
Event: 58.900 GC heap after
Heap after GC invocations=311 (full 1):
 PSYoungGen      total 46080K, used 644K [0x0000000715b00000, 0x0000000718d80000, 0x00000007c0000000)
  eden space 40448K, 0% used [0x0000000715b00000,0x0000000715b00000,0x0000000718280000)
  from space 5632K, 11% used [0x0000000718800000,0x00000007188a1278,0x0000000718d80000)
  to   space 5632K, 0% used [0x0000000718280000,0x0000000718280000,0x0000000718800000)
 ParOldGen       total 438272K, used 312609K [0x00000005c1000000, 0x00000005dbc00000, 0x0000000715b00000)
  object space 438272K, 71% used [0x00000005c1000000,0x00000005d41485e0,0x00000005dbc00000)
 Metaspace       used 13221K, capacity 13417K, committed 13696K, reserved 1062912K
  class space    used 1028K, capacity 1097K, committed 1152K, reserved 1048576K
}
Event: 58.974 GC heap before
{Heap before GC invocations=312 (full 1):
 PSYoungGen      total 46080K, used 41092K [0x0000000715b00000, 0x0000000718d80000, 0x00000007c0000000)
  eden space 40448K, 100% used [0x0000000715b00000,0x0000000718280000,0x0000000718280000)
  from space 5632K, 11% used [0x0000000718800000,0x00000007188a1278,0x0000000718d80000)
  to   space 5632K, 0% used [0x0000000718280000,0x0000000718280000,0x0000000718800000)
 ParOldGen       total 438272K, used 312609K [0x00000005c1000000, 0x00000005dbc00000, 0x0000000715b00000)
  object space 438272K, 71% used [0x00000005c1000000,0x00000005d41485e0,0x00000005dbc00000)
 Metaspace       used 13221K, capacity 13417K, committed 13696K, reserved 1062912K
  class space    used 1028K, capacity 1097K, committed 1152K, reserved 1048576K
Event: 58.975 GC heap after
Heap after GC invocations=312 (full 1):
 PSYoungGen      total 46080K, used 1142K [0x0000000715b00000, 0x0000000719480000, 0x00000007c0000000)
  eden space 40448K, 0% used [0x0000000715b00000,0x0000000715b00000,0x0000000718280000)
  from space 5632K, 20% used [0x0000000718280000,0x000000071839dbe8,0x0000000718800000)
  to   space 5632K, 0% used [0x0000000718f00000,0x0000000718f00000,0x0000000719480000)
 ParOldGen       total 438272K, used 312993K [0x00000005c1000000, 0x00000005dbc00000, 0x0000000715b00000)
  object space 438272K, 71% used [0x00000005c1000000,0x00000005d41a85e0,0x00000005dbc00000)
 Metaspace       used 13221K, capacity 13417K, committed 13696K, reserved 1062912K
  class space    used 1028K, capacity 1097K, committed 1152K, reserved 1048576K
}

