# JRE version: Java(TM) SE Runtime Environment (8.0_251-b08) (build 1.8.0_251-b08)
# Java VM: Java HotSpot(TM) 64-Bit Server VM (25.251-b08 mixed mode windows-amd64 compressed oops)
Heap:
 PSYoungGen      total 80896K, used 38386K [0x0000000715b00000, 0x000000071af00000, 0x00000007c0000000)
  eden space 77824K, 45% used [0x0000000715b00000,0x0000000717de3818,0x000000071a700000)
  from space 3072K, 86% used [0x000000071a800000,0x000000071aa99278,0x000000071ab00000)
  to   space 4096K, 0% used [0x000000071ab00000,0x000000071ab00000,0x000000071af00000)
 ParOldGen       total 531968K, used 500957K [0x00000005c1000000, 0x00000005e1780000, 0x0000000715b00000)
  object space 531968K, 94% used [0x00000005c1000000,0x00000005df9376b0,0x00000005e1780000)
 Metaspace       used 13222K, capacity 13417K, committed 13696K, reserved 1062912K
  class space    used 1028K, capacity 1097K, committed 1152K, reserved 1048576K
GC Heap History (10 events):
Event: 96.889 GC heap before
{Heap before GC invocations=545 (full 4):
 PSYoungGen      total 86528K, used 85412K [0x0000000715b00000, 0x000000071b500000, 0x00000007c0000000)
  eden space 82944K, 100% used [0x0000000715b00000,0x000000071ac00000,0x000000071ac00000)
  from space 3584K, 68% used [0x000000071b180000,0x000000071b3e9278,0x000000071b500000)
  to   space 4608K, 0% used [0x000000071ac00000,0x000000071ac00000,0x000000071b080000)
 ParOldGen       total 531968K, used 490965K [0x00000005c1000000, 0x00000005e1780000, 0x0000000715b00000)
  object space 531968K, 92% used [0x00000005c1000000,0x00000005def756b0,0x00000005e1780000)
 Metaspace       used 13222K, capacity 13417K, committed 13696K, reserved 1062912K
  class space    used 1028K, capacity 1097K, committed 1152K, reserved 1048576K
Event: 96.891 GC heap after
Heap after GC invocations=545 (full 4):
 PSYoungGen      total 84480K, used 2148K [0x0000000715b00000, 0x000000071b400000, 0x00000007c0000000)
  eden space 81920K, 0% used [0x0000000715b00000,0x0000000715b00000,0x000000071ab00000)
  from space 2560K, 83% used [0x000000071ac00000,0x000000071ae19278,0x000000071ae80000)
  to   space 4608K, 0% used [0x000000071af80000,0x000000071af80000,0x000000071b400000)
 ParOldGen       total 531968K, used 493245K [0x00000005c1000000, 0x00000005e1780000, 0x0000000715b00000)
  object space 531968K, 92% used [0x00000005c1000000,0x00000005df1af6b0,0x00000005e1780000)
 Metaspace       used 13222K, capacity 13417K, committed 13696K, reserved 1062912K
  class space    used 1028K, capacity 1097K, committed 1152K, reserved 1048576K
}
Event: 97.118 GC heap before
{Heap before GC invocations=546 (full 4):
 PSYoungGen      total 84480K, used 84068K [0x0000000715b00000, 0x000000071b400000, 0x00000007c0000000)
  eden space 81920K, 100% used [0x0000000715b00000,0x000000071ab00000,0x000000071ab00000)
  from space 2560K, 83% used [0x000000071ac00000,0x000000071ae19278,0x000000071ae80000)
  to   space 4608K, 0% used [0x000000071af80000,0x000000071af80000,0x000000071b400000)
 ParOldGen       total 531968K, used 493245K [0x00000005c1000000, 0x00000005e1780000, 0x0000000715b00000)
  object space 531968K, 92% used [0x00000005c1000000,0x00000005df1af6b0,0x00000005e1780000)
 Metaspace       used 13222K, capacity 13417K, committed 13696K, reserved 1062912K
  class space    used 1028K, capacity 1097K, committed 1152K, reserved 1048576K
Event: 97.120 GC heap after
Heap after GC invocations=546 (full 4):
 PSYoungGen      total 84480K, used 2148K [0x0000000715b00000, 0x000000071b300000, 0x00000007c0000000)
  eden space 80896K, 0% used [0x0000000715b00000,0x0000000715b00000,0x000000071aa00000)
  from space 3584K, 59% used [0x000000071af80000,0x000000071b199278,0x000000071b300000)
  to   space 4608K, 0% used [0x000000071aa00000,0x000000071aa00000,0x000000071ae80000)
 ParOldGen       total 531968K, used 495173K [0x00000005c1000000, 0x00000005e1780000, 0x0000000715b00000)
  object space 531968K, 93% used [0x00000005c1000000,0x00000005df3916b0,0x00000005e1780000)
 Metaspace       used 13222K, capacity 13417K, committed 13696K, reserved 1062912K
  class space    used 1028K, capacity 1097K, committed 1152K, reserved 1048576K
}
Event: 97.356 GC heap before
{Heap before GC invocations=547 (full 4):
 PSYoungGen      total 84480K, used 83044K [0x0000000715b00000, 0x000000071b300000, 0x00000007c0000000)
  eden space 80896K, 100% used [0x0000000715b00000,0x000000071aa00000,0x000000071aa00000)
  from space 3584K, 59% used [0x000000071af80000,0x000000071b199278,0x000000071b300000)
  to   space 4608K, 0% used [0x000000071aa00000,0x000000071aa00000,0x000000071ae80000)
 ParOldGen       total 531968K, used 495173K [0x00000005c1000000, 0x00000005e1780000, 0x0000000715b00000)
  object space 531968K, 93% used [0x00000005c1000000,0x00000005df3916b0,0x00000005e1780000)
 Metaspace       used 13222K, capacity 13417K, committed 13696K, reserved 1062912K
  class space    used 1028K, capacity 1097K, committed 1152K, reserved 1048576K
Event: 97.358 GC heap after
Heap after GC invocations=547 (full 4):
 PSYoungGen      total 82432K, used 2308K [0x0000000715b00000, 0x000000071b200000, 0x00000007c0000000)
  eden space 79872K, 0% used [0x0000000715b00000,0x0000000715b00000,0x000000071a900000)
  from space 2560K, 90% used [0x000000071aa00000,0x000000071ac41278,0x000000071ac80000)
  to   space 4608K, 0% used [0x000000071ad80000,0x000000071ad80000,0x000000071b200000)
 ParOldGen       total 531968K, used 497093K [0x00000005c1000000, 0x00000005e1780000, 0x0000000715b00000)
  object space 531968K, 93% used [0x00000005c1000000,0x00000005df5716b0,0x00000005e1780000)
 Metaspace       used 13222K, capacity 13417K, committed 13696K, reserved 1062912K
  class space    used 1028K, capacity 1097K, committed 1152K, reserved 1048576K
}
Event: 97.557 GC heap before
{Heap before GC invocations=548 (full 4):
 PSYoungGen      total 82432K, used 82180K [0x0000000715b00000, 0x000000071b200000, 0x00000007c0000000)
  eden space 79872K, 100% used [0x0000000715b00000,0x000000071a900000,0x000000071a900000)
  from space 2560K, 90% used [0x000000071aa00000,0x000000071ac41278,0x000000071ac80000)
  to   space 4608K, 0% used [0x000000071ad80000,0x000000071ad80000,0x000000071b200000)
 ParOldGen       total 531968K, used 497093K [0x00000005c1000000, 0x00000005e1780000, 0x0000000715b00000)
  object space 531968K, 93% used [0x00000005c1000000,0x00000005df5716b0,0x00000005e1780000)
 Metaspace       used 13222K, capacity 13417K, committed 13696K, reserved 1062912K
  class space    used 1028K, capacity 1097K, committed 1152K, reserved 1048576K
Event: 97.559 GC heap after
Heap after GC invocations=548 (full 4):
 PSYoungGen      total 82432K, used 1892K [0x0000000715b00000, 0x000000071b100000, 0x00000007c0000000)
  eden space 78848K, 0% used [0x0000000715b00000,0x0000000715b00000,0x000000071a800000)
  from space 3584K, 52% used [0x000000071ad80000,0x000000071af59278,0x000000071b100000)
  to   space 4608K, 0% used [0x000000071a800000,0x000000071a800000,0x000000071ac80000)
 ParOldGen       total 531968K, used 499189K [0x00000005c1000000, 0x00000005e1780000, 0x0000000715b00000)
  object space 531968K, 93% used [0x00000005c1000000,0x00000005df77d6b0,0x00000005e1780000)
 Metaspace       used 13222K, capacity 13417K, committed 13696K, reserved 1062912K
  class space    used 1028K, capacity 1097K, committed 1152K, reserved 1048576K
}
Event: 97.851 GC heap before
{Heap before GC invocations=549 (full 4):
 PSYoungGen      total 82432K, used 80740K [0x0000000715b00000, 0x000000071b100000, 0x00000007c0000000)
  eden space 78848K, 100% used [0x0000000715b00000,0x000000071a800000,0x000000071a800000)
  from space 3584K, 52% used [0x000000071ad80000,0x000000071af59278,0x000000071b100000)
  to   space 4608K, 0% used [0x000000071a800000,0x000000071a800000,0x000000071ac80000)
 ParOldGen       total 531968K, used 499189K [0x00000005c1000000, 0x00000005e1780000, 0x0000000715b00000)
  object space 531968K, 93% used [0x00000005c1000000,0x00000005df77d6b0,0x00000005e1780000)
 Metaspace       used 13222K, capacity 13417K, committed 13696K, reserved 1062912K
  class space    used 1028K, capacity 1097K, committed 1152K, reserved 1048576K
Event: 97.852 GC heap after
Heap after GC invocations=549 (full 4):
 PSYoungGen      total 80896K, used 2660K [0x0000000715b00000, 0x000000071af00000, 0x00000007c0000000)
  eden space 77824K, 0% used [0x0000000715b00000,0x0000000715b00000,0x000000071a700000)
  from space 3072K, 86% used [0x000000071a800000,0x000000071aa99278,0x000000071ab00000)
  to   space 4096K, 0% used [0x000000071ab00000,0x000000071ab00000,0x000000071af00000)
 ParOldGen       total 531968K, used 500957K [0x00000005c1000000, 0x00000005e1780000, 0x0000000715b00000)
  object space 531968K, 94% used [0x00000005c1000000,0x00000005df9376b0,0x00000005e1780000)
 Metaspace       used 13222K, capacity 13417K, committed 13696K, reserved 1062912K
  class space    used 1028K, capacity 1097K, committed 1152K, reserved 1048576K
}

