# JRE version: Java(TM) SE Runtime Environment (8.0_251-b08) (build 1.8.0_251-b08)
# Java VM: Java HotSpot(TM) 64-Bit Server VM (25.251-b08 mixed mode windows-amd64 compressed oops)
Heap:
 PSYoungGen      total 1890816K, used 174715K [0x0000000715b00000, 0x00000007a4200000, 0x00000007c0000000)
  eden space 1488896K, 11% used [0x0000000715b00000,0x000000071ffcd638,0x0000000770900000)
  from space 401920K, 1% used [0x000000078b980000,0x000000078bf517c0,0x00000007a4200000)
  to   space 422400K, 0% used [0x0000000770900000,0x0000000770900000,0x000000078a580000)
 ParOldGen       total 922624K, used 662496K [0x00000005c1000000, 0x00000005f9500000, 0x0000000715b00000)
  object space 922624K, 71% used [0x00000005c1000000,0x00000005e96f82e8,0x00000005f9500000)
 Metaspace       used 13498K, capacity 13733K, committed 14080K, reserved 1062912K
  class space    used 1052K, capacity 1161K, committed 1280K, reserved 1048576K
GC Heap History (10 events):
Event: 9.392 GC heap before
{Heap before GC invocations=22 (full 2):
 PSYoungGen      total 1519104K, used 1378405K [0x0000000715b00000, 0x0000000792700000, 0x00000007c0000000)
  eden space 1127424K, 100% used [0x0000000715b00000,0x000000075a800000,0x000000075a800000)
  from space 391680K, 64% used [0x000000075a800000,0x0000000769d19430,0x0000000772680000)
  to   space 386560K, 0% used [0x000000077ad80000,0x000000077ad80000,0x0000000792700000)
 ParOldGen       total 922624K, used 410830K [0x00000005c1000000, 0x00000005f9500000, 0x0000000715b00000)
  object space 922624K, 44% used [0x00000005c1000000,0x00000005da133998,0x00000005f9500000)
 Metaspace       used 13491K, capacity 13733K, committed 14080K, reserved 1062912K
  class space    used 1052K, capacity 1161K, committed 1280K, reserved 1048576K
Event: 9.435 GC heap after
Heap after GC invocations=22 (full 2):
 PSYoungGen      total 1641984K, used 253433K [0x0000000715b00000, 0x0000000791b80000, 0x00000007c0000000)
  eden space 1267200K, 0% used [0x0000000715b00000,0x0000000715b00000,0x0000000763080000)
  from space 374784K, 67% used [0x000000077ad80000,0x000000078a4fe5e8,0x0000000791b80000)
  to   space 382464K, 0% used [0x0000000763080000,0x0000000763080000,0x000000077a600000)
 ParOldGen       total 922624K, used 410830K [0x00000005c1000000, 0x00000005f9500000, 0x0000000715b00000)
  object space 922624K, 44% used [0x00000005c1000000,0x00000005da133998,0x00000005f9500000)
 Metaspace       used 13491K, capacity 13733K, committed 14080K, reserved 1062912K
  class space    used 1052K, capacity 1161K, committed 1280K, reserved 1048576K
}
Event: 10.290 GC heap before
{Heap before GC invocations=23 (full 2):
 PSYoungGen      total 1641984K, used 1520633K [0x0000000715b00000, 0x0000000791b80000, 0x00000007c0000000)
  eden space 1267200K, 100% used [0x0000000715b00000,0x0000000763080000,0x0000000763080000)
  from space 374784K, 67% used [0x000000077ad80000,0x000000078a4fe5e8,0x0000000791b80000)
  to   space 382464K, 0% used [0x0000000763080000,0x0000000763080000,0x000000077a600000)
 ParOldGen       total 922624K, used 410830K [0x00000005c1000000, 0x00000005f9500000, 0x0000000715b00000)
  object space 922624K, 44% used [0x00000005c1000000,0x00000005da133998,0x00000005f9500000)
 Metaspace       used 13493K, capacity 13733K, committed 14080K, reserved 1062912K
  class space    used 1052K, capacity 1161K, committed 1280K, reserved 1048576K
Event: 10.346 GC heap after
Heap after GC invocations=23 (full 2):
 PSYoungGen      total 1649664K, used 48731K [0x0000000715b00000, 0x000000079c980000, 0x00000007c0000000)
  eden space 1267200K, 0% used [0x0000000715b00000,0x0000000715b00000,0x0000000763080000)
  from space 382464K, 12% used [0x0000000763080000,0x0000000766016c48,0x000000077a600000)
  to   space 396288K, 0% used [0x0000000784680000,0x0000000784680000,0x000000079c980000)
 ParOldGen       total 922624K, used 619440K [0x00000005c1000000, 0x00000005f9500000, 0x0000000715b00000)
  object space 922624K, 67% used [0x00000005c1000000,0x00000005e6cec2e8,0x00000005f9500000)
 Metaspace       used 13493K, capacity 13733K, committed 14080K, reserved 1062912K
  class space    used 1052K, capacity 1161K, committed 1280K, reserved 1048576K
}
Event: 10.909 GC heap before
{Heap before GC invocations=24 (full 2):
 PSYoungGen      total 1649664K, used 1315931K [0x0000000715b00000, 0x000000079c980000, 0x00000007c0000000)
  eden space 1267200K, 100% used [0x0000000715b00000,0x0000000763080000,0x0000000763080000)
  from space 382464K, 12% used [0x0000000763080000,0x0000000766016c48,0x000000077a600000)
  to   space 396288K, 0% used [0x0000000784680000,0x0000000784680000,0x000000079c980000)
 ParOldGen       total 922624K, used 619440K [0x00000005c1000000, 0x00000005f9500000, 0x0000000715b00000)
  object space 922624K, 67% used [0x00000005c1000000,0x00000005e6cec2e8,0x00000005f9500000)
 Metaspace       used 13493K, capacity 13733K, committed 14080K, reserved 1062912K
  class space    used 1052K, capacity 1161K, committed 1280K, reserved 1048576K
Event: 10.918 GC heap after
Heap after GC invocations=24 (full 2):
 PSYoungGen      total 1792512K, used 1583K [0x0000000715b00000, 0x000000079d380000, 0x00000007c0000000)
  eden space 1396224K, 0% used [0x0000000715b00000,0x0000000715b00000,0x000000076ae80000)
  from space 396288K, 0% used [0x0000000784680000,0x000000078480bd90,0x000000079c980000)
  to   space 412160K, 0% used [0x000000076ae80000,0x000000076ae80000,0x0000000784100000)
 ParOldGen       total 922624K, used 662328K [0x00000005c1000000, 0x00000005f9500000, 0x0000000715b00000)
  object space 922624K, 71% used [0x00000005c1000000,0x00000005e96ce2e8,0x00000005f9500000)
 Metaspace       used 13493K, capacity 13733K, committed 14080K, reserved 1062912K
  class space    used 1052K, capacity 1161K, committed 1280K, reserved 1048576K
}
Event: 11.742 GC heap before
{Heap before GC invocations=25 (full 2):
 PSYoungGen      total 1792512K, used 1397807K [0x0000000715b00000, 0x000000079d380000, 0x00000007c0000000)
  eden space 1396224K, 100% used [0x0000000715b00000,0x000000076ae80000,0x000000076ae80000)
  from space 396288K, 0% used [0x0000000784680000,0x000000078480bd90,0x000000079c980000)
  to   space 412160K, 0% used [0x000000076ae80000,0x000000076ae80000,0x0000000784100000)
 ParOldGen       total 922624K, used 662328K [0x00000005c1000000, 0x00000005f9500000, 0x0000000715b00000)
  object space 922624K, 71% used [0x00000005c1000000,0x00000005e96ce2e8,0x00000005f9500000)
 Metaspace       used 13494K, capacity 13733K, committed 14080K, reserved 1062912K
  class space    used 1052K, capacity 1161K, committed 1280K, reserved 1048576K
Event: 11.744 GC heap after
Heap after GC invocations=25 (full 2):
 PSYoungGen      total 1808384K, used 4434K [0x0000000715b00000, 0x00000007a5400000, 0x00000007c0000000)
  eden space 1396224K, 0% used [0x0000000715b00000,0x0000000715b00000,0x000000076ae80000)
  from space 412160K, 1% used [0x000000076ae80000,0x000000076b2d4b70,0x0000000784100000)
  to   space 420352K, 0% used [0x000000078b980000,0x000000078b980000,0x00000007a5400000)
 ParOldGen       total 922624K, used 662408K [0x00000005c1000000, 0x00000005f9500000, 0x0000000715b00000)
  object space 922624K, 71% used [0x00000005c1000000,0x00000005e96e22e8,0x00000005f9500000)
 Metaspace       used 13494K, capacity 13733K, committed 14080K, reserved 1062912K
  class space    used 1052K, capacity 1161K, committed 1280K, reserved 1048576K
}
Event: 12.746 GC heap before
{Heap before GC invocations=26 (full 2):
 PSYoungGen      total 1808384K, used 1400658K [0x0000000715b00000, 0x00000007a5400000, 0x00000007c0000000)
  eden space 1396224K, 100% used [0x0000000715b00000,0x000000076ae80000,0x000000076ae80000)
  from space 412160K, 1% used [0x000000076ae80000,0x000000076b2d4b70,0x0000000784100000)
  to   space 420352K, 0% used [0x000000078b980000,0x000000078b980000,0x00000007a5400000)
 ParOldGen       total 922624K, used 662408K [0x00000005c1000000, 0x00000005f9500000, 0x0000000715b00000)
  object space 922624K, 71% used [0x00000005c1000000,0x00000005e96e22e8,0x00000005f9500000)
 Metaspace       used 13497K, capacity 13733K, committed 14080K, reserved 1062912K
  class space    used 1052K, capacity 1161K, committed 1280K, reserved 1048576K
Event: 12.749 GC heap after
Heap after GC invocations=26 (full 2):
 PSYoungGen      total 1890816K, used 5957K [0x0000000715b00000, 0x00000007a4200000, 0x00000007c0000000)
  eden space 1488896K, 0% used [0x0000000715b00000,0x0000000715b00000,0x0000000770900000)
  from space 401920K, 1% used [0x000000078b980000,0x000000078bf517c0,0x00000007a4200000)
  to   space 422400K, 0% used [0x0000000770900000,0x0000000770900000,0x000000078a580000)
 ParOldGen       total 922624K, used 662496K [0x00000005c1000000, 0x00000005f9500000, 0x0000000715b00000)
  object space 922624K, 71% used [0x00000005c1000000,0x00000005e96f82e8,0x00000005f9500000)
 Metaspace       used 13497K, capacity 13733K, committed 14080K, reserved 1062912K
  class space    used 1052K, capacity 1161K, committed 1280K, reserved 1048576K
}

