# JRE version: Java(TM) SE Runtime Environment (8.0_231-b11) (build 1.8.0_231-b11)
# Java VM: Java HotSpot(TM) 64-Bit Server VM (25.231-b11 mixed mode windows-amd64 compressed oops)
Heap:
 PSYoungGen      total 46592K, used 6771K [0x0000000715b00000, 0x0000000719000000, 0x00000007c0000000)
  eden space 44544K, 10% used [0x0000000715b00000,0x000000071600fb48,0x0000000718680000)
  from space 2048K, 96% used [0x0000000718d00000,0x0000000718eebeb8,0x0000000718f00000)
  to   space 1024K, 0% used [0x0000000718f00000,0x0000000718f00000,0x0000000719000000)
 ParOldGen       total 349696K, used 329918K [0x00000005c1000000, 0x00000005d6580000, 0x0000000715b00000)
  object space 349696K, 94% used [0x00000005c1000000,0x00000005d522fac8,0x00000005d6580000)
 Metaspace       used 13274K, capacity 13417K, committed 13696K, reserved 1062912K
  class space    used 1032K, capacity 1097K, committed 1152K, reserved 1048576K
GC Heap History (10 events):
Event: 52.000 GC heap before
{Heap before GC invocations=312 (full 0):
 PSYoungGen      total 48640K, used 48516K [0x0000000715b00000, 0x0000000719600000, 0x00000007c0000000)
  eden space 47616K, 100% used [0x0000000715b00000,0x0000000718980000,0x0000000718980000)
  from space 1024K, 87% used [0x0000000719280000,0x0000000719361278,0x0000000719380000)
  to   space 2560K, 0% used [0x0000000719380000,0x0000000719380000,0x0000000719600000)
 ParOldGen       total 349696K, used 324094K [0x00000005c1000000, 0x00000005d6580000, 0x0000000715b00000)
  object space 349696K, 92% used [0x00000005c1000000,0x00000005d4c7fac8,0x00000005d6580000)
 Metaspace       used 13271K, capacity 13417K, committed 13696K, reserved 1062912K
  class space    used 1032K, capacity 1097K, committed 1152K, reserved 1048576K
Event: 52.001 GC heap after
Heap after GC invocations=312 (full 0):
 PSYoungGen      total 48128K, used 932K [0x0000000715b00000, 0x0000000719480000, 0x00000007c0000000)
  eden space 47104K, 0% used [0x0000000715b00000,0x0000000715b00000,0x0000000718900000)
  from space 1024K, 91% used [0x0000000719380000,0x0000000719469278,0x0000000719480000)
  to   space 2560K, 0% used [0x0000000718f80000,0x0000000718f80000,0x0000000719200000)
 ParOldGen       total 349696K, used 324694K [0x00000005c1000000, 0x00000005d6580000, 0x0000000715b00000)
  object space 349696K, 92% used [0x00000005c1000000,0x00000005d4d15ac8,0x00000005d6580000)
 Metaspace       used 13271K, capacity 13417K, committed 13696K, reserved 1062912K
  class space    used 1032K, capacity 1097K, committed 1152K, reserved 1048576K
}
Event: 52.214 GC heap before
{Heap before GC invocations=313 (full 0):
 PSYoungGen      total 48128K, used 48036K [0x0000000715b00000, 0x0000000719480000, 0x00000007c0000000)
  eden space 47104K, 100% used [0x0000000715b00000,0x0000000718900000,0x0000000718900000)
  from space 1024K, 91% used [0x0000000719380000,0x0000000719469278,0x0000000719480000)
  to   space 2560K, 0% used [0x0000000718f80000,0x0000000718f80000,0x0000000719200000)
 ParOldGen       total 349696K, used 324694K [0x00000005c1000000, 0x00000005d6580000, 0x0000000715b00000)
  object space 349696K, 92% used [0x00000005c1000000,0x00000005d4d15ac8,0x00000005d6580000)
 Metaspace       used 13272K, capacity 13417K, committed 13696K, reserved 1062912K
  class space    used 1032K, capacity 1097K, committed 1152K, reserved 1048576K
Event: 52.216 GC heap after
Heap after GC invocations=313 (full 0):
 PSYoungGen      total 48640K, used 1860K [0x0000000715b00000, 0x0000000719400000, 0x00000007c0000000)
  eden space 46592K, 0% used [0x0000000715b00000,0x0000000715b00000,0x0000000718880000)
  from space 2048K, 90% used [0x0000000718f80000,0x0000000719151278,0x0000000719180000)
  to   space 2560K, 0% used [0x0000000719180000,0x0000000719180000,0x0000000719400000)
 ParOldGen       total 349696K, used 325358K [0x00000005c1000000, 0x00000005d6580000, 0x0000000715b00000)
  object space 349696K, 93% used [0x00000005c1000000,0x00000005d4dbbac8,0x00000005d6580000)
 Metaspace       used 13272K, capacity 13417K, committed 13696K, reserved 1062912K
  class space    used 1032K, capacity 1097K, committed 1152K, reserved 1048576K
}
Event: 52.369 GC heap before
{Heap before GC invocations=314 (full 0):
 PSYoungGen      total 48640K, used 48452K [0x0000000715b00000, 0x0000000719400000, 0x00000007c0000000)
  eden space 46592K, 100% used [0x0000000715b00000,0x0000000718880000,0x0000000718880000)
  from space 2048K, 90% used [0x0000000718f80000,0x0000000719151278,0x0000000719180000)
  to   space 2560K, 0% used [0x0000000719180000,0x0000000719180000,0x0000000719400000)
 ParOldGen       total 349696K, used 325358K [0x00000005c1000000, 0x00000005d6580000, 0x0000000715b00000)
  object space 349696K, 93% used [0x00000005c1000000,0x00000005d4dbbac8,0x00000005d6580000)
 Metaspace       used 13274K, capacity 13417K, committed 13696K, reserved 1062912K
  class space    used 1032K, capacity 1097K, committed 1152K, reserved 1048576K
Event: 52.370 GC heap after
Heap after GC invocations=314 (full 0):
 PSYoungGen      total 47104K, used 900K [0x0000000715b00000, 0x0000000719280000, 0x00000007c0000000)
  eden space 46080K, 0% used [0x0000000715b00000,0x0000000715b00000,0x0000000718800000)
  from space 1024K, 87% used [0x0000000719180000,0x0000000719261278,0x0000000719280000)
  to   space 2560K, 0% used [0x0000000718d80000,0x0000000718d80000,0x0000000719000000)
 ParOldGen       total 349696K, used 326958K [0x00000005c1000000, 0x00000005d6580000, 0x0000000715b00000)
  object space 349696K, 93% used [0x00000005c1000000,0x00000005d4f4bac8,0x00000005d6580000)
 Metaspace       used 13274K, capacity 13417K, committed 13696K, reserved 1062912K
  class space    used 1032K, capacity 1097K, committed 1152K, reserved 1048576K
}
Event: 52.529 GC heap before
{Heap before GC invocations=315 (full 0):
 PSYoungGen      total 47104K, used 46980K [0x0000000715b00000, 0x0000000719280000, 0x00000007c0000000)
  eden space 46080K, 100% used [0x0000000715b00000,0x0000000718800000,0x0000000718800000)
  from space 1024K, 87% used [0x0000000719180000,0x0000000719261278,0x0000000719280000)
  to   space 2560K, 0% used [0x0000000718d80000,0x0000000718d80000,0x0000000719000000)
 ParOldGen       total 349696K, used 326958K [0x00000005c1000000, 0x00000005d6580000, 0x0000000715b00000)
  object space 349696K, 93% used [0x00000005c1000000,0x00000005d4f4bac8,0x00000005d6580000)
 Metaspace       used 13274K, capacity 13417K, committed 13696K, reserved 1062912K
  class space    used 1032K, capacity 1097K, committed 1152K, reserved 1048576K
Event: 52.530 GC heap after
Heap after GC invocations=315 (full 0):
 PSYoungGen      total 46592K, used 740K [0x0000000715b00000, 0x0000000719200000, 0x00000007c0000000)
  eden space 45568K, 0% used [0x0000000715b00000,0x0000000715b00000,0x0000000718780000)
  from space 1024K, 72% used [0x0000000718d80000,0x0000000718e39278,0x0000000718e80000)
  to   space 2560K, 0% used [0x0000000718f80000,0x0000000718f80000,0x0000000719200000)
 ParOldGen       total 349696K, used 327510K [0x00000005c1000000, 0x00000005d6580000, 0x0000000715b00000)
  object space 349696K, 93% used [0x00000005c1000000,0x00000005d4fd5ac8,0x00000005d6580000)
 Metaspace       used 13274K, capacity 13417K, committed 13696K, reserved 1062912K
  class space    used 1032K, capacity 1097K, committed 1152K, reserved 1048576K
}
Event: 52.754 GC heap before
{Heap before GC invocations=316 (full 0):
 PSYoungGen      total 46592K, used 46308K [0x0000000715b00000, 0x0000000719200000, 0x00000007c0000000)
  eden space 45568K, 100% used [0x0000000715b00000,0x0000000718780000,0x0000000718780000)
  from space 1024K, 72% used [0x0000000718d80000,0x0000000718e39278,0x0000000718e80000)
  to   space 2560K, 0% used [0x0000000718f80000,0x0000000718f80000,0x0000000719200000)
 ParOldGen       total 349696K, used 327510K [0x00000005c1000000, 0x00000005d6580000, 0x0000000715b00000)
  object space 349696K, 93% used [0x00000005c1000000,0x00000005d4fd5ac8,0x00000005d6580000)
 Metaspace       used 13274K, capacity 13417K, committed 13696K, reserved 1062912K
  class space    used 1032K, capacity 1097K, committed 1152K, reserved 1048576K
Event: 52.756 GC heap after
Heap after GC invocations=316 (full 0):
 PSYoungGen      total 47616K, used 2212K [0x0000000715b00000, 0x0000000719200000, 0x00000007c0000000)
  eden space 45056K, 0% used [0x0000000715b00000,0x0000000715b00000,0x0000000718700000)
  from space 2560K, 86% used [0x0000000718f80000,0x00000007191a9278,0x0000000719200000)
  to   space 2560K, 0% used [0x0000000718d00000,0x0000000718d00000,0x0000000718f80000)
 ParOldGen       total 349696K, used 327990K [0x00000005c1000000, 0x00000005d6580000, 0x0000000715b00000)
  object space 349696K, 93% used [0x00000005c1000000,0x00000005d504dac8,0x00000005d6580000)
 Metaspace       used 13274K, capacity 13417K, committed 13696K, reserved 1062912K
  class space    used 1032K, capacity 1097K, committed 1152K, reserved 1048576K
}

