# JRE version: Java(TM) SE Runtime Environment (8.0_251-b08) (build 1.8.0_251-b08)
# Java VM: Java HotSpot(TM) 64-Bit Server VM (25.251-b08 mixed mode windows-amd64 compressed oops)
Heap:
 PSYoungGen      total 138240K, used 62479K [0x0000000715b00000, 0x000000071fe80000, 0x00000007c0000000)
  eden space 114176K, 48% used [0x0000000715b00000,0x00000007190cab10,0x000000071ca80000)
  from space 24064K, 30% used [0x000000071e700000,0x000000071ee39278,0x000000071fe80000)
  to   space 26624K, 0% used [0x000000071ca80000,0x000000071ca80000,0x000000071e480000)
 ParOldGen       total 349696K, used 34741K [0x00000005c1000000, 0x00000005d6580000, 0x0000000715b00000)
  object space 349696K, 9% used [0x00000005c1000000,0x00000005c31ed520,0x00000005d6580000)
 Metaspace       used 13198K, capacity 13417K, committed 13696K, reserved 1062912K
  class space    used 1027K, capacity 1097K, committed 1152K, reserved 1048576K
GC Heap History (10 events):
Event: 5.512 GC heap before
{Heap before GC invocations=6 (full 0):
 PSYoungGen      total 149504K, used 149113K [0x0000000715b00000, 0x0000000720680000, 0x00000007c0000000)
  eden space 128512K, 100% used [0x0000000715b00000,0x000000071d880000,0x000000071d880000)
  from space 20992K, 98% used [0x000000071db80000,0x000000071ef9e5b8,0x000000071f000000)
  to   space 23040K, 0% used [0x000000071f000000,0x000000071f000000,0x0000000720680000)
 ParOldGen       total 349696K, used 40K [0x00000005c1000000, 0x00000005d6580000, 0x0000000715b00000)
  object space 349696K, 0% used [0x00000005c1000000,0x00000005c100a000,0x00000005d6580000)
 Metaspace       used 13181K, capacity 13417K, committed 13696K, reserved 1062912K
  class space    used 1027K, capacity 1097K, committed 1152K, reserved 1048576K
Event: 5.516 GC heap after
Heap after GC invocations=6 (full 0):
 PSYoungGen      total 147456K, used 23033K [0x0000000715b00000, 0x0000000720c80000, 0x00000007c0000000)
  eden space 124416K, 0% used [0x0000000715b00000,0x0000000715b00000,0x000000071d480000)
  from space 23040K, 99% used [0x000000071f000000,0x000000072067e5b8,0x0000000720680000)
  to   space 28160K, 0% used [0x000000071d480000,0x000000071d480000,0x000000071f000000)
 ParOldGen       total 349696K, used 1696K [0x00000005c1000000, 0x00000005d6580000, 0x0000000715b00000)
  object space 349696K, 0% used [0x00000005c1000000,0x00000005c11a8000,0x00000005d6580000)
 Metaspace       used 13181K, capacity 13417K, committed 13696K, reserved 1062912K
  class space    used 1027K, capacity 1097K, committed 1152K, reserved 1048576K
}
Event: 6.376 GC heap before
{Heap before GC invocations=7 (full 0):
 PSYoungGen      total 147456K, used 147449K [0x0000000715b00000, 0x0000000720c80000, 0x00000007c0000000)
  eden space 124416K, 100% used [0x0000000715b00000,0x000000071d480000,0x000000071d480000)
  from space 23040K, 99% used [0x000000071f000000,0x000000072067e5b8,0x0000000720680000)
  to   space 28160K, 0% used [0x000000071d480000,0x000000071d480000,0x000000071f000000)
 ParOldGen       total 349696K, used 1696K [0x00000005c1000000, 0x00000005d6580000, 0x0000000715b00000)
  object space 349696K, 0% used [0x00000005c1000000,0x00000005c11a8000,0x00000005d6580000)
 Metaspace       used 13196K, capacity 13417K, committed 13696K, reserved 1062912K
  class space    used 1027K, capacity 1097K, committed 1152K, reserved 1048576K
Event: 6.382 GC heap after
Heap after GC invocations=7 (full 0):
 PSYoungGen      total 141824K, used 19620K [0x0000000715b00000, 0x0000000720900000, 0x00000007c0000000)
  eden space 121856K, 0% used [0x0000000715b00000,0x0000000715b00000,0x000000071d200000)
  from space 19968K, 98% used [0x000000071d480000,0x000000071e7a9278,0x000000071e800000)
  to   space 28160K, 0% used [0x000000071ed80000,0x000000071ed80000,0x0000000720900000)
 ParOldGen       total 349696K, used 11282K [0x00000005c1000000, 0x00000005d6580000, 0x0000000715b00000)
  object space 349696K, 3% used [0x00000005c1000000,0x00000005c1b049b0,0x00000005d6580000)
 Metaspace       used 13196K, capacity 13417K, committed 13696K, reserved 1062912K
  class space    used 1027K, capacity 1097K, committed 1152K, reserved 1048576K
}
Event: 7.002 GC heap before
{Heap before GC invocations=8 (full 0):
 PSYoungGen      total 141824K, used 141476K [0x0000000715b00000, 0x0000000720900000, 0x00000007c0000000)
  eden space 121856K, 100% used [0x0000000715b00000,0x000000071d200000,0x000000071d200000)
  from space 19968K, 98% used [0x000000071d480000,0x000000071e7a9278,0x000000071e800000)
  to   space 28160K, 0% used [0x000000071ed80000,0x000000071ed80000,0x0000000720900000)
 ParOldGen       total 349696K, used 11282K [0x00000005c1000000, 0x00000005d6580000, 0x0000000715b00000)
  object space 349696K, 3% used [0x00000005c1000000,0x00000005c1b049b0,0x00000005d6580000)
 Metaspace       used 13198K, capacity 13417K, committed 13696K, reserved 1062912K
  class space    used 1027K, capacity 1097K, committed 1152K, reserved 1048576K
Event: 7.006 GC heap after
Heap after GC invocations=8 (full 0):
 PSYoungGen      total 142848K, used 16388K [0x0000000715b00000, 0x0000000720480000, 0x00000007c0000000)
  eden space 119296K, 0% used [0x0000000715b00000,0x0000000715b00000,0x000000071cf80000)
  from space 23552K, 69% used [0x000000071ed80000,0x000000071fd81278,0x0000000720480000)
  to   space 27136K, 0% used [0x000000071cf80000,0x000000071cf80000,0x000000071ea00000)
 ParOldGen       total 349696K, used 18386K [0x00000005c1000000, 0x00000005d6580000, 0x0000000715b00000)
  object space 349696K, 5% used [0x00000005c1000000,0x00000005c21f49b0,0x00000005d6580000)
 Metaspace       used 13198K, capacity 13417K, committed 13696K, reserved 1062912K
  class space    used 1027K, capacity 1097K, committed 1152K, reserved 1048576K
}
Event: 7.590 GC heap before
{Heap before GC invocations=9 (full 0):
 PSYoungGen      total 142848K, used 135684K [0x0000000715b00000, 0x0000000720480000, 0x00000007c0000000)
  eden space 119296K, 100% used [0x0000000715b00000,0x000000071cf80000,0x000000071cf80000)
  from space 23552K, 69% used [0x000000071ed80000,0x000000071fd81278,0x0000000720480000)
  to   space 27136K, 0% used [0x000000071cf80000,0x000000071cf80000,0x000000071ea00000)
 ParOldGen       total 349696K, used 18386K [0x00000005c1000000, 0x00000005d6580000, 0x0000000715b00000)
  object space 349696K, 5% used [0x00000005c1000000,0x00000005c21f49b0,0x00000005d6580000)
 Metaspace       used 13198K, capacity 13417K, committed 13696K, reserved 1062912K
  class space    used 1027K, capacity 1097K, committed 1152K, reserved 1048576K
Event: 7.593 GC heap after
Heap after GC invocations=9 (full 0):
 PSYoungGen      total 130560K, used 13572K [0x0000000715b00000, 0x0000000720100000, 0x00000007c0000000)
  eden space 116736K, 0% used [0x0000000715b00000,0x0000000715b00000,0x000000071cd00000)
  from space 13824K, 98% used [0x000000071cf80000,0x000000071dcc1278,0x000000071dd00000)
  to   space 26624K, 0% used [0x000000071e700000,0x000000071e700000,0x0000000720100000)
 ParOldGen       total 349696K, used 24898K [0x00000005c1000000, 0x00000005d6580000, 0x0000000715b00000)
  object space 349696K, 7% used [0x00000005c1000000,0x00000005c28509b0,0x00000005d6580000)
 Metaspace       used 13198K, capacity 13417K, committed 13696K, reserved 1062912K
  class space    used 1027K, capacity 1097K, committed 1152K, reserved 1048576K
}
Event: 8.191 GC heap before
{Heap before GC invocations=10 (full 0):
 PSYoungGen      total 130560K, used 130308K [0x0000000715b00000, 0x0000000720100000, 0x00000007c0000000)
  eden space 116736K, 100% used [0x0000000715b00000,0x000000071cd00000,0x000000071cd00000)
  from space 13824K, 98% used [0x000000071cf80000,0x000000071dcc1278,0x000000071dd00000)
  to   space 26624K, 0% used [0x000000071e700000,0x000000071e700000,0x0000000720100000)
 ParOldGen       total 349696K, used 24898K [0x00000005c1000000, 0x00000005d6580000, 0x0000000715b00000)
  object space 349696K, 7% used [0x00000005c1000000,0x00000005c28509b0,0x00000005d6580000)
 Metaspace       used 13198K, capacity 13417K, committed 13696K, reserved 1062912K
  class space    used 1027K, capacity 1097K, committed 1152K, reserved 1048576K
Event: 8.194 GC heap after
Heap after GC invocations=10 (full 0):
 PSYoungGen      total 138240K, used 7396K [0x0000000715b00000, 0x000000071fe80000, 0x00000007c0000000)
  eden space 114176K, 0% used [0x0000000715b00000,0x0000000715b00000,0x000000071ca80000)
  from space 24064K, 30% used [0x000000071e700000,0x000000071ee39278,0x000000071fe80000)
  to   space 26624K, 0% used [0x000000071ca80000,0x000000071ca80000,0x000000071e480000)
 ParOldGen       total 349696K, used 34741K [0x00000005c1000000, 0x00000005d6580000, 0x0000000715b00000)
  object space 349696K, 9% used [0x00000005c1000000,0x00000005c31ed520,0x00000005d6580000)
 Metaspace       used 13198K, capacity 13417K, committed 13696K, reserved 1062912K
  class space    used 1027K, capacity 1097K, committed 1152K, reserved 1048576K
}

