# JRE version: Java(TM) SE Runtime Environment (8.0_231-b11) (build 1.8.0_231-b11)
# Java VM: Java HotSpot(TM) 64-Bit Server VM (25.231-b11 mixed mode windows-amd64 compressed oops)
Heap:
 PSYoungGen      total 476160K, used 139771K [0x0000000715b00000, 0x0000000736d80000, 0x00000007c0000000)
  eden space 460800K, 27% used [0x0000000715b00000,0x000000071d497a28,0x0000000731d00000)
  from space 15360K, 99% used [0x0000000733400000,0x00000007342e7420,0x0000000734300000)
  to   space 35328K, 0% used [0x0000000734b00000,0x0000000734b00000,0x0000000736d80000)
 ParOldGen       total 349696K, used 61154K [0x00000005c1000000, 0x00000005d6580000, 0x0000000715b00000)
  object space 349696K, 17% used [0x00000005c1000000,0x00000005c4bb8ad0,0x00000005d6580000)
 Metaspace       used 13220K, capacity 13417K, committed 13696K, reserved 1062912K
  class space    used 1028K, capacity 1097K, committed 1152K, reserved 1048576K
GC Heap History (10 events):
Event: 5.363 GC heap before
{Heap before GC invocations=7 (full 0):
 PSYoungGen      total 278016K, used 277998K [0x0000000715b00000, 0x0000000728500000, 0x00000007c0000000)
  eden space 260096K, 100% used [0x0000000715b00000,0x0000000725900000,0x0000000725900000)
  from space 17920K, 99% used [0x0000000726d80000,0x0000000727efb8c8,0x0000000727f00000)
  to   space 20992K, 0% used [0x0000000725900000,0x0000000725900000,0x0000000726d80000)
 ParOldGen       total 349696K, used 898K [0x00000005c1000000, 0x00000005d6580000, 0x0000000715b00000)
  object space 349696K, 0% used [0x00000005c1000000,0x00000005c10e0930,0x00000005d6580000)
 Metaspace       used 13203K, capacity 13417K, committed 13696K, reserved 1062912K
  class space    used 1027K, capacity 1097K, committed 1152K, reserved 1048576K
Event: 5.369 GC heap after
Heap after GC invocations=7 (full 0):
 PSYoungGen      total 281088K, used 17749K [0x0000000715b00000, 0x0000000738300000, 0x00000007c0000000)
  eden space 260096K, 0% used [0x0000000715b00000,0x0000000715b00000,0x0000000725900000)
  from space 20992K, 84% used [0x0000000725900000,0x0000000726a55710,0x0000000726d80000)
  to   space 22528K, 0% used [0x0000000736d00000,0x0000000736d00000,0x0000000738300000)
 ParOldGen       total 349696K, used 8594K [0x00000005c1000000, 0x00000005d6580000, 0x0000000715b00000)
  object space 349696K, 2% used [0x00000005c1000000,0x00000005c18649b0,0x00000005d6580000)
 Metaspace       used 13203K, capacity 13417K, committed 13696K, reserved 1062912K
  class space    used 1027K, capacity 1097K, committed 1152K, reserved 1048576K
}
Event: 6.162 GC heap before
{Heap before GC invocations=8 (full 0):
 PSYoungGen      total 281088K, used 277845K [0x0000000715b00000, 0x0000000738300000, 0x00000007c0000000)
  eden space 260096K, 100% used [0x0000000715b00000,0x0000000725900000,0x0000000725900000)
  from space 20992K, 84% used [0x0000000725900000,0x0000000726a55710,0x0000000726d80000)
  to   space 22528K, 0% used [0x0000000736d00000,0x0000000736d00000,0x0000000738300000)
 ParOldGen       total 349696K, used 8594K [0x00000005c1000000, 0x00000005d6580000, 0x0000000715b00000)
  object space 349696K, 2% used [0x00000005c1000000,0x00000005c18649b0,0x00000005d6580000)
 Metaspace       used 13204K, capacity 13417K, committed 13696K, reserved 1062912K
  class space    used 1027K, capacity 1097K, committed 1152K, reserved 1048576K
Event: 6.166 GC heap after
Heap after GC invocations=8 (full 0):
 PSYoungGen      total 541696K, used 18101K [0x0000000715b00000, 0x0000000738500000, 0x00000007c0000000)
  eden space 519168K, 0% used [0x0000000715b00000,0x0000000715b00000,0x0000000735600000)
  from space 22528K, 80% used [0x0000000736d00000,0x0000000737ead7c8,0x0000000738300000)
  to   space 23552K, 0% used [0x0000000735600000,0x0000000735600000,0x0000000736d00000)
 ParOldGen       total 349696K, used 13746K [0x00000005c1000000, 0x00000005d6580000, 0x0000000715b00000)
  object space 349696K, 3% used [0x00000005c1000000,0x00000005c1d6c9b0,0x00000005d6580000)
 Metaspace       used 13204K, capacity 13417K, committed 13696K, reserved 1062912K
  class space    used 1027K, capacity 1097K, committed 1152K, reserved 1048576K
}
Event: 7.996 GC heap before
{Heap before GC invocations=9 (full 0):
 PSYoungGen      total 541696K, used 537269K [0x0000000715b00000, 0x0000000738500000, 0x00000007c0000000)
  eden space 519168K, 100% used [0x0000000715b00000,0x0000000735600000,0x0000000735600000)
  from space 22528K, 80% used [0x0000000736d00000,0x0000000737ead7c8,0x0000000738300000)
  to   space 23552K, 0% used [0x0000000735600000,0x0000000735600000,0x0000000736d00000)
 ParOldGen       total 349696K, used 13746K [0x00000005c1000000, 0x00000005d6580000, 0x0000000715b00000)
  object space 349696K, 3% used [0x00000005c1000000,0x00000005c1d6c9b0,0x00000005d6580000)
 Metaspace       used 13220K, capacity 13417K, committed 13696K, reserved 1062912K
  class space    used 1028K, capacity 1097K, committed 1152K, reserved 1048576K
Event: 8.002 GC heap after
Heap after GC invocations=9 (full 0):
 PSYoungGen      total 522240K, used 23524K [0x0000000715b00000, 0x0000000737c00000, 0x00000007c0000000)
  eden space 498688K, 0% used [0x0000000715b00000,0x0000000715b00000,0x0000000734200000)
  from space 23552K, 99% used [0x0000000735600000,0x0000000736cf9278,0x0000000736d00000)
  to   space 15360K, 0% used [0x0000000736d00000,0x0000000736d00000,0x0000000737c00000)
 ParOldGen       total 349696K, used 22922K [0x00000005c1000000, 0x00000005d6580000, 0x0000000715b00000)
  object space 349696K, 6% used [0x00000005c1000000,0x00000005c2662ad0,0x00000005d6580000)
 Metaspace       used 13220K, capacity 13417K, committed 13696K, reserved 1062912K
  class space    used 1028K, capacity 1097K, committed 1152K, reserved 1048576K
}
Event: 9.806 GC heap before
{Heap before GC invocations=10 (full 0):
 PSYoungGen      total 522240K, used 522212K [0x0000000715b00000, 0x0000000737c00000, 0x00000007c0000000)
  eden space 498688K, 100% used [0x0000000715b00000,0x0000000734200000,0x0000000734200000)
  from space 23552K, 99% used [0x0000000735600000,0x0000000736cf9278,0x0000000736d00000)
  to   space 15360K, 0% used [0x0000000736d00000,0x0000000736d00000,0x0000000737c00000)
 ParOldGen       total 349696K, used 22922K [0x00000005c1000000, 0x00000005d6580000, 0x0000000715b00000)
  object space 349696K, 6% used [0x00000005c1000000,0x00000005c2662ad0,0x00000005d6580000)
 Metaspace       used 13220K, capacity 13417K, committed 13696K, reserved 1062912K
  class space    used 1028K, capacity 1097K, committed 1152K, reserved 1048576K
Event: 9.813 GC heap after
Heap after GC invocations=10 (full 0):
 PSYoungGen      total 494592K, used 15332K [0x0000000715b00000, 0x0000000737c00000, 0x00000007c0000000)
  eden space 479232K, 0% used [0x0000000715b00000,0x0000000715b00000,0x0000000732f00000)
  from space 15360K, 99% used [0x0000000736d00000,0x0000000737bf9278,0x0000000737c00000)
  to   space 36864K, 0% used [0x0000000733400000,0x0000000733400000,0x0000000735800000)
 ParOldGen       total 349696K, used 45890K [0x00000005c1000000, 0x00000005d6580000, 0x0000000715b00000)
  object space 349696K, 13% used [0x00000005c1000000,0x00000005c3cd0ad0,0x00000005d6580000)
 Metaspace       used 13220K, capacity 13417K, committed 13696K, reserved 1062912K
  class space    used 1028K, capacity 1097K, committed 1152K, reserved 1048576K
}
Event: 11.617 GC heap before
{Heap before GC invocations=11 (full 0):
 PSYoungGen      total 494592K, used 494564K [0x0000000715b00000, 0x0000000737c00000, 0x00000007c0000000)
  eden space 479232K, 100% used [0x0000000715b00000,0x0000000732f00000,0x0000000732f00000)
  from space 15360K, 99% used [0x0000000736d00000,0x0000000737bf9278,0x0000000737c00000)
  to   space 36864K, 0% used [0x0000000733400000,0x0000000733400000,0x0000000735800000)
 ParOldGen       total 349696K, used 45890K [0x00000005c1000000, 0x00000005d6580000, 0x0000000715b00000)
  object space 349696K, 13% used [0x00000005c1000000,0x00000005c3cd0ad0,0x00000005d6580000)
 Metaspace       used 13220K, capacity 13417K, committed 13696K, reserved 1062912K
  class space    used 1028K, capacity 1097K, committed 1152K, reserved 1048576K
Event: 11.624 GC heap after
Heap after GC invocations=11 (full 0):
 PSYoungGen      total 476160K, used 15261K [0x0000000715b00000, 0x0000000736d80000, 0x00000007c0000000)
  eden space 460800K, 0% used [0x0000000715b00000,0x0000000715b00000,0x0000000731d00000)
  from space 15360K, 99% used [0x0000000733400000,0x00000007342e7420,0x0000000734300000)
  to   space 35328K, 0% used [0x0000000734b00000,0x0000000734b00000,0x0000000736d80000)
 ParOldGen       total 349696K, used 61154K [0x00000005c1000000, 0x00000005d6580000, 0x0000000715b00000)
  object space 349696K, 17% used [0x00000005c1000000,0x00000005c4bb8ad0,0x00000005d6580000)
 Metaspace       used 13220K, capacity 13417K, committed 13696K, reserved 1062912K
  class space    used 1028K, capacity 1097K, committed 1152K, reserved 1048576K
}

