# JRE version: Java(TM) SE Runtime Environment (8.0_251-b08) (build 1.8.0_251-b08)
# Java VM: Java HotSpot(TM) 64-Bit Server VM (25.251-b08 mixed mode windows-amd64 compressed oops)
Heap:
 PSYoungGen      total 2612736K, used 145329K [0x0000000715b00000, 0x00000007bf480000, 0x00000007c0000000)
  eden space 2449408K, 3% used [0x0000000715b00000,0x000000071b3d04d0,0x00000007ab300000)
  from space 163328K, 33% used [0x00000007ab300000,0x00000007ae81c210,0x00000007b5280000)
  to   space 153088K, 0% used [0x00000007b5f00000,0x00000007b5f00000,0x00000007bf480000)
 ParOldGen       total 708608K, used 452768K [0x00000005c1000000, 0x00000005ec400000, 0x0000000715b00000)
  object space 708608K, 63% used [0x00000005c1000000,0x00000005dca28188,0x00000005ec400000)
 Metaspace       used 13398K, capacity 13605K, committed 13824K, reserved 1062912K
  class space    used 1047K, capacity 1161K, committed 1280K, reserved 1048576K
GC Heap History (10 events):
Event: 8.470 GC heap before
{Heap before GC invocations=12 (full 1):
 PSYoungGen      total 1802752K, used 28164K [0x0000000715b00000, 0x00000007c0000000, 0x00000007c0000000)
  eden space 1631232K, 0% used [0x0000000715b00000,0x0000000715b00000,0x0000000779400000)
  from space 171520K, 16% used [0x0000000779400000,0x000000077af81278,0x0000000783b80000)
  to   space 169984K, 0% used [0x00000007b5a00000,0x00000007b5a00000,0x00000007c0000000)
 ParOldGen       total 418304K, used 417322K [0x00000005c1000000, 0x00000005da880000, 0x0000000715b00000)
  object space 418304K, 99% used [0x00000005c1000000,0x00000005da78ab78,0x00000005da880000)
 Metaspace       used 13390K, capacity 13605K, committed 13824K, reserved 1062912K
  class space    used 1047K, capacity 1161K, committed 1280K, reserved 1048576K
Event: 8.757 GC heap after
Heap after GC invocations=12 (full 1):
 PSYoungGen      total 1802752K, used 19251K [0x0000000715b00000, 0x00000007c0000000, 0x00000007c0000000)
  eden space 1631232K, 0% used [0x0000000715b00000,0x0000000715b00000,0x0000000779400000)
  from space 171520K, 11% used [0x0000000779400000,0x000000077a6cccf8,0x0000000783b80000)
  to   space 169984K, 0% used [0x00000007b5a00000,0x00000007b5a00000,0x00000007c0000000)
 ParOldGen       total 708608K, used 417877K [0x00000005c1000000, 0x00000005ec400000, 0x0000000715b00000)
  object space 708608K, 58% used [0x00000005c1000000,0x00000005da815660,0x00000005ec400000)
 Metaspace       used 13390K, capacity 13605K, committed 13824K, reserved 1062912K
  class space    used 1047K, capacity 1161K, committed 1280K, reserved 1048576K
}
Event: 9.953 GC heap before
{Heap before GC invocations=13 (full 1):
 PSYoungGen      total 1802752K, used 1650483K [0x0000000715b00000, 0x00000007c0000000, 0x00000007c0000000)
  eden space 1631232K, 100% used [0x0000000715b00000,0x0000000779400000,0x0000000779400000)
  from space 171520K, 11% used [0x0000000779400000,0x000000077a6cccf8,0x0000000783b80000)
  to   space 169984K, 0% used [0x00000007b5a00000,0x00000007b5a00000,0x00000007c0000000)
 ParOldGen       total 708608K, used 417877K [0x00000005c1000000, 0x00000005ec400000, 0x0000000715b00000)
  object space 708608K, 58% used [0x00000005c1000000,0x00000005da815660,0x00000005ec400000)
 Metaspace       used 13396K, capacity 13605K, committed 13824K, reserved 1062912K
  class space    used 1047K, capacity 1161K, committed 1280K, reserved 1048576K
Event: 9.976 GC heap after
Heap after GC invocations=13 (full 1):
 PSYoungGen      total 2194432K, used 2184K [0x0000000715b00000, 0x00000007b5c80000, 0x00000007c0000000)
  eden space 2191872K, 0% used [0x0000000715b00000,0x0000000715b00000,0x000000079b780000)
  from space 2560K, 85% used [0x00000007b5a00000,0x00000007b5c22260,0x00000007b5c80000)
  to   space 172032K, 0% used [0x00000007a0c80000,0x00000007a0c80000,0x00000007ab480000)
 ParOldGen       total 708608K, used 437277K [0x00000005c1000000, 0x00000005ec400000, 0x0000000715b00000)
  object space 708608K, 61% used [0x00000005c1000000,0x00000005dbb07660,0x00000005ec400000)
 Metaspace       used 13396K, capacity 13605K, committed 13824K, reserved 1062912K
  class space    used 1047K, capacity 1161K, committed 1280K, reserved 1048576K
}
Event: 11.637 GC heap before
{Heap before GC invocations=14 (full 1):
 PSYoungGen      total 2194432K, used 2194056K [0x0000000715b00000, 0x00000007b5c80000, 0x00000007c0000000)
  eden space 2191872K, 100% used [0x0000000715b00000,0x000000079b780000,0x000000079b780000)
  from space 2560K, 85% used [0x00000007b5a00000,0x00000007b5c22260,0x00000007b5c80000)
  to   space 172032K, 0% used [0x00000007a0c80000,0x00000007a0c80000,0x00000007ab480000)
 ParOldGen       total 708608K, used 437277K [0x00000005c1000000, 0x00000005ec400000, 0x0000000715b00000)
  object space 708608K, 61% used [0x00000005c1000000,0x00000005dbb07660,0x00000005ec400000)
 Metaspace       used 13396K, capacity 13605K, committed 13824K, reserved 1062912K
  class space    used 1047K, capacity 1161K, committed 1280K, reserved 1048576K
Event: 11.644 GC heap after
Heap after GC invocations=14 (full 1):
 PSYoungGen      total 2450944K, used 18549K [0x0000000715b00000, 0x00000007c0000000, 0x00000007c0000000)
  eden space 2278912K, 0% used [0x0000000715b00000,0x0000000715b00000,0x00000007a0c80000)
  from space 172032K, 10% used [0x00000007a0c80000,0x00000007a1e9d738,0x00000007ab480000)
  to   space 168960K, 0% used [0x00000007b5b00000,0x00000007b5b00000,0x00000007c0000000)
 ParOldGen       total 708608K, used 437592K [0x00000005c1000000, 0x00000005ec400000, 0x0000000715b00000)
  object space 708608K, 61% used [0x00000005c1000000,0x00000005dbb56178,0x00000005ec400000)
 Metaspace       used 13396K, capacity 13605K, committed 13824K, reserved 1062912K
  class space    used 1047K, capacity 1161K, committed 1280K, reserved 1048576K
}
Event: 13.511 GC heap before
{Heap before GC invocations=15 (full 1):
 PSYoungGen      total 2450944K, used 2297461K [0x0000000715b00000, 0x00000007c0000000, 0x00000007c0000000)
  eden space 2278912K, 100% used [0x0000000715b00000,0x00000007a0c80000,0x00000007a0c80000)
  from space 172032K, 10% used [0x00000007a0c80000,0x00000007a1e9d738,0x00000007ab480000)
  to   space 168960K, 0% used [0x00000007b5b00000,0x00000007b5b00000,0x00000007c0000000)
 ParOldGen       total 708608K, used 437592K [0x00000005c1000000, 0x00000005ec400000, 0x0000000715b00000)
  object space 708608K, 61% used [0x00000005c1000000,0x00000005dbb56178,0x00000005ec400000)
 Metaspace       used 13397K, capacity 13605K, committed 13824K, reserved 1062912K
  class space    used 1047K, capacity 1161K, committed 1280K, reserved 1048576K
Event: 13.523 GC heap after
Heap after GC invocations=15 (full 1):
 PSYoungGen      total 2604032K, used 29124K [0x0000000715b00000, 0x00000007bf200000, 0x00000007c0000000)
  eden space 2449408K, 0% used [0x0000000715b00000,0x0000000715b00000,0x00000007ab300000)
  from space 154624K, 18% used [0x00000007b5b00000,0x00000007b7771308,0x00000007bf200000)
  to   space 163328K, 0% used [0x00000007ab300000,0x00000007ab300000,0x00000007b5280000)
 ParOldGen       total 708608K, used 452768K [0x00000005c1000000, 0x00000005ec400000, 0x0000000715b00000)
  object space 708608K, 63% used [0x00000005c1000000,0x00000005dca28188,0x00000005ec400000)
 Metaspace       used 13397K, capacity 13605K, committed 13824K, reserved 1062912K
  class space    used 1047K, capacity 1161K, committed 1280K, reserved 1048576K
}
Event: 15.608 GC heap before
{Heap before GC invocations=16 (full 1):
 PSYoungGen      total 2604032K, used 2478532K [0x0000000715b00000, 0x00000007bf200000, 0x00000007c0000000)
  eden space 2449408K, 100% used [0x0000000715b00000,0x00000007ab300000,0x00000007ab300000)
  from space 154624K, 18% used [0x00000007b5b00000,0x00000007b7771308,0x00000007bf200000)
  to   space 163328K, 0% used [0x00000007ab300000,0x00000007ab300000,0x00000007b5280000)
 ParOldGen       total 708608K, used 452768K [0x00000005c1000000, 0x00000005ec400000, 0x0000000715b00000)
  object space 708608K, 63% used [0x00000005c1000000,0x00000005dca28188,0x00000005ec400000)
 Metaspace       used 13398K, capacity 13605K, committed 13824K, reserved 1062912K
  class space    used 1047K, capacity 1161K, committed 1280K, reserved 1048576K
Event: 15.688 GC heap after
Heap after GC invocations=16 (full 1):
 PSYoungGen      total 2612736K, used 54384K [0x0000000715b00000, 0x00000007bf480000, 0x00000007c0000000)
  eden space 2449408K, 0% used [0x0000000715b00000,0x0000000715b00000,0x00000007ab300000)
  from space 163328K, 33% used [0x00000007ab300000,0x00000007ae81c210,0x00000007b5280000)
  to   space 153088K, 0% used [0x00000007b5f00000,0x00000007b5f00000,0x00000007bf480000)
 ParOldGen       total 708608K, used 452768K [0x00000005c1000000, 0x00000005ec400000, 0x0000000715b00000)
  object space 708608K, 63% used [0x00000005c1000000,0x00000005dca28188,0x00000005ec400000)
 Metaspace       used 13398K, capacity 13605K, committed 13824K, reserved 1062912K
  class space    used 1047K, capacity 1161K, committed 1280K, reserved 1048576K
}

