# JRE version: Java(TM) SE Runtime Environment (8.0_251-b08) (build 1.8.0_251-b08)
# Java VM: Java HotSpot(TM) 64-Bit Server VM (25.251-b08 mixed mode windows-amd64 compressed oops)
Heap:
 PSYoungGen      total 41472K, used 11309K [0x0000000715b00000, 0x0000000718700000, 0x00000007c0000000)
  eden space 39424K, 23% used [0x0000000715b00000,0x00000007164233b0,0x0000000718180000)
  from space 2048K, 95% used [0x0000000718400000,0x00000007185e8150,0x0000000718600000)
  to   space 2560K, 0% used [0x0000000718180000,0x0000000718180000,0x0000000718400000)
 ParOldGen       total 349696K, used 224393K [0x00000005c1000000, 0x00000005d6580000, 0x0000000715b00000)
  object space 349696K, 64% used [0x00000005c1000000,0x00000005ceb22518,0x00000005d6580000)
 Metaspace       used 13213K, capacity 13417K, committed 13696K, reserved 1062912K
  class space    used 1028K, capacity 1097K, committed 1152K, reserved 1048576K
GC Heap History (10 events):
Event: 38.703 GC heap before
{Heap before GC invocations=214 (full 0):
 PSYoungGen      total 41984K, used 40900K [0x0000000715b00000, 0x0000000718600000, 0x00000007c0000000)
  eden space 39936K, 100% used [0x0000000715b00000,0x0000000718200000,0x0000000718200000)
  from space 2048K, 47% used [0x0000000718200000,0x00000007182f1278,0x0000000718400000)
  to   space 2048K, 0% used [0x0000000718400000,0x0000000718400000,0x0000000718600000)
 ParOldGen       total 349696K, used 221057K [0x00000005c1000000, 0x00000005d6580000, 0x0000000715b00000)
  object space 349696K, 63% used [0x00000005c1000000,0x00000005ce7e0518,0x00000005d6580000)
 Metaspace       used 13213K, capacity 13417K, committed 13696K, reserved 1062912K
  class space    used 1028K, capacity 1097K, committed 1152K, reserved 1048576K
Event: 38.704 GC heap after
Heap after GC invocations=214 (full 0):
 PSYoungGen      total 41984K, used 1531K [0x0000000715b00000, 0x0000000718600000, 0x00000007c0000000)
  eden space 39936K, 0% used [0x0000000715b00000,0x0000000715b00000,0x0000000718200000)
  from space 2048K, 74% used [0x0000000718400000,0x000000071857ee20,0x0000000718600000)
  to   space 2048K, 0% used [0x0000000718200000,0x0000000718200000,0x0000000718400000)
 ParOldGen       total 349696K, used 221785K [0x00000005c1000000, 0x00000005d6580000, 0x0000000715b00000)
  object space 349696K, 63% used [0x00000005c1000000,0x00000005ce896518,0x00000005d6580000)
 Metaspace       used 13213K, capacity 13417K, committed 13696K, reserved 1062912K
  class space    used 1028K, capacity 1097K, committed 1152K, reserved 1048576K
}
Event: 38.835 GC heap before
{Heap before GC invocations=215 (full 0):
 PSYoungGen      total 41984K, used 41467K [0x0000000715b00000, 0x0000000718600000, 0x00000007c0000000)
  eden space 39936K, 100% used [0x0000000715b00000,0x0000000718200000,0x0000000718200000)
  from space 2048K, 74% used [0x0000000718400000,0x000000071857ee20,0x0000000718600000)
  to   space 2048K, 0% used [0x0000000718200000,0x0000000718200000,0x0000000718400000)
 ParOldGen       total 349696K, used 221785K [0x00000005c1000000, 0x00000005d6580000, 0x0000000715b00000)
  object space 349696K, 63% used [0x00000005c1000000,0x00000005ce896518,0x00000005d6580000)
 Metaspace       used 13213K, capacity 13417K, committed 13696K, reserved 1062912K
  class space    used 1028K, capacity 1097K, committed 1152K, reserved 1048576K
Event: 38.836 GC heap after
Heap after GC invocations=215 (full 0):
 PSYoungGen      total 41984K, used 676K [0x0000000715b00000, 0x0000000718600000, 0x00000007c0000000)
  eden space 39936K, 0% used [0x0000000715b00000,0x0000000715b00000,0x0000000718200000)
  from space 2048K, 33% used [0x0000000718200000,0x00000007182a9278,0x0000000718400000)
  to   space 2048K, 0% used [0x0000000718400000,0x0000000718400000,0x0000000718600000)
 ParOldGen       total 349696K, used 222873K [0x00000005c1000000, 0x00000005d6580000, 0x0000000715b00000)
  object space 349696K, 63% used [0x00000005c1000000,0x00000005ce9a6518,0x00000005d6580000)
 Metaspace       used 13213K, capacity 13417K, committed 13696K, reserved 1062912K
  class space    used 1028K, capacity 1097K, committed 1152K, reserved 1048576K
}
Event: 38.962 GC heap before
{Heap before GC invocations=216 (full 0):
 PSYoungGen      total 41984K, used 40612K [0x0000000715b00000, 0x0000000718600000, 0x00000007c0000000)
  eden space 39936K, 100% used [0x0000000715b00000,0x0000000718200000,0x0000000718200000)
  from space 2048K, 33% used [0x0000000718200000,0x00000007182a9278,0x0000000718400000)
  to   space 2048K, 0% used [0x0000000718400000,0x0000000718400000,0x0000000718600000)
 ParOldGen       total 349696K, used 222873K [0x00000005c1000000, 0x00000005d6580000, 0x0000000715b00000)
  object space 349696K, 63% used [0x00000005c1000000,0x00000005ce9a6518,0x00000005d6580000)
 Metaspace       used 13213K, capacity 13417K, committed 13696K, reserved 1062912K
  class space    used 1028K, capacity 1097K, committed 1152K, reserved 1048576K
Event: 38.963 GC heap after
Heap after GC invocations=216 (full 0):
 PSYoungGen      total 41984K, used 788K [0x0000000715b00000, 0x0000000718600000, 0x00000007c0000000)
  eden space 39936K, 0% used [0x0000000715b00000,0x0000000715b00000,0x0000000718200000)
  from space 2048K, 38% used [0x0000000718400000,0x00000007184c5398,0x0000000718600000)
  to   space 2048K, 0% used [0x0000000718200000,0x0000000718200000,0x0000000718400000)
 ParOldGen       total 349696K, used 223265K [0x00000005c1000000, 0x00000005d6580000, 0x0000000715b00000)
  object space 349696K, 63% used [0x00000005c1000000,0x00000005cea08518,0x00000005d6580000)
 Metaspace       used 13213K, capacity 13417K, committed 13696K, reserved 1062912K
  class space    used 1028K, capacity 1097K, committed 1152K, reserved 1048576K
}
Event: 39.101 GC heap before
{Heap before GC invocations=217 (full 0):
 PSYoungGen      total 41984K, used 40724K [0x0000000715b00000, 0x0000000718600000, 0x00000007c0000000)
  eden space 39936K, 100% used [0x0000000715b00000,0x0000000718200000,0x0000000718200000)
  from space 2048K, 38% used [0x0000000718400000,0x00000007184c5398,0x0000000718600000)
  to   space 2048K, 0% used [0x0000000718200000,0x0000000718200000,0x0000000718400000)
 ParOldGen       total 349696K, used 223265K [0x00000005c1000000, 0x00000005d6580000, 0x0000000715b00000)
  object space 349696K, 63% used [0x00000005c1000000,0x00000005cea08518,0x00000005d6580000)
 Metaspace       used 13213K, capacity 13417K, committed 13696K, reserved 1062912K
  class space    used 1028K, capacity 1097K, committed 1152K, reserved 1048576K
Event: 39.102 GC heap after
Heap after GC invocations=217 (full 0):
 PSYoungGen      total 41984K, used 804K [0x0000000715b00000, 0x0000000718600000, 0x00000007c0000000)
  eden space 39936K, 0% used [0x0000000715b00000,0x0000000715b00000,0x0000000718200000)
  from space 2048K, 39% used [0x0000000718200000,0x00000007182c9278,0x0000000718400000)
  to   space 2048K, 0% used [0x0000000718400000,0x0000000718400000,0x0000000718600000)
 ParOldGen       total 349696K, used 223825K [0x00000005c1000000, 0x00000005d6580000, 0x0000000715b00000)
  object space 349696K, 64% used [0x00000005c1000000,0x00000005cea94518,0x00000005d6580000)
 Metaspace       used 13213K, capacity 13417K, committed 13696K, reserved 1062912K
  class space    used 1028K, capacity 1097K, committed 1152K, reserved 1048576K
}
Event: 39.250 GC heap before
{Heap before GC invocations=218 (full 0):
 PSYoungGen      total 41984K, used 40736K [0x0000000715b00000, 0x0000000718600000, 0x00000007c0000000)
  eden space 39936K, 99% used [0x0000000715b00000,0x00000007181ff038,0x0000000718200000)
  from space 2048K, 39% used [0x0000000718200000,0x00000007182c9278,0x0000000718400000)
  to   space 2048K, 0% used [0x0000000718400000,0x0000000718400000,0x0000000718600000)
 ParOldGen       total 349696K, used 223825K [0x00000005c1000000, 0x00000005d6580000, 0x0000000715b00000)
  object space 349696K, 64% used [0x00000005c1000000,0x00000005cea94518,0x00000005d6580000)
 Metaspace       used 13213K, capacity 13417K, committed 13696K, reserved 1062912K
  class space    used 1028K, capacity 1097K, committed 1152K, reserved 1048576K
Event: 39.251 GC heap after
Heap after GC invocations=218 (full 0):
 PSYoungGen      total 41472K, used 1952K [0x0000000715b00000, 0x0000000718700000, 0x00000007c0000000)
  eden space 39424K, 0% used [0x0000000715b00000,0x0000000715b00000,0x0000000718180000)
  from space 2048K, 95% used [0x0000000718400000,0x00000007185e8150,0x0000000718600000)
  to   space 2560K, 0% used [0x0000000718180000,0x0000000718180000,0x0000000718400000)
 ParOldGen       total 349696K, used 224393K [0x00000005c1000000, 0x00000005d6580000, 0x0000000715b00000)
  object space 349696K, 64% used [0x00000005c1000000,0x00000005ceb22518,0x00000005d6580000)
 Metaspace       used 13213K, capacity 13417K, committed 13696K, reserved 1062912K
  class space    used 1028K, capacity 1097K, committed 1152K, reserved 1048576K
}

