# JRE version: Java(TM) SE Runtime Environment (8.0_251-b08) (build 1.8.0_251-b08)
# Java VM: Java HotSpot(TM) 64-Bit Server VM (25.251-b08 mixed mode windows-amd64 compressed oops)
Heap:
 PSYoungGen      total 60928K, used 7394K [0x0000000715b00000, 0x0000000719e00000, 0x00000007c0000000)
  eden space 59392K, 9% used [0x0000000715b00000,0x00000007160c1170,0x0000000719500000)
  from space 1536K, 97% used [0x0000000719580000,0x00000007196f7848,0x0000000719700000)
  to   space 4608K, 0% used [0x0000000719980000,0x0000000719980000,0x0000000719e00000)
 ParOldGen       total 349696K, used 105490K [0x00000005c1000000, 0x00000005d6580000, 0x0000000715b00000)
  object space 349696K, 30% used [0x00000005c1000000,0x00000005c7704900,0x00000005d6580000)
 Metaspace       used 13195K, capacity 13417K, committed 13696K, reserved 1062912K
  class space    used 1028K, capacity 1097K, committed 1152K, reserved 1048576K
GC Heap History (10 events):
Event: 15.004 GC heap before
{Heap before GC invocations=48 (full 0):
 PSYoungGen      total 65024K, used 64708K [0x0000000715b00000, 0x000000071a300000, 0x00000007c0000000)
  eden space 62464K, 100% used [0x0000000715b00000,0x0000000719800000,0x0000000719800000)
  from space 2560K, 87% used [0x0000000719880000,0x0000000719ab1278,0x0000000719b00000)
  to   space 5632K, 0% used [0x0000000719d80000,0x0000000719d80000,0x000000071a300000)
 ParOldGen       total 349696K, used 97383K [0x00000005c1000000, 0x00000005d6580000, 0x0000000715b00000)
  object space 349696K, 27% used [0x00000005c1000000,0x00000005c6f19d00,0x00000005d6580000)
 Metaspace       used 13195K, capacity 13417K, committed 13696K, reserved 1062912K
  class space    used 1028K, capacity 1097K, committed 1152K, reserved 1048576K
Event: 15.005 GC heap after
Heap after GC invocations=48 (full 0):
 PSYoungGen      total 66048K, used 1060K [0x0000000715b00000, 0x000000071a180000, 0x00000007c0000000)
  eden space 61952K, 0% used [0x0000000715b00000,0x0000000715b00000,0x0000000719780000)
  from space 4096K, 25% used [0x0000000719d80000,0x0000000719e89278,0x000000071a180000)
  to   space 5120K, 0% used [0x0000000719780000,0x0000000719780000,0x0000000719c80000)
 ParOldGen       total 349696K, used 99415K [0x00000005c1000000, 0x00000005d6580000, 0x0000000715b00000)
  object space 349696K, 28% used [0x00000005c1000000,0x00000005c7115d00,0x00000005d6580000)
 Metaspace       used 13195K, capacity 13417K, committed 13696K, reserved 1062912K
  class space    used 1028K, capacity 1097K, committed 1152K, reserved 1048576K
}
Event: 15.243 GC heap before
{Heap before GC invocations=49 (full 0):
 PSYoungGen      total 66048K, used 63012K [0x0000000715b00000, 0x000000071a180000, 0x00000007c0000000)
  eden space 61952K, 100% used [0x0000000715b00000,0x0000000719780000,0x0000000719780000)
  from space 4096K, 25% used [0x0000000719d80000,0x0000000719e89278,0x000000071a180000)
  to   space 5120K, 0% used [0x0000000719780000,0x0000000719780000,0x0000000719c80000)
 ParOldGen       total 349696K, used 99415K [0x00000005c1000000, 0x00000005d6580000, 0x0000000715b00000)
  object space 349696K, 28% used [0x00000005c1000000,0x00000005c7115d00,0x00000005d6580000)
 Metaspace       used 13195K, capacity 13417K, committed 13696K, reserved 1062912K
  class space    used 1028K, capacity 1097K, committed 1152K, reserved 1048576K
Event: 15.244 GC heap after
Heap after GC invocations=49 (full 0):
 PSYoungGen      total 64512K, used 2614K [0x0000000715b00000, 0x000000071a100000, 0x00000007c0000000)
  eden space 61440K, 0% used [0x0000000715b00000,0x0000000715b00000,0x0000000719700000)
  from space 3072K, 85% used [0x0000000719780000,0x0000000719a0d8b0,0x0000000719a80000)
  to   space 5120K, 0% used [0x0000000719c00000,0x0000000719c00000,0x000000071a100000)
 ParOldGen       total 349696K, used 100239K [0x00000005c1000000, 0x00000005d6580000, 0x0000000715b00000)
  object space 349696K, 28% used [0x00000005c1000000,0x00000005c71e3d00,0x00000005d6580000)
 Metaspace       used 13195K, capacity 13417K, committed 13696K, reserved 1062912K
  class space    used 1028K, capacity 1097K, committed 1152K, reserved 1048576K
}
Event: 15.355 GC heap before
{Heap before GC invocations=50 (full 0):
 PSYoungGen      total 64512K, used 64054K [0x0000000715b00000, 0x000000071a100000, 0x00000007c0000000)
  eden space 61440K, 100% used [0x0000000715b00000,0x0000000719700000,0x0000000719700000)
  from space 3072K, 85% used [0x0000000719780000,0x0000000719a0d8b0,0x0000000719a80000)
  to   space 5120K, 0% used [0x0000000719c00000,0x0000000719c00000,0x000000071a100000)
 ParOldGen       total 349696K, used 100239K [0x00000005c1000000, 0x00000005d6580000, 0x0000000715b00000)
  object space 349696K, 28% used [0x00000005c1000000,0x00000005c71e3d00,0x00000005d6580000)
 Metaspace       used 13195K, capacity 13417K, committed 13696K, reserved 1062912K
  class space    used 1028K, capacity 1097K, committed 1152K, reserved 1048576K
Event: 15.356 GC heap after
Heap after GC invocations=50 (full 0):
 PSYoungGen      total 65536K, used 1484K [0x0000000715b00000, 0x000000071a080000, 0x00000007c0000000)
  eden space 60928K, 0% used [0x0000000715b00000,0x0000000715b00000,0x0000000719680000)
  from space 4608K, 32% used [0x0000000719c00000,0x0000000719d732e0,0x000000071a080000)
  to   space 5120K, 0% used [0x0000000719680000,0x0000000719680000,0x0000000719b80000)
 ParOldGen       total 349696K, used 102359K [0x00000005c1000000, 0x00000005d6580000, 0x0000000715b00000)
  object space 349696K, 29% used [0x00000005c1000000,0x00000005c73f5d00,0x00000005d6580000)
 Metaspace       used 13195K, capacity 13417K, committed 13696K, reserved 1062912K
  class space    used 1028K, capacity 1097K, committed 1152K, reserved 1048576K
}
Event: 15.498 GC heap before
{Heap before GC invocations=51 (full 0):
 PSYoungGen      total 65536K, used 62412K [0x0000000715b00000, 0x000000071a080000, 0x00000007c0000000)
  eden space 60928K, 100% used [0x0000000715b00000,0x0000000719680000,0x0000000719680000)
  from space 4608K, 32% used [0x0000000719c00000,0x0000000719d732e0,0x000000071a080000)
  to   space 5120K, 0% used [0x0000000719680000,0x0000000719680000,0x0000000719b80000)
 ParOldGen       total 349696K, used 102359K [0x00000005c1000000, 0x00000005d6580000, 0x0000000715b00000)
  object space 349696K, 29% used [0x00000005c1000000,0x00000005c73f5d00,0x00000005d6580000)
 Metaspace       used 13195K, capacity 13417K, committed 13696K, reserved 1062912K
  class space    used 1028K, capacity 1097K, committed 1152K, reserved 1048576K
Event: 15.498 GC heap after
Heap after GC invocations=51 (full 0):
 PSYoungGen      total 61952K, used 1284K [0x0000000715b00000, 0x0000000719f00000, 0x00000007c0000000)
  eden space 60416K, 0% used [0x0000000715b00000,0x0000000715b00000,0x0000000719600000)
  from space 1536K, 83% used [0x0000000719680000,0x00000007197c1278,0x0000000719800000)
  to   space 4608K, 0% used [0x0000000719a80000,0x0000000719a80000,0x0000000719f00000)
 ParOldGen       total 349696K, used 103354K [0x00000005c1000000, 0x00000005d6580000, 0x0000000715b00000)
  object space 349696K, 29% used [0x00000005c1000000,0x00000005c74ee960,0x00000005d6580000)
 Metaspace       used 13195K, capacity 13417K, committed 13696K, reserved 1062912K
  class space    used 1028K, capacity 1097K, committed 1152K, reserved 1048576K
}
Event: 15.622 GC heap before
{Heap before GC invocations=52 (full 0):
 PSYoungGen      total 61952K, used 61700K [0x0000000715b00000, 0x0000000719f00000, 0x00000007c0000000)
  eden space 60416K, 100% used [0x0000000715b00000,0x0000000719600000,0x0000000719600000)
  from space 1536K, 83% used [0x0000000719680000,0x00000007197c1278,0x0000000719800000)
  to   space 4608K, 0% used [0x0000000719a80000,0x0000000719a80000,0x0000000719f00000)
 ParOldGen       total 349696K, used 103354K [0x00000005c1000000, 0x00000005d6580000, 0x0000000715b00000)
  object space 349696K, 29% used [0x00000005c1000000,0x00000005c74ee960,0x00000005d6580000)
 Metaspace       used 13195K, capacity 13417K, committed 13696K, reserved 1062912K
  class space    used 1028K, capacity 1097K, committed 1152K, reserved 1048576K
Event: 15.623 GC heap after
Heap after GC invocations=52 (full 0):
 PSYoungGen      total 64000K, used 1321K [0x0000000715b00000, 0x0000000719e80000, 0x00000007c0000000)
  eden space 59904K, 0% used [0x0000000715b00000,0x0000000715b00000,0x0000000719580000)
  from space 4096K, 32% used [0x0000000719a80000,0x0000000719bca7b0,0x0000000719e80000)
  to   space 4608K, 0% used [0x0000000719580000,0x0000000719580000,0x0000000719a00000)
 ParOldGen       total 349696K, used 104434K [0x00000005c1000000, 0x00000005d6580000, 0x0000000715b00000)
  object space 349696K, 29% used [0x00000005c1000000,0x00000005c75fc960,0x00000005d6580000)
 Metaspace       used 13195K, capacity 13417K, committed 13696K, reserved 1062912K
  class space    used 1028K, capacity 1097K, committed 1152K, reserved 1048576K
}

