# JRE version: Java(TM) SE Runtime Environment (8.0_251-b08) (build 1.8.0_251-b08)
# Java VM: Java HotSpot(TM) 64-Bit Server VM (25.251-b08 mixed mode windows-amd64 compressed oops)
Heap:
 PSYoungGen      total 114688K, used 60611K [0x0000000715b00000, 0x000000071d600000, 0x00000007c0000000)
  eden space 109568K, 50% used [0x0000000715b00000,0x000000071914e988,0x000000071c600000)
  from space 5120K, 97% used [0x000000071c900000,0x000000071cde2300,0x000000071ce00000)
  to   space 8192K, 0% used [0x000000071ce00000,0x000000071ce00000,0x000000071d600000)
 ParOldGen       total 265728K, used 255437K [0x00000005c1000000, 0x00000005d1380000, 0x0000000715b00000)
  object space 265728K, 96% used [0x00000005c1000000,0x00000005d0973508,0x00000005d1380000)
 Metaspace       used 13228K, capacity 13417K, committed 13696K, reserved 1062912K
  class space    used 1032K, capacity 1097K, committed 1152K, reserved 1048576K
GC Heap History (10 events):
Event: 30.300 GC heap before
{Heap before GC invocations=138 (full 1):
 PSYoungGen      total 126464K, used 124864K [0x0000000715b00000, 0x000000071e100000, 0x00000007c0000000)
  eden space 120832K, 100% used [0x0000000715b00000,0x000000071d100000,0x000000071d100000)
  from space 5632K, 71% used [0x000000071db80000,0x000000071df70000,0x000000071e100000)
  to   space 8192K, 0% used [0x000000071d100000,0x000000071d100000,0x000000071d900000)
 ParOldGen       total 265728K, used 229581K [0x00000005c1000000, 0x00000005d1380000, 0x0000000715b00000)
  object space 265728K, 86% used [0x00000005c1000000,0x00000005cf033508,0x00000005d1380000)
 Metaspace       used 13228K, capacity 13417K, committed 13696K, reserved 1062912K
  class space    used 1032K, capacity 1097K, committed 1152K, reserved 1048576K
Event: 30.301 GC heap after
Heap after GC invocations=138 (full 1):
 PSYoungGen      total 122880K, used 4512K [0x0000000715b00000, 0x000000071dd80000, 0x00000007c0000000)
  eden space 118272K, 0% used [0x0000000715b00000,0x0000000715b00000,0x000000071ce80000)
  from space 4608K, 97% used [0x000000071d100000,0x000000071d568000,0x000000071d580000)
  to   space 7680K, 0% used [0x000000071d600000,0x000000071d600000,0x000000071dd80000)
 ParOldGen       total 265728K, used 233389K [0x00000005c1000000, 0x00000005d1380000, 0x0000000715b00000)
  object space 265728K, 87% used [0x00000005c1000000,0x00000005cf3eb508,0x00000005d1380000)
 Metaspace       used 13228K, capacity 13417K, committed 13696K, reserved 1062912K
  class space    used 1032K, capacity 1097K, committed 1152K, reserved 1048576K
}
Event: 30.620 GC heap before
{Heap before GC invocations=139 (full 1):
 PSYoungGen      total 122880K, used 122784K [0x0000000715b00000, 0x000000071dd80000, 0x00000007c0000000)
  eden space 118272K, 100% used [0x0000000715b00000,0x000000071ce80000,0x000000071ce80000)
  from space 4608K, 97% used [0x000000071d100000,0x000000071d568000,0x000000071d580000)
  to   space 7680K, 0% used [0x000000071d600000,0x000000071d600000,0x000000071dd80000)
 ParOldGen       total 265728K, used 233389K [0x00000005c1000000, 0x00000005d1380000, 0x0000000715b00000)
  object space 265728K, 87% used [0x00000005c1000000,0x00000005cf3eb508,0x00000005d1380000)
 Metaspace       used 13228K, capacity 13417K, committed 13696K, reserved 1062912K
  class space    used 1032K, capacity 1097K, committed 1152K, reserved 1048576K
Event: 30.622 GC heap after
Heap after GC invocations=139 (full 1):
 PSYoungGen      total 121856K, used 6144K [0x0000000715b00000, 0x000000071dc00000, 0x00000007c0000000)
  eden space 115712K, 0% used [0x0000000715b00000,0x0000000715b00000,0x000000071cc00000)
  from space 6144K, 100% used [0x000000071d600000,0x000000071dc00000,0x000000071dc00000)
  to   space 8192K, 0% used [0x000000071cc00000,0x000000071cc00000,0x000000071d400000)
 ParOldGen       total 265728K, used 237725K [0x00000005c1000000, 0x00000005d1380000, 0x0000000715b00000)
  object space 265728K, 89% used [0x00000005c1000000,0x00000005cf827508,0x00000005d1380000)
 Metaspace       used 13228K, capacity 13417K, committed 13696K, reserved 1062912K
  class space    used 1032K, capacity 1097K, committed 1152K, reserved 1048576K
}
Event: 30.968 GC heap before
{Heap before GC invocations=140 (full 1):
 PSYoungGen      total 121856K, used 121856K [0x0000000715b00000, 0x000000071dc00000, 0x00000007c0000000)
  eden space 115712K, 100% used [0x0000000715b00000,0x000000071cc00000,0x000000071cc00000)
  from space 6144K, 100% used [0x000000071d600000,0x000000071dc00000,0x000000071dc00000)
  to   space 8192K, 0% used [0x000000071cc00000,0x000000071cc00000,0x000000071d400000)
 ParOldGen       total 265728K, used 237725K [0x00000005c1000000, 0x00000005d1380000, 0x0000000715b00000)
  object space 265728K, 89% used [0x00000005c1000000,0x00000005cf827508,0x00000005d1380000)
 Metaspace       used 13228K, capacity 13417K, committed 13696K, reserved 1062912K
  class space    used 1032K, capacity 1097K, committed 1152K, reserved 1048576K
Event: 30.971 GC heap after
Heap after GC invocations=140 (full 1):
 PSYoungGen      total 121344K, used 7180K [0x0000000715b00000, 0x000000071db00000, 0x00000007c0000000)
  eden space 113664K, 0% used [0x0000000715b00000,0x0000000715b00000,0x000000071ca00000)
  from space 7680K, 93% used [0x000000071cc00000,0x000000071d303040,0x000000071d380000)
  to   space 7680K, 0% used [0x000000071d380000,0x000000071d380000,0x000000071db00000)
 ParOldGen       total 265728K, used 243677K [0x00000005c1000000, 0x00000005d1380000, 0x0000000715b00000)
  object space 265728K, 91% used [0x00000005c1000000,0x00000005cfdf7508,0x00000005d1380000)
 Metaspace       used 13228K, capacity 13417K, committed 13696K, reserved 1062912K
  class space    used 1032K, capacity 1097K, committed 1152K, reserved 1048576K
}
Event: 31.257 GC heap before
{Heap before GC invocations=141 (full 1):
 PSYoungGen      total 121344K, used 120844K [0x0000000715b00000, 0x000000071db00000, 0x00000007c0000000)
  eden space 113664K, 100% used [0x0000000715b00000,0x000000071ca00000,0x000000071ca00000)
  from space 7680K, 93% used [0x000000071cc00000,0x000000071d303040,0x000000071d380000)
  to   space 7680K, 0% used [0x000000071d380000,0x000000071d380000,0x000000071db00000)
 ParOldGen       total 265728K, used 243677K [0x00000005c1000000, 0x00000005d1380000, 0x0000000715b00000)
  object space 265728K, 91% used [0x00000005c1000000,0x00000005cfdf7508,0x00000005d1380000)
 Metaspace       used 13228K, capacity 13417K, committed 13696K, reserved 1062912K
  class space    used 1032K, capacity 1097K, committed 1152K, reserved 1048576K
Event: 31.259 GC heap after
Heap after GC invocations=141 (full 1):
 PSYoungGen      total 117248K, used 5330K [0x0000000715b00000, 0x000000071d900000, 0x00000007c0000000)
  eden space 111616K, 0% used [0x0000000715b00000,0x0000000715b00000,0x000000071c800000)
  from space 5632K, 94% used [0x000000071d380000,0x000000071d8b48d0,0x000000071d900000)
  to   space 8192K, 0% used [0x000000071c900000,0x000000071c900000,0x000000071d100000)
 ParOldGen       total 265728K, used 250245K [0x00000005c1000000, 0x00000005d1380000, 0x0000000715b00000)
  object space 265728K, 94% used [0x00000005c1000000,0x00000005d0461508,0x00000005d1380000)
 Metaspace       used 13228K, capacity 13417K, committed 13696K, reserved 1062912K
  class space    used 1032K, capacity 1097K, committed 1152K, reserved 1048576K
}
Event: 31.504 GC heap before
{Heap before GC invocations=142 (full 1):
 PSYoungGen      total 117248K, used 116946K [0x0000000715b00000, 0x000000071d900000, 0x00000007c0000000)
  eden space 111616K, 100% used [0x0000000715b00000,0x000000071c800000,0x000000071c800000)
  from space 5632K, 94% used [0x000000071d380000,0x000000071d8b48d0,0x000000071d900000)
  to   space 8192K, 0% used [0x000000071c900000,0x000000071c900000,0x000000071d100000)
 ParOldGen       total 265728K, used 250245K [0x00000005c1000000, 0x00000005d1380000, 0x0000000715b00000)
  object space 265728K, 94% used [0x00000005c1000000,0x00000005d0461508,0x00000005d1380000)
 Metaspace       used 13228K, capacity 13417K, committed 13696K, reserved 1062912K
  class space    used 1032K, capacity 1097K, committed 1152K, reserved 1048576K
Event: 31.506 GC heap after
Heap after GC invocations=142 (full 1):
 PSYoungGen      total 114688K, used 5000K [0x0000000715b00000, 0x000000071d600000, 0x00000007c0000000)
  eden space 109568K, 0% used [0x0000000715b00000,0x0000000715b00000,0x000000071c600000)
  from space 5120K, 97% used [0x000000071c900000,0x000000071cde2300,0x000000071ce00000)
  to   space 8192K, 0% used [0x000000071ce00000,0x000000071ce00000,0x000000071d600000)
 ParOldGen       total 265728K, used 255437K [0x00000005c1000000, 0x00000005d1380000, 0x0000000715b00000)
  object space 265728K, 96% used [0x00000005c1000000,0x00000005d0973508,0x00000005d1380000)
 Metaspace       used 13228K, capacity 13417K, committed 13696K, reserved 1062912K
  class space    used 1032K, capacity 1097K, committed 1152K, reserved 1048576K
}

