# JRE version: Java(TM) SE Runtime Environment (8.0_231-b11) (build 1.8.0_231-b11)
# Java VM: Java HotSpot(TM) 64-Bit Server VM (25.231-b11 mixed mode windows-amd64 compressed oops)
Heap:
 PSYoungGen      total 44544K, used 40247K [0x0000000715b00000, 0x0000000718980000, 0x00000007c0000000)
  eden space 41472K, 94% used [0x0000000715b00000,0x0000000718174bd8,0x0000000718380000)
  from space 3072K, 28% used [0x0000000718380000,0x0000000718459278,0x0000000718680000)
  to   space 3072K, 0% used [0x0000000718680000,0x0000000718680000,0x0000000718980000)
 ParOldGen       total 349696K, used 195714K [0x00000005c1000000, 0x00000005d6580000, 0x0000000715b00000)
  object space 349696K, 55% used [0x00000005c1000000,0x00000005ccf20b70,0x00000005d6580000)
 Metaspace       used 13248K, capacity 13417K, committed 13696K, reserved 1062912K
  class space    used 1031K, capacity 1097K, committed 1152K, reserved 1048576K
GC Heap History (10 events):
Event: 25.173 GC heap before
{Heap before GC invocations=119 (full 0):
 PSYoungGen      total 44544K, used 42948K [0x0000000715b00000, 0x0000000718900000, 0x00000007c0000000)
  eden space 41984K, 100% used [0x0000000715b00000,0x0000000718400000,0x0000000718400000)
  from space 2560K, 37% used [0x0000000718680000,0x0000000718771278,0x0000000718900000)
  to   space 2560K, 0% used [0x0000000718400000,0x0000000718400000,0x0000000718680000)
 ParOldGen       total 349696K, used 189665K [0x00000005c1000000, 0x00000005d6580000, 0x0000000715b00000)
  object space 349696K, 54% used [0x00000005c1000000,0x00000005cc938480,0x00000005d6580000)
 Metaspace       used 13248K, capacity 13417K, committed 13696K, reserved 1062912K
  class space    used 1031K, capacity 1097K, committed 1152K, reserved 1048576K
Event: 25.174 GC heap after
Heap after GC invocations=119 (full 0):
 PSYoungGen      total 44544K, used 1427K [0x0000000715b00000, 0x0000000718900000, 0x00000007c0000000)
  eden space 41984K, 0% used [0x0000000715b00000,0x0000000715b00000,0x0000000718400000)
  from space 2560K, 55% used [0x0000000718400000,0x0000000718564e58,0x0000000718680000)
  to   space 2560K, 0% used [0x0000000718680000,0x0000000718680000,0x0000000718900000)
 ParOldGen       total 349696K, used 190393K [0x00000005c1000000, 0x00000005d6580000, 0x0000000715b00000)
  object space 349696K, 54% used [0x00000005c1000000,0x00000005cc9ee480,0x00000005d6580000)
 Metaspace       used 13248K, capacity 13417K, committed 13696K, reserved 1062912K
  class space    used 1031K, capacity 1097K, committed 1152K, reserved 1048576K
}
Event: 25.256 GC heap before
{Heap before GC invocations=120 (full 0):
 PSYoungGen      total 44544K, used 43411K [0x0000000715b00000, 0x0000000718900000, 0x00000007c0000000)
  eden space 41984K, 100% used [0x0000000715b00000,0x0000000718400000,0x0000000718400000)
  from space 2560K, 55% used [0x0000000718400000,0x0000000718564e58,0x0000000718680000)
  to   space 2560K, 0% used [0x0000000718680000,0x0000000718680000,0x0000000718900000)
 ParOldGen       total 349696K, used 190393K [0x00000005c1000000, 0x00000005d6580000, 0x0000000715b00000)
  object space 349696K, 54% used [0x00000005c1000000,0x00000005cc9ee480,0x00000005d6580000)
 Metaspace       used 13248K, capacity 13417K, committed 13696K, reserved 1062912K
  class space    used 1031K, capacity 1097K, committed 1152K, reserved 1048576K
Event: 25.257 GC heap after
Heap after GC invocations=120 (full 0):
 PSYoungGen      total 44544K, used 772K [0x0000000715b00000, 0x0000000718900000, 0x00000007c0000000)
  eden space 41984K, 0% used [0x0000000715b00000,0x0000000715b00000,0x0000000718400000)
  from space 2560K, 30% used [0x0000000718680000,0x0000000718741278,0x0000000718900000)
  to   space 2560K, 0% used [0x0000000718400000,0x0000000718400000,0x0000000718680000)
 ParOldGen       total 349696K, used 191473K [0x00000005c1000000, 0x00000005d6580000, 0x0000000715b00000)
  object space 349696K, 54% used [0x00000005c1000000,0x00000005ccafc480,0x00000005d6580000)
 Metaspace       used 13248K, capacity 13417K, committed 13696K, reserved 1062912K
  class space    used 1031K, capacity 1097K, committed 1152K, reserved 1048576K
}
Event: 25.397 GC heap before
{Heap before GC invocations=121 (full 0):
 PSYoungGen      total 44544K, used 42756K [0x0000000715b00000, 0x0000000718900000, 0x00000007c0000000)
  eden space 41984K, 100% used [0x0000000715b00000,0x0000000718400000,0x0000000718400000)
  from space 2560K, 30% used [0x0000000718680000,0x0000000718741278,0x0000000718900000)
  to   space 2560K, 0% used [0x0000000718400000,0x0000000718400000,0x0000000718680000)
 ParOldGen       total 349696K, used 191473K [0x00000005c1000000, 0x00000005d6580000, 0x0000000715b00000)
  object space 349696K, 54% used [0x00000005c1000000,0x00000005ccafc480,0x00000005d6580000)
 Metaspace       used 13248K, capacity 13417K, committed 13696K, reserved 1062912K
  class space    used 1031K, capacity 1097K, committed 1152K, reserved 1048576K
Event: 25.398 GC heap after
Heap after GC invocations=121 (full 0):
 PSYoungGen      total 44544K, used 1412K [0x0000000715b00000, 0x0000000718900000, 0x00000007c0000000)
  eden space 41984K, 0% used [0x0000000715b00000,0x0000000715b00000,0x0000000718400000)
  from space 2560K, 55% used [0x0000000718400000,0x0000000718561278,0x0000000718680000)
  to   space 2560K, 0% used [0x0000000718680000,0x0000000718680000,0x0000000718900000)
 ParOldGen       total 349696K, used 192041K [0x00000005c1000000, 0x00000005d6580000, 0x0000000715b00000)
  object space 349696K, 54% used [0x00000005c1000000,0x00000005ccb8a480,0x00000005d6580000)
 Metaspace       used 13248K, capacity 13417K, committed 13696K, reserved 1062912K
  class space    used 1031K, capacity 1097K, committed 1152K, reserved 1048576K
}
Event: 25.570 GC heap before
{Heap before GC invocations=122 (full 0):
 PSYoungGen      total 44544K, used 43396K [0x0000000715b00000, 0x0000000718900000, 0x00000007c0000000)
  eden space 41984K, 100% used [0x0000000715b00000,0x0000000718400000,0x0000000718400000)
  from space 2560K, 55% used [0x0000000718400000,0x0000000718561278,0x0000000718680000)
  to   space 2560K, 0% used [0x0000000718680000,0x0000000718680000,0x0000000718900000)
 ParOldGen       total 349696K, used 192041K [0x00000005c1000000, 0x00000005d6580000, 0x0000000715b00000)
  object space 349696K, 54% used [0x00000005c1000000,0x00000005ccb8a480,0x00000005d6580000)
 Metaspace       used 13248K, capacity 13417K, committed 13696K, reserved 1062912K
  class space    used 1031K, capacity 1097K, committed 1152K, reserved 1048576K
Event: 25.571 GC heap after
Heap after GC invocations=122 (full 0):
 PSYoungGen      total 44032K, used 2537K [0x0000000715b00000, 0x0000000718a00000, 0x00000007c0000000)
  eden space 41472K, 0% used [0x0000000715b00000,0x0000000715b00000,0x0000000718380000)
  from space 2560K, 99% used [0x0000000718680000,0x00000007188fa4f0,0x0000000718900000)
  to   space 3072K, 0% used [0x0000000718380000,0x0000000718380000,0x0000000718680000)
 ParOldGen       total 349696K, used 193442K [0x00000005c1000000, 0x00000005d6580000, 0x0000000715b00000)
  object space 349696K, 55% used [0x00000005c1000000,0x00000005ccce8b70,0x00000005d6580000)
 Metaspace       used 13248K, capacity 13417K, committed 13696K, reserved 1062912K
  class space    used 1031K, capacity 1097K, committed 1152K, reserved 1048576K
}
Event: 25.643 GC heap before
{Heap before GC invocations=123 (full 0):
 PSYoungGen      total 44032K, used 44009K [0x0000000715b00000, 0x0000000718a00000, 0x00000007c0000000)
  eden space 41472K, 100% used [0x0000000715b00000,0x0000000718380000,0x0000000718380000)
  from space 2560K, 99% used [0x0000000718680000,0x00000007188fa4f0,0x0000000718900000)
  to   space 3072K, 0% used [0x0000000718380000,0x0000000718380000,0x0000000718680000)
 ParOldGen       total 349696K, used 193442K [0x00000005c1000000, 0x00000005d6580000, 0x0000000715b00000)
  object space 349696K, 55% used [0x00000005c1000000,0x00000005ccce8b70,0x00000005d6580000)
 Metaspace       used 13248K, capacity 13417K, committed 13696K, reserved 1062912K
  class space    used 1031K, capacity 1097K, committed 1152K, reserved 1048576K
Event: 25.644 GC heap after
Heap after GC invocations=123 (full 0):
 PSYoungGen      total 44544K, used 868K [0x0000000715b00000, 0x0000000718980000, 0x00000007c0000000)
  eden space 41472K, 0% used [0x0000000715b00000,0x0000000715b00000,0x0000000718380000)
  from space 3072K, 28% used [0x0000000718380000,0x0000000718459278,0x0000000718680000)
  to   space 3072K, 0% used [0x0000000718680000,0x0000000718680000,0x0000000718980000)
 ParOldGen       total 349696K, used 195714K [0x00000005c1000000, 0x00000005d6580000, 0x0000000715b00000)
  object space 349696K, 55% used [0x00000005c1000000,0x00000005ccf20b70,0x00000005d6580000)
 Metaspace       used 13248K, capacity 13417K, committed 13696K, reserved 1062912K
  class space    used 1031K, capacity 1097K, committed 1152K, reserved 1048576K
}

