# JRE version: Java(TM) SE Runtime Environment (8.0_251-b08) (build 1.8.0_251-b08)
# Java VM: Java HotSpot(TM) 64-Bit Server VM (25.251-b08 mixed mode windows-amd64 compressed oops)
Heap:
 PSYoungGen      total 47104K, used 27185K [0x0000000715b00000, 0x0000000718c00000, 0x00000007c0000000)
  eden space 44032K, 58% used [0x0000000715b00000,0x000000071741b568,0x0000000718600000)
  from space 3072K, 48% used [0x0000000718600000,0x0000000718771278,0x0000000718900000)
  to   space 3072K, 0% used [0x0000000718900000,0x0000000718900000,0x0000000718c00000)
 ParOldGen       total 360960K, used 183574K [0x00000005c1000000, 0x00000005d7080000, 0x0000000715b00000)
  object space 360960K, 50% used [0x00000005c1000000,0x00000005cc345ae8,0x00000005d7080000)
 Metaspace       used 13238K, capacity 13417K, committed 13696K, reserved 1062912K
  class space    used 1031K, capacity 1097K, committed 1152K, reserved 1048576K
GC Heap History (10 events):
Event: 49.486 GC heap before
{Heap before GC invocations=273 (full 2):
 PSYoungGen      total 47104K, used 45540K [0x0000000715b00000, 0x0000000718c00000, 0x00000007c0000000)
  eden space 44032K, 100% used [0x0000000715b00000,0x0000000718600000,0x0000000718600000)
  from space 3072K, 49% used [0x0000000718900000,0x0000000718a79278,0x0000000718c00000)
  to   space 3072K, 0% used [0x0000000718600000,0x0000000718600000,0x0000000718900000)
 ParOldGen       total 360960K, used 175966K [0x00000005c1000000, 0x00000005d7080000, 0x0000000715b00000)
  object space 360960K, 48% used [0x00000005c1000000,0x00000005cbbd7ae8,0x00000005d7080000)
 Metaspace       used 13238K, capacity 13417K, committed 13696K, reserved 1062912K
  class space    used 1031K, capacity 1097K, committed 1152K, reserved 1048576K
Event: 49.487 GC heap after
Heap after GC invocations=273 (full 2):
 PSYoungGen      total 47104K, used 1604K [0x0000000715b00000, 0x0000000718c00000, 0x00000007c0000000)
  eden space 44032K, 0% used [0x0000000715b00000,0x0000000715b00000,0x0000000718600000)
  from space 3072K, 52% used [0x0000000718600000,0x0000000718791278,0x0000000718900000)
  to   space 3072K, 0% used [0x0000000718900000,0x0000000718900000,0x0000000718c00000)
 ParOldGen       total 360960K, used 177214K [0x00000005c1000000, 0x00000005d7080000, 0x0000000715b00000)
  object space 360960K, 49% used [0x00000005c1000000,0x00000005cbd0fae8,0x00000005d7080000)
 Metaspace       used 13238K, capacity 13417K, committed 13696K, reserved 1062912K
  class space    used 1031K, capacity 1097K, committed 1152K, reserved 1048576K
}
Event: 49.630 GC heap before
{Heap before GC invocations=274 (full 2):
 PSYoungGen      total 47104K, used 45636K [0x0000000715b00000, 0x0000000718c00000, 0x00000007c0000000)
  eden space 44032K, 100% used [0x0000000715b00000,0x0000000718600000,0x0000000718600000)
  from space 3072K, 52% used [0x0000000718600000,0x0000000718791278,0x0000000718900000)
  to   space 3072K, 0% used [0x0000000718900000,0x0000000718900000,0x0000000718c00000)
 ParOldGen       total 360960K, used 177214K [0x00000005c1000000, 0x00000005d7080000, 0x0000000715b00000)
  object space 360960K, 49% used [0x00000005c1000000,0x00000005cbd0fae8,0x00000005d7080000)
 Metaspace       used 13238K, capacity 13417K, committed 13696K, reserved 1062912K
  class space    used 1031K, capacity 1097K, committed 1152K, reserved 1048576K
Event: 49.631 GC heap after
Heap after GC invocations=274 (full 2):
 PSYoungGen      total 47104K, used 2374K [0x0000000715b00000, 0x0000000718c00000, 0x00000007c0000000)
  eden space 44032K, 0% used [0x0000000715b00000,0x0000000715b00000,0x0000000718600000)
  from space 3072K, 77% used [0x0000000718900000,0x0000000718b51a98,0x0000000718c00000)
  to   space 3072K, 0% used [0x0000000718600000,0x0000000718600000,0x0000000718900000)
 ParOldGen       total 360960K, used 178638K [0x00000005c1000000, 0x00000005d7080000, 0x0000000715b00000)
  object space 360960K, 49% used [0x00000005c1000000,0x00000005cbe73ae8,0x00000005d7080000)
 Metaspace       used 13238K, capacity 13417K, committed 13696K, reserved 1062912K
  class space    used 1031K, capacity 1097K, committed 1152K, reserved 1048576K
}
Event: 49.754 GC heap before
{Heap before GC invocations=275 (full 2):
 PSYoungGen      total 47104K, used 46406K [0x0000000715b00000, 0x0000000718c00000, 0x00000007c0000000)
  eden space 44032K, 100% used [0x0000000715b00000,0x0000000718600000,0x0000000718600000)
  from space 3072K, 77% used [0x0000000718900000,0x0000000718b51a98,0x0000000718c00000)
  to   space 3072K, 0% used [0x0000000718600000,0x0000000718600000,0x0000000718900000)
 ParOldGen       total 360960K, used 178638K [0x00000005c1000000, 0x00000005d7080000, 0x0000000715b00000)
  object space 360960K, 49% used [0x00000005c1000000,0x00000005cbe73ae8,0x00000005d7080000)
 Metaspace       used 13238K, capacity 13417K, committed 13696K, reserved 1062912K
  class space    used 1031K, capacity 1097K, committed 1152K, reserved 1048576K
Event: 49.755 GC heap after
Heap after GC invocations=275 (full 2):
 PSYoungGen      total 47104K, used 1604K [0x0000000715b00000, 0x0000000718c00000, 0x00000007c0000000)
  eden space 44032K, 0% used [0x0000000715b00000,0x0000000715b00000,0x0000000718600000)
  from space 3072K, 52% used [0x0000000718600000,0x0000000718791278,0x0000000718900000)
  to   space 3072K, 0% used [0x0000000718900000,0x0000000718900000,0x0000000718c00000)
 ParOldGen       total 360960K, used 180582K [0x00000005c1000000, 0x00000005d7080000, 0x0000000715b00000)
  object space 360960K, 50% used [0x00000005c1000000,0x00000005cc059ae8,0x00000005d7080000)
 Metaspace       used 13238K, capacity 13417K, committed 13696K, reserved 1062912K
  class space    used 1031K, capacity 1097K, committed 1152K, reserved 1048576K
}
Event: 49.905 GC heap before
{Heap before GC invocations=276 (full 2):
 PSYoungGen      total 47104K, used 45636K [0x0000000715b00000, 0x0000000718c00000, 0x00000007c0000000)
  eden space 44032K, 100% used [0x0000000715b00000,0x0000000718600000,0x0000000718600000)
  from space 3072K, 52% used [0x0000000718600000,0x0000000718791278,0x0000000718900000)
  to   space 3072K, 0% used [0x0000000718900000,0x0000000718900000,0x0000000718c00000)
 ParOldGen       total 360960K, used 180582K [0x00000005c1000000, 0x00000005d7080000, 0x0000000715b00000)
  object space 360960K, 50% used [0x00000005c1000000,0x00000005cc059ae8,0x00000005d7080000)
 Metaspace       used 13238K, capacity 13417K, committed 13696K, reserved 1062912K
  class space    used 1031K, capacity 1097K, committed 1152K, reserved 1048576K
Event: 49.906 GC heap after
Heap after GC invocations=276 (full 2):
 PSYoungGen      total 47104K, used 1796K [0x0000000715b00000, 0x0000000718c00000, 0x00000007c0000000)
  eden space 44032K, 0% used [0x0000000715b00000,0x0000000715b00000,0x0000000718600000)
  from space 3072K, 58% used [0x0000000718900000,0x0000000718ac1278,0x0000000718c00000)
  to   space 3072K, 0% used [0x0000000718600000,0x0000000718600000,0x0000000718900000)
 ParOldGen       total 360960K, used 181990K [0x00000005c1000000, 0x00000005d7080000, 0x0000000715b00000)
  object space 360960K, 50% used [0x00000005c1000000,0x00000005cc1b9ae8,0x00000005d7080000)
 Metaspace       used 13238K, capacity 13417K, committed 13696K, reserved 1062912K
  class space    used 1031K, capacity 1097K, committed 1152K, reserved 1048576K
}
Event: 50.021 GC heap before
{Heap before GC invocations=277 (full 2):
 PSYoungGen      total 47104K, used 45828K [0x0000000715b00000, 0x0000000718c00000, 0x00000007c0000000)
  eden space 44032K, 100% used [0x0000000715b00000,0x0000000718600000,0x0000000718600000)
  from space 3072K, 58% used [0x0000000718900000,0x0000000718ac1278,0x0000000718c00000)
  to   space 3072K, 0% used [0x0000000718600000,0x0000000718600000,0x0000000718900000)
 ParOldGen       total 360960K, used 181990K [0x00000005c1000000, 0x00000005d7080000, 0x0000000715b00000)
  object space 360960K, 50% used [0x00000005c1000000,0x00000005cc1b9ae8,0x00000005d7080000)
 Metaspace       used 13238K, capacity 13417K, committed 13696K, reserved 1062912K
  class space    used 1031K, capacity 1097K, committed 1152K, reserved 1048576K
Event: 50.022 GC heap after
Heap after GC invocations=277 (full 2):
 PSYoungGen      total 47104K, used 1476K [0x0000000715b00000, 0x0000000718c00000, 0x00000007c0000000)
  eden space 44032K, 0% used [0x0000000715b00000,0x0000000715b00000,0x0000000718600000)
  from space 3072K, 48% used [0x0000000718600000,0x0000000718771278,0x0000000718900000)
  to   space 3072K, 0% used [0x0000000718900000,0x0000000718900000,0x0000000718c00000)
 ParOldGen       total 360960K, used 183574K [0x00000005c1000000, 0x00000005d7080000, 0x0000000715b00000)
  object space 360960K, 50% used [0x00000005c1000000,0x00000005cc345ae8,0x00000005d7080000)
 Metaspace       used 13238K, capacity 13417K, committed 13696K, reserved 1062912K
  class space    used 1031K, capacity 1097K, committed 1152K, reserved 1048576K
}

