# JRE version: Java(TM) SE Runtime Environment (8.0_231-b11) (build 1.8.0_231-b11)
# Java VM: Java HotSpot(TM) 64-Bit Server VM (25.231-b11 mixed mode windows-amd64 compressed oops)
Heap:
 PSYoungGen      total 43520K, used 19802K [0x0000000715b00000, 0x0000000718980000, 0x00000007c0000000)
  eden space 40448K, 44% used [0x0000000715b00000,0x0000000716c70f10,0x0000000718280000)
  from space 3072K, 63% used [0x0000000718280000,0x0000000718465be8,0x0000000718580000)
  to   space 3584K, 0% used [0x0000000718600000,0x0000000718600000,0x0000000718980000)
 ParOldGen       total 349696K, used 233691K [0x00000005c1000000, 0x00000005d6580000, 0x0000000715b00000)
  object space 349696K, 66% used [0x00000005c1000000,0x00000005cf436ff0,0x00000005d6580000)
 Metaspace       used 13230K, capacity 13417K, committed 13696K, reserved 1062912K
  class space    used 1031K, capacity 1097K, committed 1152K, reserved 1048576K
GC Heap History (10 events):
Event: 30.236 GC heap before
{Heap before GC invocations=135 (full 0):
 PSYoungGen      total 43520K, used 41604K [0x0000000715b00000, 0x0000000718800000, 0x00000007c0000000)
  eden space 40960K, 100% used [0x0000000715b00000,0x0000000718300000,0x0000000718300000)
  from space 2560K, 25% used [0x0000000718580000,0x0000000718621278,0x0000000718800000)
  to   space 2560K, 0% used [0x0000000718300000,0x0000000718300000,0x0000000718580000)
 ParOldGen       total 349696K, used 228771K [0x00000005c1000000, 0x00000005d6580000, 0x0000000715b00000)
  object space 349696K, 65% used [0x00000005c1000000,0x00000005cef68fe0,0x00000005d6580000)
 Metaspace       used 13229K, capacity 13417K, committed 13696K, reserved 1062912K
  class space    used 1031K, capacity 1097K, committed 1152K, reserved 1048576K
Event: 30.236 GC heap after
Heap after GC invocations=135 (full 0):
 PSYoungGen      total 43520K, used 612K [0x0000000715b00000, 0x0000000718800000, 0x00000007c0000000)
  eden space 40960K, 0% used [0x0000000715b00000,0x0000000715b00000,0x0000000718300000)
  from space 2560K, 23% used [0x0000000718300000,0x0000000718399278,0x0000000718580000)
  to   space 2560K, 0% used [0x0000000718580000,0x0000000718580000,0x0000000718800000)
 ParOldGen       total 349696K, used 229171K [0x00000005c1000000, 0x00000005d6580000, 0x0000000715b00000)
  object space 349696K, 65% used [0x00000005c1000000,0x00000005cefccfe0,0x00000005d6580000)
 Metaspace       used 13229K, capacity 13417K, committed 13696K, reserved 1062912K
  class space    used 1031K, capacity 1097K, committed 1152K, reserved 1048576K
}
Event: 30.377 GC heap before
{Heap before GC invocations=136 (full 0):
 PSYoungGen      total 43520K, used 41572K [0x0000000715b00000, 0x0000000718800000, 0x00000007c0000000)
  eden space 40960K, 100% used [0x0000000715b00000,0x0000000718300000,0x0000000718300000)
  from space 2560K, 23% used [0x0000000718300000,0x0000000718399278,0x0000000718580000)
  to   space 2560K, 0% used [0x0000000718580000,0x0000000718580000,0x0000000718800000)
 ParOldGen       total 349696K, used 229171K [0x00000005c1000000, 0x00000005d6580000, 0x0000000715b00000)
  object space 349696K, 65% used [0x00000005c1000000,0x00000005cefccfe0,0x00000005d6580000)
 Metaspace       used 13229K, capacity 13417K, committed 13696K, reserved 1062912K
  class space    used 1031K, capacity 1097K, committed 1152K, reserved 1048576K
Event: 30.378 GC heap after
Heap after GC invocations=136 (full 0):
 PSYoungGen      total 43520K, used 836K [0x0000000715b00000, 0x0000000718800000, 0x00000007c0000000)
  eden space 40960K, 0% used [0x0000000715b00000,0x0000000715b00000,0x0000000718300000)
  from space 2560K, 32% used [0x0000000718580000,0x0000000718651278,0x0000000718800000)
  to   space 2560K, 0% used [0x0000000718300000,0x0000000718300000,0x0000000718580000)
 ParOldGen       total 349696K, used 229579K [0x00000005c1000000, 0x00000005d6580000, 0x0000000715b00000)
  object space 349696K, 65% used [0x00000005c1000000,0x00000005cf032fe0,0x00000005d6580000)
 Metaspace       used 13229K, capacity 13417K, committed 13696K, reserved 1062912K
  class space    used 1031K, capacity 1097K, committed 1152K, reserved 1048576K
}
Event: 30.483 GC heap before
{Heap before GC invocations=137 (full 0):
 PSYoungGen      total 43520K, used 41796K [0x0000000715b00000, 0x0000000718800000, 0x00000007c0000000)
  eden space 40960K, 100% used [0x0000000715b00000,0x0000000718300000,0x0000000718300000)
  from space 2560K, 32% used [0x0000000718580000,0x0000000718651278,0x0000000718800000)
  to   space 2560K, 0% used [0x0000000718300000,0x0000000718300000,0x0000000718580000)
 ParOldGen       total 349696K, used 229579K [0x00000005c1000000, 0x00000005d6580000, 0x0000000715b00000)
  object space 349696K, 65% used [0x00000005c1000000,0x00000005cf032fe0,0x00000005d6580000)
 Metaspace       used 13229K, capacity 13417K, committed 13696K, reserved 1062912K
  class space    used 1031K, capacity 1097K, committed 1152K, reserved 1048576K
Event: 30.484 GC heap after
Heap after GC invocations=137 (full 0):
 PSYoungGen      total 43520K, used 1316K [0x0000000715b00000, 0x0000000718800000, 0x00000007c0000000)
  eden space 40960K, 0% used [0x0000000715b00000,0x0000000715b00000,0x0000000718300000)
  from space 2560K, 51% used [0x0000000718300000,0x0000000718449278,0x0000000718580000)
  to   space 2560K, 0% used [0x0000000718580000,0x0000000718580000,0x0000000718800000)
 ParOldGen       total 349696K, used 230147K [0x00000005c1000000, 0x00000005d6580000, 0x0000000715b00000)
  object space 349696K, 65% used [0x00000005c1000000,0x00000005cf0c0fe0,0x00000005d6580000)
 Metaspace       used 13229K, capacity 13417K, committed 13696K, reserved 1062912K
  class space    used 1031K, capacity 1097K, committed 1152K, reserved 1048576K
}
Event: 30.662 GC heap before
{Heap before GC invocations=138 (full 0):
 PSYoungGen      total 43520K, used 42276K [0x0000000715b00000, 0x0000000718800000, 0x00000007c0000000)
  eden space 40960K, 100% used [0x0000000715b00000,0x0000000718300000,0x0000000718300000)
  from space 2560K, 51% used [0x0000000718300000,0x0000000718449278,0x0000000718580000)
  to   space 2560K, 0% used [0x0000000718580000,0x0000000718580000,0x0000000718800000)
 ParOldGen       total 349696K, used 230147K [0x00000005c1000000, 0x00000005d6580000, 0x0000000715b00000)
  object space 349696K, 65% used [0x00000005c1000000,0x00000005cf0c0fe0,0x00000005d6580000)
 Metaspace       used 13230K, capacity 13417K, committed 13696K, reserved 1062912K
  class space    used 1031K, capacity 1097K, committed 1152K, reserved 1048576K
Event: 30.663 GC heap after
Heap after GC invocations=138 (full 0):
 PSYoungGen      total 43008K, used 2548K [0x0000000715b00000, 0x0000000718900000, 0x00000007c0000000)
  eden space 40448K, 0% used [0x0000000715b00000,0x0000000715b00000,0x0000000718280000)
  from space 2560K, 99% used [0x0000000718580000,0x00000007187fd288,0x0000000718800000)
  to   space 3072K, 0% used [0x0000000718280000,0x0000000718280000,0x0000000718580000)
 ParOldGen       total 349696K, used 231243K [0x00000005c1000000, 0x00000005d6580000, 0x0000000715b00000)
  object space 349696K, 66% used [0x00000005c1000000,0x00000005cf1d2fe0,0x00000005d6580000)
 Metaspace       used 13230K, capacity 13417K, committed 13696K, reserved 1062912K
  class space    used 1031K, capacity 1097K, committed 1152K, reserved 1048576K
}
Event: 30.784 GC heap before
{Heap before GC invocations=139 (full 0):
 PSYoungGen      total 43008K, used 42996K [0x0000000715b00000, 0x0000000718900000, 0x00000007c0000000)
  eden space 40448K, 100% used [0x0000000715b00000,0x0000000718280000,0x0000000718280000)
  from space 2560K, 99% used [0x0000000718580000,0x00000007187fd288,0x0000000718800000)
  to   space 3072K, 0% used [0x0000000718280000,0x0000000718280000,0x0000000718580000)
 ParOldGen       total 349696K, used 231243K [0x00000005c1000000, 0x00000005d6580000, 0x0000000715b00000)
  object space 349696K, 66% used [0x00000005c1000000,0x00000005cf1d2fe0,0x00000005d6580000)
 Metaspace       used 13230K, capacity 13417K, committed 13696K, reserved 1062912K
  class space    used 1031K, capacity 1097K, committed 1152K, reserved 1048576K
Event: 30.785 GC heap after
Heap after GC invocations=139 (full 0):
 PSYoungGen      total 43520K, used 1942K [0x0000000715b00000, 0x0000000718980000, 0x00000007c0000000)
  eden space 40448K, 0% used [0x0000000715b00000,0x0000000715b00000,0x0000000718280000)
  from space 3072K, 63% used [0x0000000718280000,0x0000000718465be8,0x0000000718580000)
  to   space 3584K, 0% used [0x0000000718600000,0x0000000718600000,0x0000000718980000)
 ParOldGen       total 349696K, used 233691K [0x00000005c1000000, 0x00000005d6580000, 0x0000000715b00000)
  object space 349696K, 66% used [0x00000005c1000000,0x00000005cf436ff0,0x00000005d6580000)
 Metaspace       used 13230K, capacity 13417K, committed 13696K, reserved 1062912K
  class space    used 1031K, capacity 1097K, committed 1152K, reserved 1048576K
}

