# JRE version: Java(TM) SE Runtime Environment (8.0_231-b11) (build 1.8.0_231-b11)
# Java VM: Java HotSpot(TM) 64-Bit Server VM (25.231-b11 mixed mode windows-amd64 compressed oops)
Heap:
 PSYoungGen      total 2144256K, used 603296K [0x0000000715b00000, 0x00000007c0000000, 0x00000007c0000000)
  eden space 1695744K, 9% used [0x0000000715b00000,0x000000071f27bbf0,0x000000077d300000)
  from space 448512K, 99% used [0x000000077d300000,0x00000007988ac478,0x0000000798900000)
  to   space 584192K, 0% used [0x000000079c580000,0x000000079c580000,0x00000007c0000000)
 ParOldGen       total 1703424K, used 1310729K [0x00000005c1000000, 0x0000000628f80000, 0x0000000715b00000)
  object space 1703424K, 76% used [0x00000005c1000000,0x00000006110024e8,0x0000000628f80000)
 Metaspace       used 13171K, capacity 13353K, committed 13440K, reserved 1060864K
  class space    used 1021K, capacity 1097K, committed 1152K, reserved 1048576K
GC Heap History (10 events):
Event: 266.220 GC heap before
{Heap before GC invocations=269 (full 6):
 PSYoungGen      total 2264576K, used 1962618K [0x0000000715b00000, 0x00000007c0000000, 0x00000007c0000000)
  eden space 1742336K, 100% used [0x0000000715b00000,0x0000000780080000,0x0000000780080000)
  from space 522240K, 42% used [0x000000079e500000,0x00000007abc1eac8,0x00000007be300000)
  to   space 496128K, 0% used [0x0000000780080000,0x0000000780080000,0x000000079e500000)
 ParOldGen       total 1703424K, used 1310721K [0x00000005c1000000, 0x0000000628f80000, 0x0000000715b00000)
  object space 1703424K, 76% used [0x00000005c1000000,0x00000006110004e8,0x0000000628f80000)
 Metaspace       used 13132K, capacity 13353K, committed 13440K, reserved 1060864K
  class space    used 1019K, capacity 1097K, committed 1152K, reserved 1048576K
Event: 266.257 GC heap after
Heap after GC invocations=269 (full 6):
 PSYoungGen      total 2238464K, used 275805K [0x0000000715b00000, 0x00000007bd180000, 0x00000007c0000000)
  eden space 1742336K, 0% used [0x0000000715b00000,0x0000000715b00000,0x0000000780080000)
  from space 496128K, 55% used [0x0000000780080000,0x0000000790dd7448,0x000000079e500000)
  to   space 485376K, 0% used [0x000000079f780000,0x000000079f780000,0x00000007bd180000)
 ParOldGen       total 1703424K, used 1310721K [0x00000005c1000000, 0x0000000628f80000, 0x0000000715b00000)
  object space 1703424K, 76% used [0x00000005c1000000,0x00000006110004e8,0x0000000628f80000)
 Metaspace       used 13132K, capacity 13353K, committed 13440K, reserved 1060864K
  class space    used 1019K, capacity 1097K, committed 1152K, reserved 1048576K
}
Event: 271.024 GC heap before
{Heap before GC invocations=270 (full 6):
 PSYoungGen      total 2238464K, used 2018141K [0x0000000715b00000, 0x00000007bd180000, 0x00000007c0000000)
  eden space 1742336K, 100% used [0x0000000715b00000,0x0000000780080000,0x0000000780080000)
  from space 496128K, 55% used [0x0000000780080000,0x0000000790dd7448,0x000000079e500000)
  to   space 485376K, 0% used [0x000000079f780000,0x000000079f780000,0x00000007bd180000)
 ParOldGen       total 1703424K, used 1310721K [0x00000005c1000000, 0x0000000628f80000, 0x0000000715b00000)
  object space 1703424K, 76% used [0x00000005c1000000,0x00000006110004e8,0x0000000628f80000)
 Metaspace       used 13171K, capacity 13353K, committed 13440K, reserved 1060864K
  class space    used 1021K, capacity 1097K, committed 1152K, reserved 1048576K
Event: 271.073 GC heap after
Heap after GC invocations=270 (full 6):
 PSYoungGen      total 2248192K, used 329837K [0x0000000715b00000, 0x00000007c0000000, 0x00000007c0000000)
  eden space 1762816K, 0% used [0x0000000715b00000,0x0000000715b00000,0x0000000781480000)
  from space 485376K, 67% used [0x000000079f780000,0x00000007b399b460,0x00000007bd180000)
  to   space 494592K, 0% used [0x0000000781480000,0x0000000781480000,0x000000079f780000)
 ParOldGen       total 1703424K, used 1310729K [0x00000005c1000000, 0x0000000628f80000, 0x0000000715b00000)
  object space 1703424K, 76% used [0x00000005c1000000,0x00000006110024e8,0x0000000628f80000)
 Metaspace       used 13171K, capacity 13353K, committed 13440K, reserved 1060864K
  class space    used 1021K, capacity 1097K, committed 1152K, reserved 1048576K
}
Event: 275.965 GC heap before
{Heap before GC invocations=271 (full 6):
 PSYoungGen      total 2248192K, used 2092653K [0x0000000715b00000, 0x00000007c0000000, 0x00000007c0000000)
  eden space 1762816K, 100% used [0x0000000715b00000,0x0000000781480000,0x0000000781480000)
  from space 485376K, 67% used [0x000000079f780000,0x00000007b399b460,0x00000007bd180000)
  to   space 494592K, 0% used [0x0000000781480000,0x0000000781480000,0x000000079f780000)
 ParOldGen       total 1703424K, used 1310729K [0x00000005c1000000, 0x0000000628f80000, 0x0000000715b00000)
  object space 1703424K, 76% used [0x00000005c1000000,0x00000006110024e8,0x0000000628f80000)
 Metaspace       used 13171K, capacity 13353K, committed 13440K, reserved 1060864K
  class space    used 1021K, capacity 1097K, committed 1152K, reserved 1048576K
Event: 276.011 GC heap after
Heap after GC invocations=271 (full 6):
 PSYoungGen      total 2257408K, used 369810K [0x0000000715b00000, 0x00000007c0000000, 0x00000007c0000000)
  eden space 1762816K, 0% used [0x0000000715b00000,0x0000000715b00000,0x0000000781480000)
  from space 494592K, 74% used [0x0000000781480000,0x0000000797da4850,0x000000079f780000)
  to   space 515584K, 0% used [0x00000007a0880000,0x00000007a0880000,0x00000007c0000000)
 ParOldGen       total 1703424K, used 1310729K [0x00000005c1000000, 0x0000000628f80000, 0x0000000715b00000)
  object space 1703424K, 76% used [0x00000005c1000000,0x00000006110024e8,0x0000000628f80000)
 Metaspace       used 13171K, capacity 13353K, committed 13440K, reserved 1060864K
  class space    used 1021K, capacity 1097K, committed 1152K, reserved 1048576K
}
Event: 280.939 GC heap before
{Heap before GC invocations=272 (full 6):
 PSYoungGen      total 2257408K, used 2132626K [0x0000000715b00000, 0x00000007c0000000, 0x00000007c0000000)
  eden space 1762816K, 100% used [0x0000000715b00000,0x0000000781480000,0x0000000781480000)
  from space 494592K, 74% used [0x0000000781480000,0x0000000797da4850,0x000000079f780000)
  to   space 515584K, 0% used [0x00000007a0880000,0x00000007a0880000,0x00000007c0000000)
 ParOldGen       total 1703424K, used 1310729K [0x00000005c1000000, 0x0000000628f80000, 0x0000000715b00000)
  object space 1703424K, 76% used [0x00000005c1000000,0x00000006110024e8,0x0000000628f80000)
 Metaspace       used 13171K, capacity 13353K, committed 13440K, reserved 1060864K
  class space    used 1021K, capacity 1097K, committed 1152K, reserved 1048576K
Event: 280.999 GC heap after
Heap after GC invocations=272 (full 6):
 PSYoungGen      total 2211328K, used 414589K [0x0000000715b00000, 0x00000007c0000000, 0x00000007c0000000)
  eden space 1695744K, 0% used [0x0000000715b00000,0x0000000715b00000,0x000000077d300000)
  from space 515584K, 80% used [0x00000007a0880000,0x00000007b9d5f458,0x00000007c0000000)
  to   space 547328K, 0% used [0x000000077d300000,0x000000077d300000,0x000000079e980000)
 ParOldGen       total 1703424K, used 1310729K [0x00000005c1000000, 0x0000000628f80000, 0x0000000715b00000)
  object space 1703424K, 76% used [0x00000005c1000000,0x00000006110024e8,0x0000000628f80000)
 Metaspace       used 13171K, capacity 13353K, committed 13440K, reserved 1060864K
  class space    used 1021K, capacity 1097K, committed 1152K, reserved 1048576K
}
Event: 285.998 GC heap before
{Heap before GC invocations=273 (full 6):
 PSYoungGen      total 2211328K, used 2110333K [0x0000000715b00000, 0x00000007c0000000, 0x00000007c0000000)
  eden space 1695744K, 100% used [0x0000000715b00000,0x000000077d300000,0x000000077d300000)
  from space 515584K, 80% used [0x00000007a0880000,0x00000007b9d5f458,0x00000007c0000000)
  to   space 547328K, 0% used [0x000000077d300000,0x000000077d300000,0x000000079e980000)
 ParOldGen       total 1703424K, used 1310729K [0x00000005c1000000, 0x0000000628f80000, 0x0000000715b00000)
  object space 1703424K, 76% used [0x00000005c1000000,0x00000006110024e8,0x0000000628f80000)
 Metaspace       used 13171K, capacity 13353K, committed 13440K, reserved 1060864K
  class space    used 1021K, capacity 1097K, committed 1152K, reserved 1048576K
Event: 286.055 GC heap after
Heap after GC invocations=273 (full 6):
 PSYoungGen      total 2144256K, used 448177K [0x0000000715b00000, 0x00000007c0000000, 0x00000007c0000000)
  eden space 1695744K, 0% used [0x0000000715b00000,0x0000000715b00000,0x000000077d300000)
  from space 448512K, 99% used [0x000000077d300000,0x00000007988ac478,0x0000000798900000)
  to   space 584192K, 0% used [0x000000079c580000,0x000000079c580000,0x00000007c0000000)
 ParOldGen       total 1703424K, used 1310729K [0x00000005c1000000, 0x0000000628f80000, 0x0000000715b00000)
  object space 1703424K, 76% used [0x00000005c1000000,0x00000006110024e8,0x0000000628f80000)
 Metaspace       used 13171K, capacity 13353K, committed 13440K, reserved 1060864K
  class space    used 1021K, capacity 1097K, committed 1152K, reserved 1048576K
}

