# JRE version: Java(TM) SE Runtime Environment (8.0_231-b11) (build 1.8.0_231-b11)
# Java VM: Java HotSpot(TM) 64-Bit Server VM (25.231-b11 mixed mode windows-amd64 compressed oops)
Heap:
 PSYoungGen      total 42496K, used 33510K [0x0000000715b00000, 0x0000000718680000, 0x00000007c0000000)
  eden space 40448K, 78% used [0x0000000715b00000,0x00000007179e3ad8,0x0000000718280000)
  from space 2048K, 91% used [0x0000000718280000,0x0000000718456110,0x0000000718480000)
  to   space 2048K, 0% used [0x0000000718480000,0x0000000718480000,0x0000000718680000)
 ParOldGen       total 349696K, used 281765K [0x00000005c1000000, 0x00000005d6580000, 0x0000000715b00000)
  object space 349696K, 80% used [0x00000005c1000000,0x00000005d2329798,0x00000005d6580000)
 Metaspace       used 13211K, capacity 13417K, committed 13696K, reserved 1062912K
  class space    used 1028K, capacity 1097K, committed 1152K, reserved 1048576K
GC Heap History (10 events):
Event: 38.696 GC heap before
{Heap before GC invocations=207 (full 0):
 PSYoungGen      total 42496K, used 41819K [0x0000000715b00000, 0x0000000718680000, 0x00000007c0000000)
  eden space 40448K, 100% used [0x0000000715b00000,0x0000000718280000,0x0000000718280000)
  from space 2048K, 66% used [0x0000000718480000,0x00000007185d6e20,0x0000000718680000)
  to   space 2048K, 0% used [0x0000000718280000,0x0000000718280000,0x0000000718480000)
 ParOldGen       total 349696K, used 277077K [0x00000005c1000000, 0x00000005d6580000, 0x0000000715b00000)
  object space 349696K, 79% used [0x00000005c1000000,0x00000005d1e95798,0x00000005d6580000)
 Metaspace       used 13211K, capacity 13417K, committed 13696K, reserved 1062912K
  class space    used 1028K, capacity 1097K, committed 1152K, reserved 1048576K
Event: 38.697 GC heap after
Heap after GC invocations=207 (full 0):
 PSYoungGen      total 42496K, used 900K [0x0000000715b00000, 0x0000000718680000, 0x00000007c0000000)
  eden space 40448K, 0% used [0x0000000715b00000,0x0000000715b00000,0x0000000718280000)
  from space 2048K, 43% used [0x0000000718280000,0x0000000718361278,0x0000000718480000)
  to   space 2048K, 0% used [0x0000000718480000,0x0000000718480000,0x0000000718680000)
 ParOldGen       total 349696K, used 277981K [0x00000005c1000000, 0x00000005d6580000, 0x0000000715b00000)
  object space 349696K, 79% used [0x00000005c1000000,0x00000005d1f77798,0x00000005d6580000)
 Metaspace       used 13211K, capacity 13417K, committed 13696K, reserved 1062912K
  class space    used 1028K, capacity 1097K, committed 1152K, reserved 1048576K
}
Event: 38.833 GC heap before
{Heap before GC invocations=208 (full 0):
 PSYoungGen      total 42496K, used 41348K [0x0000000715b00000, 0x0000000718680000, 0x00000007c0000000)
  eden space 40448K, 100% used [0x0000000715b00000,0x0000000718280000,0x0000000718280000)
  from space 2048K, 43% used [0x0000000718280000,0x0000000718361278,0x0000000718480000)
  to   space 2048K, 0% used [0x0000000718480000,0x0000000718480000,0x0000000718680000)
 ParOldGen       total 349696K, used 277981K [0x00000005c1000000, 0x00000005d6580000, 0x0000000715b00000)
  object space 349696K, 79% used [0x00000005c1000000,0x00000005d1f77798,0x00000005d6580000)
 Metaspace       used 13211K, capacity 13417K, committed 13696K, reserved 1062912K
  class space    used 1028K, capacity 1097K, committed 1152K, reserved 1048576K
Event: 38.834 GC heap after
Heap after GC invocations=208 (full 0):
 PSYoungGen      total 42496K, used 1284K [0x0000000715b00000, 0x0000000718680000, 0x00000007c0000000)
  eden space 40448K, 0% used [0x0000000715b00000,0x0000000715b00000,0x0000000718280000)
  from space 2048K, 62% used [0x0000000718480000,0x00000007185c1278,0x0000000718680000)
  to   space 2048K, 0% used [0x0000000718280000,0x0000000718280000,0x0000000718480000)
 ParOldGen       total 349696K, used 278717K [0x00000005c1000000, 0x00000005d6580000, 0x0000000715b00000)
  object space 349696K, 79% used [0x00000005c1000000,0x00000005d202f798,0x00000005d6580000)
 Metaspace       used 13211K, capacity 13417K, committed 13696K, reserved 1062912K
  class space    used 1028K, capacity 1097K, committed 1152K, reserved 1048576K
}
Event: 38.966 GC heap before
{Heap before GC invocations=209 (full 0):
 PSYoungGen      total 42496K, used 41732K [0x0000000715b00000, 0x0000000718680000, 0x00000007c0000000)
  eden space 40448K, 100% used [0x0000000715b00000,0x0000000718280000,0x0000000718280000)
  from space 2048K, 62% used [0x0000000718480000,0x00000007185c1278,0x0000000718680000)
  to   space 2048K, 0% used [0x0000000718280000,0x0000000718280000,0x0000000718480000)
 ParOldGen       total 349696K, used 278717K [0x00000005c1000000, 0x00000005d6580000, 0x0000000715b00000)
  object space 349696K, 79% used [0x00000005c1000000,0x00000005d202f798,0x00000005d6580000)
 Metaspace       used 13211K, capacity 13417K, committed 13696K, reserved 1062912K
  class space    used 1028K, capacity 1097K, committed 1152K, reserved 1048576K
Event: 38.967 GC heap after
Heap after GC invocations=209 (full 0):
 PSYoungGen      total 42496K, used 1156K [0x0000000715b00000, 0x0000000718680000, 0x00000007c0000000)
  eden space 40448K, 0% used [0x0000000715b00000,0x0000000715b00000,0x0000000718280000)
  from space 2048K, 56% used [0x0000000718280000,0x00000007183a1278,0x0000000718480000)
  to   space 2048K, 0% used [0x0000000718480000,0x0000000718480000,0x0000000718680000)
 ParOldGen       total 349696K, used 279789K [0x00000005c1000000, 0x00000005d6580000, 0x0000000715b00000)
  object space 349696K, 80% used [0x00000005c1000000,0x00000005d213b798,0x00000005d6580000)
 Metaspace       used 13211K, capacity 13417K, committed 13696K, reserved 1062912K
  class space    used 1028K, capacity 1097K, committed 1152K, reserved 1048576K
}
Event: 39.110 GC heap before
{Heap before GC invocations=210 (full 0):
 PSYoungGen      total 42496K, used 41604K [0x0000000715b00000, 0x0000000718680000, 0x00000007c0000000)
  eden space 40448K, 100% used [0x0000000715b00000,0x0000000718280000,0x0000000718280000)
  from space 2048K, 56% used [0x0000000718280000,0x00000007183a1278,0x0000000718480000)
  to   space 2048K, 0% used [0x0000000718480000,0x0000000718480000,0x0000000718680000)
 ParOldGen       total 349696K, used 279789K [0x00000005c1000000, 0x00000005d6580000, 0x0000000715b00000)
  object space 349696K, 80% used [0x00000005c1000000,0x00000005d213b798,0x00000005d6580000)
 Metaspace       used 13211K, capacity 13417K, committed 13696K, reserved 1062912K
  class space    used 1028K, capacity 1097K, committed 1152K, reserved 1048576K
Event: 39.111 GC heap after
Heap after GC invocations=210 (full 0):
 PSYoungGen      total 42496K, used 1348K [0x0000000715b00000, 0x0000000718680000, 0x00000007c0000000)
  eden space 40448K, 0% used [0x0000000715b00000,0x0000000715b00000,0x0000000718280000)
  from space 2048K, 65% used [0x0000000718480000,0x00000007185d1278,0x0000000718680000)
  to   space 2048K, 0% used [0x0000000718280000,0x0000000718280000,0x0000000718480000)
 ParOldGen       total 349696K, used 280701K [0x00000005c1000000, 0x00000005d6580000, 0x0000000715b00000)
  object space 349696K, 80% used [0x00000005c1000000,0x00000005d221f798,0x00000005d6580000)
 Metaspace       used 13211K, capacity 13417K, committed 13696K, reserved 1062912K
  class space    used 1028K, capacity 1097K, committed 1152K, reserved 1048576K
}
Event: 39.262 GC heap before
{Heap before GC invocations=211 (full 0):
 PSYoungGen      total 42496K, used 41796K [0x0000000715b00000, 0x0000000718680000, 0x00000007c0000000)
  eden space 40448K, 100% used [0x0000000715b00000,0x0000000718280000,0x0000000718280000)
  from space 2048K, 65% used [0x0000000718480000,0x00000007185d1278,0x0000000718680000)
  to   space 2048K, 0% used [0x0000000718280000,0x0000000718280000,0x0000000718480000)
 ParOldGen       total 349696K, used 280701K [0x00000005c1000000, 0x00000005d6580000, 0x0000000715b00000)
  object space 349696K, 80% used [0x00000005c1000000,0x00000005d221f798,0x00000005d6580000)
 Metaspace       used 13211K, capacity 13417K, committed 13696K, reserved 1062912K
  class space    used 1028K, capacity 1097K, committed 1152K, reserved 1048576K
Event: 39.263 GC heap after
Heap after GC invocations=211 (full 0):
 PSYoungGen      total 42496K, used 1880K [0x0000000715b00000, 0x0000000718680000, 0x00000007c0000000)
  eden space 40448K, 0% used [0x0000000715b00000,0x0000000715b00000,0x0000000718280000)
  from space 2048K, 91% used [0x0000000718280000,0x0000000718456110,0x0000000718480000)
  to   space 2048K, 0% used [0x0000000718480000,0x0000000718480000,0x0000000718680000)
 ParOldGen       total 349696K, used 281765K [0x00000005c1000000, 0x00000005d6580000, 0x0000000715b00000)
  object space 349696K, 80% used [0x00000005c1000000,0x00000005d2329798,0x00000005d6580000)
 Metaspace       used 13211K, capacity 13417K, committed 13696K, reserved 1062912K
  class space    used 1028K, capacity 1097K, committed 1152K, reserved 1048576K
}

