# JRE version: Java(TM) SE Runtime Environment (8.0_231-b11) (build 1.8.0_231-b11)
# Java VM: Java HotSpot(TM) 64-Bit Server VM (25.231-b11 mixed mode windows-amd64 compressed oops)
Heap:
 PSYoungGen      total 120832K, used 55223K [0x0000000715b00000, 0x000000071e880000, 0x00000007c0000000)
  eden space 101888K, 50% used [0x0000000715b00000,0x0000000718d402f0,0x000000071be80000)
  from space 18944K, 19% used [0x000000071d600000,0x000000071d9adbe8,0x000000071e880000)
  to   space 21504K, 0% used [0x000000071be80000,0x000000071be80000,0x000000071d380000)
 ParOldGen       total 349696K, used 49633K [0x00000005c1000000, 0x00000005d6580000, 0x0000000715b00000)
  object space 349696K, 14% used [0x00000005c1000000,0x00000005c4078400,0x00000005d6580000)
 Metaspace       used 13235K, capacity 13455K, committed 13696K, reserved 1062912K
  class space    used 1038K, capacity 1132K, committed 1152K, reserved 1048576K
GC Heap History (10 events):
Event: 6.544 GC heap before
{Heap before GC invocations=12 (full 0):
 PSYoungGen      total 117248K, used 116996K [0x0000000715b00000, 0x000000071f300000, 0x00000007c0000000)
  eden space 112640K, 100% used [0x0000000715b00000,0x000000071c900000,0x000000071c900000)
  from space 4608K, 94% used [0x000000071cb80000,0x000000071cfc1278,0x000000071d000000)
  to   space 21504K, 0% used [0x000000071de00000,0x000000071de00000,0x000000071f300000)
 ParOldGen       total 349696K, used 33214K [0x00000005c1000000, 0x00000005d6580000, 0x0000000715b00000)
  object space 349696K, 9% used [0x00000005c1000000,0x00000005c306fba0,0x00000005d6580000)
 Metaspace       used 13235K, capacity 13455K, committed 13696K, reserved 1062912K
  class space    used 1037K, capacity 1132K, committed 1152K, reserved 1048576K
Event: 6.545 GC heap after
Heap after GC invocations=12 (full 0):
 PSYoungGen      total 130048K, used 4510K [0x0000000715b00000, 0x000000071f180000, 0x00000007c0000000)
  eden space 110080K, 0% used [0x0000000715b00000,0x0000000715b00000,0x000000071c680000)
  from space 19968K, 22% used [0x000000071de00000,0x000000071e2678f8,0x000000071f180000)
  to   space 22016K, 0% used [0x000000071c680000,0x000000071c680000,0x000000071dc00000)
 ParOldGen       total 349696K, used 37390K [0x00000005c1000000, 0x00000005d6580000, 0x0000000715b00000)
  object space 349696K, 10% used [0x00000005c1000000,0x00000005c3483ba0,0x00000005d6580000)
 Metaspace       used 13235K, capacity 13455K, committed 13696K, reserved 1062912K
  class space    used 1037K, capacity 1132K, committed 1152K, reserved 1048576K
}
Event: 6.873 GC heap before
{Heap before GC invocations=13 (full 0):
 PSYoungGen      total 130048K, used 114590K [0x0000000715b00000, 0x000000071f180000, 0x00000007c0000000)
  eden space 110080K, 100% used [0x0000000715b00000,0x000000071c680000,0x000000071c680000)
  from space 19968K, 22% used [0x000000071de00000,0x000000071e2678f8,0x000000071f180000)
  to   space 22016K, 0% used [0x000000071c680000,0x000000071c680000,0x000000071dc00000)
 ParOldGen       total 349696K, used 37390K [0x00000005c1000000, 0x00000005d6580000, 0x0000000715b00000)
  object space 349696K, 10% used [0x00000005c1000000,0x00000005c3483ba0,0x00000005d6580000)
 Metaspace       used 13235K, capacity 13455K, committed 13696K, reserved 1062912K
  class space    used 1037K, capacity 1132K, committed 1152K, reserved 1048576K
Event: 6.875 GC heap after
Heap after GC invocations=13 (full 0):
 PSYoungGen      total 111104K, used 2654K [0x0000000715b00000, 0x000000071ef80000, 0x00000007c0000000)
  eden space 108032K, 0% used [0x0000000715b00000,0x0000000715b00000,0x000000071c480000)
  from space 3072K, 86% used [0x000000071c680000,0x000000071c9179b8,0x000000071c980000)
  to   space 22016K, 0% used [0x000000071da00000,0x000000071da00000,0x000000071ef80000)
 ParOldGen       total 349696K, used 40950K [0x00000005c1000000, 0x00000005d6580000, 0x0000000715b00000)
  object space 349696K, 11% used [0x00000005c1000000,0x00000005c37fdba0,0x00000005d6580000)
 Metaspace       used 13235K, capacity 13455K, committed 13696K, reserved 1062912K
  class space    used 1037K, capacity 1132K, committed 1152K, reserved 1048576K
}
Event: 7.154 GC heap before
{Heap before GC invocations=14 (full 0):
 PSYoungGen      total 111104K, used 110686K [0x0000000715b00000, 0x000000071ef80000, 0x00000007c0000000)
  eden space 108032K, 100% used [0x0000000715b00000,0x000000071c480000,0x000000071c480000)
  from space 3072K, 86% used [0x000000071c680000,0x000000071c9179b8,0x000000071c980000)
  to   space 22016K, 0% used [0x000000071da00000,0x000000071da00000,0x000000071ef80000)
 ParOldGen       total 349696K, used 40950K [0x00000005c1000000, 0x00000005d6580000, 0x0000000715b00000)
  object space 349696K, 11% used [0x00000005c1000000,0x00000005c37fdba0,0x00000005d6580000)
 Metaspace       used 13235K, capacity 13455K, committed 13696K, reserved 1062912K
  class space    used 1037K, capacity 1132K, committed 1152K, reserved 1048576K
Event: 7.156 GC heap after
Heap after GC invocations=14 (full 0):
 PSYoungGen      total 125952K, used 3407K [0x0000000715b00000, 0x000000071ed80000, 0x00000007c0000000)
  eden space 105984K, 0% used [0x0000000715b00000,0x0000000715b00000,0x000000071c280000)
  from space 19968K, 17% used [0x000000071da00000,0x000000071dd53d80,0x000000071ed80000)
  to   space 22016K, 0% used [0x000000071c280000,0x000000071c280000,0x000000071d800000)
 ParOldGen       total 349696K, used 43456K [0x00000005c1000000, 0x00000005d6580000, 0x0000000715b00000)
  object space 349696K, 12% used [0x00000005c1000000,0x00000005c3a702e0,0x00000005d6580000)
 Metaspace       used 13235K, capacity 13455K, committed 13696K, reserved 1062912K
  class space    used 1037K, capacity 1132K, committed 1152K, reserved 1048576K
}
Event: 7.501 GC heap before
{Heap before GC invocations=15 (full 0):
 PSYoungGen      total 125952K, used 109391K [0x0000000715b00000, 0x000000071ed80000, 0x00000007c0000000)
  eden space 105984K, 100% used [0x0000000715b00000,0x000000071c280000,0x000000071c280000)
  from space 19968K, 17% used [0x000000071da00000,0x000000071dd53d80,0x000000071ed80000)
  to   space 22016K, 0% used [0x000000071c280000,0x000000071c280000,0x000000071d800000)
 ParOldGen       total 349696K, used 43456K [0x00000005c1000000, 0x00000005d6580000, 0x0000000715b00000)
  object space 349696K, 12% used [0x00000005c1000000,0x00000005c3a702e0,0x00000005d6580000)
 Metaspace       used 13235K, capacity 13455K, committed 13696K, reserved 1062912K
  class space    used 1038K, capacity 1132K, committed 1152K, reserved 1048576K
Event: 7.503 GC heap after
Heap after GC invocations=15 (full 0):
 PSYoungGen      total 108032K, used 4025K [0x0000000715b00000, 0x000000071eb80000, 0x00000007c0000000)
  eden space 103936K, 0% used [0x0000000715b00000,0x0000000715b00000,0x000000071c080000)
  from space 4096K, 98% used [0x000000071c280000,0x000000071c66e610,0x000000071c680000)
  to   space 22016K, 0% used [0x000000071d600000,0x000000071d600000,0x000000071eb80000)
 ParOldGen       total 349696K, used 45976K [0x00000005c1000000, 0x00000005d6580000, 0x0000000715b00000)
  object space 349696K, 13% used [0x00000005c1000000,0x00000005c3ce62e0,0x00000005d6580000)
 Metaspace       used 13235K, capacity 13455K, committed 13696K, reserved 1062912K
  class space    used 1038K, capacity 1132K, committed 1152K, reserved 1048576K
}
Event: 7.806 GC heap before
{Heap before GC invocations=16 (full 0):
 PSYoungGen      total 108032K, used 107961K [0x0000000715b00000, 0x000000071eb80000, 0x00000007c0000000)
  eden space 103936K, 100% used [0x0000000715b00000,0x000000071c080000,0x000000071c080000)
  from space 4096K, 98% used [0x000000071c280000,0x000000071c66e610,0x000000071c680000)
  to   space 22016K, 0% used [0x000000071d600000,0x000000071d600000,0x000000071eb80000)
 ParOldGen       total 349696K, used 45976K [0x00000005c1000000, 0x00000005d6580000, 0x0000000715b00000)
  object space 349696K, 13% used [0x00000005c1000000,0x00000005c3ce62e0,0x00000005d6580000)
 Metaspace       used 13235K, capacity 13455K, committed 13696K, reserved 1062912K
  class space    used 1038K, capacity 1132K, committed 1152K, reserved 1048576K
Event: 7.808 GC heap after
Heap after GC invocations=16 (full 0):
 PSYoungGen      total 120832K, used 3766K [0x0000000715b00000, 0x000000071e880000, 0x00000007c0000000)
  eden space 101888K, 0% used [0x0000000715b00000,0x0000000715b00000,0x000000071be80000)
  from space 18944K, 19% used [0x000000071d600000,0x000000071d9adbe8,0x000000071e880000)
  to   space 21504K, 0% used [0x000000071be80000,0x000000071be80000,0x000000071d380000)
 ParOldGen       total 349696K, used 49633K [0x00000005c1000000, 0x00000005d6580000, 0x0000000715b00000)
  object space 349696K, 14% used [0x00000005c1000000,0x00000005c4078400,0x00000005d6580000)
 Metaspace       used 13235K, capacity 13455K, committed 13696K, reserved 1062912K
  class space    used 1038K, capacity 1132K, committed 1152K, reserved 1048576K
}

