# JRE version: Java(TM) SE Runtime Environment (8.0_231-b11) (build 1.8.0_231-b11)
# Java VM: Java HotSpot(TM) 64-Bit Server VM (25.231-b11 mixed mode windows-amd64 compressed oops)
Heap:
 PSYoungGen      total 232960K, used 59813K [0x00000000eab00000, 0x0000000100000000, 0x0000000100000000)
  eden space 116736K, 36% used [0x00000000eab00000,0x00000000ed441b00,0x00000000f1d00000)
  from space 116224K, 15% used [0x00000000f8e80000,0x00000000f9fa7af0,0x0000000100000000)
  to   space 116224K, 0% used [0x00000000f1d00000,0x00000000f1d00000,0x00000000f8e80000)
 ParOldGen       total 699392K, used 574277K [0x00000000c0000000, 0x00000000eab00000, 0x00000000eab00000)
  object space 699392K, 82% used [0x00000000c0000000,0x00000000e30d1430,0x00000000eab00000)
 Metaspace       used 12936K, capacity 13161K, committed 13440K, reserved 1060864K
  class space    used 1007K, capacity 1097K, committed 1152K, reserved 1048576K
GC Heap History (10 events):
Event: 19.596 GC heap before
{Heap before GC invocations=44 (full 1):
 PSYoungGen      total 217088K, used 217061K [0x00000000eab00000, 0x0000000100000000, 0x0000000100000000)
  eden space 116736K, 100% used [0x00000000eab00000,0x00000000f1d00000,0x00000000f1d00000)
  from space 100352K, 99% used [0x00000000f9e00000,0x00000000ffff9438,0x0000000100000000)
  to   space 116224K, 0% used [0x00000000f1d00000,0x00000000f1d00000,0x00000000f8e80000)
 ParOldGen       total 615424K, used 526889K [0x00000000c0000000, 0x00000000e5900000, 0x00000000eab00000)
  object space 615424K, 85% used [0x00000000c0000000,0x00000000e028a580,0x00000000e5900000)
 Metaspace       used 12934K, capacity 13161K, committed 13440K, reserved 1060864K
  class space    used 1007K, capacity 1097K, committed 1152K, reserved 1048576K
Event: 19.612 GC heap after
Heap after GC invocations=44 (full 1):
 PSYoungGen      total 232960K, used 81753K [0x00000000eab00000, 0x0000000100000000, 0x0000000100000000)
  eden space 116736K, 0% used [0x00000000eab00000,0x00000000eab00000,0x00000000f1d00000)
  from space 116224K, 70% used [0x00000000f1d00000,0x00000000f6cd6488,0x00000000f8e80000)
  to   space 116224K, 0% used [0x00000000f8e80000,0x00000000f8e80000,0x0000000100000000)
 ParOldGen       total 615424K, used 563013K [0x00000000c0000000, 0x00000000e5900000, 0x00000000eab00000)
  object space 615424K, 91% used [0x00000000c0000000,0x00000000e25d1550,0x00000000e5900000)
 Metaspace       used 12934K, capacity 13161K, committed 13440K, reserved 1060864K
  class space    used 1007K, capacity 1097K, committed 1152K, reserved 1048576K
}
Event: 19.928 GC heap before
{Heap before GC invocations=45 (full 1):
 PSYoungGen      total 232960K, used 198454K [0x00000000eab00000, 0x0000000100000000, 0x0000000100000000)
  eden space 116736K, 99% used [0x00000000eab00000,0x00000000f1cf7470,0x00000000f1d00000)
  from space 116224K, 70% used [0x00000000f1d00000,0x00000000f6cd6488,0x00000000f8e80000)
  to   space 116224K, 0% used [0x00000000f8e80000,0x00000000f8e80000,0x0000000100000000)
 ParOldGen       total 615424K, used 563013K [0x00000000c0000000, 0x00000000e5900000, 0x00000000eab00000)
  object space 615424K, 91% used [0x00000000c0000000,0x00000000e25d1550,0x00000000e5900000)
 Metaspace       used 12934K, capacity 13161K, committed 13440K, reserved 1060864K
  class space    used 1007K, capacity 1097K, committed 1152K, reserved 1048576K
Event: 19.944 GC heap after
Heap after GC invocations=45 (full 1):
 PSYoungGen      total 232960K, used 63068K [0x00000000eab00000, 0x0000000100000000, 0x0000000100000000)
  eden space 116736K, 0% used [0x00000000eab00000,0x00000000eab00000,0x00000000f1d00000)
  from space 116224K, 54% used [0x00000000f8e80000,0x00000000fcc17318,0x0000000100000000)
  to   space 116224K, 0% used [0x00000000f1d00000,0x00000000f1d00000,0x00000000f8e80000)
 ParOldGen       total 615424K, used 596251K [0x00000000c0000000, 0x00000000e5900000, 0x00000000eab00000)
  object space 615424K, 96% used [0x00000000c0000000,0x00000000e4646c40,0x00000000e5900000)
 Metaspace       used 12934K, capacity 13161K, committed 13440K, reserved 1060864K
  class space    used 1007K, capacity 1097K, committed 1152K, reserved 1048576K
}
Event: 19.944 GC heap before
{Heap before GC invocations=46 (full 2):
 PSYoungGen      total 232960K, used 63068K [0x00000000eab00000, 0x0000000100000000, 0x0000000100000000)
  eden space 116736K, 0% used [0x00000000eab00000,0x00000000eab00000,0x00000000f1d00000)
  from space 116224K, 54% used [0x00000000f8e80000,0x00000000fcc17318,0x0000000100000000)
  to   space 116224K, 0% used [0x00000000f1d00000,0x00000000f1d00000,0x00000000f8e80000)
 ParOldGen       total 615424K, used 596251K [0x00000000c0000000, 0x00000000e5900000, 0x00000000eab00000)
  object space 615424K, 96% used [0x00000000c0000000,0x00000000e4646c40,0x00000000e5900000)
 Metaspace       used 12934K, capacity 13161K, committed 13440K, reserved 1060864K
  class space    used 1007K, capacity 1097K, committed 1152K, reserved 1048576K
Event: 20.046 GC heap after
Heap after GC invocations=46 (full 2):
 PSYoungGen      total 232960K, used 0K [0x00000000eab00000, 0x0000000100000000, 0x0000000100000000)
  eden space 116736K, 0% used [0x00000000eab00000,0x00000000eab00000,0x00000000f1d00000)
  from space 116224K, 0% used [0x00000000f8e80000,0x00000000f8e80000,0x0000000100000000)
  to   space 116224K, 0% used [0x00000000f1d00000,0x00000000f1d00000,0x00000000f8e80000)
 ParOldGen       total 699392K, used 574277K [0x00000000c0000000, 0x00000000eab00000, 0x00000000eab00000)
  object space 699392K, 82% used [0x00000000c0000000,0x00000000e30d1430,0x00000000eab00000)
 Metaspace       used 12934K, capacity 13161K, committed 13440K, reserved 1060864K
  class space    used 1007K, capacity 1097K, committed 1152K, reserved 1048576K
}
Event: 20.159 GC heap before
{Heap before GC invocations=47 (full 2):
 PSYoungGen      total 232960K, used 116736K [0x00000000eab00000, 0x0000000100000000, 0x0000000100000000)
  eden space 116736K, 100% used [0x00000000eab00000,0x00000000f1d00000,0x00000000f1d00000)
  from space 116224K, 0% used [0x00000000f8e80000,0x00000000f8e80000,0x0000000100000000)
  to   space 116224K, 0% used [0x00000000f1d00000,0x00000000f1d00000,0x00000000f8e80000)
 ParOldGen       total 699392K, used 574277K [0x00000000c0000000, 0x00000000eab00000, 0x00000000eab00000)
  object space 699392K, 82% used [0x00000000c0000000,0x00000000e30d1430,0x00000000eab00000)
 Metaspace       used 12935K, capacity 13161K, committed 13440K, reserved 1060864K
  class space    used 1007K, capacity 1097K, committed 1152K, reserved 1048576K
Event: 20.161 GC heap after
Heap after GC invocations=47 (full 2):
 PSYoungGen      total 232960K, used 6961K [0x00000000eab00000, 0x0000000100000000, 0x0000000100000000)
  eden space 116736K, 0% used [0x00000000eab00000,0x00000000eab00000,0x00000000f1d00000)
  from space 116224K, 5% used [0x00000000f1d00000,0x00000000f23cc468,0x00000000f8e80000)
  to   space 116224K, 0% used [0x00000000f8e80000,0x00000000f8e80000,0x0000000100000000)
 ParOldGen       total 699392K, used 574277K [0x00000000c0000000, 0x00000000eab00000, 0x00000000eab00000)
  object space 699392K, 82% used [0x00000000c0000000,0x00000000e30d1430,0x00000000eab00000)
 Metaspace       used 12935K, capacity 13161K, committed 13440K, reserved 1060864K
  class space    used 1007K, capacity 1097K, committed 1152K, reserved 1048576K
}
Event: 20.328 GC heap before
{Heap before GC invocations=48 (full 2):
 PSYoungGen      total 232960K, used 123697K [0x00000000eab00000, 0x0000000100000000, 0x0000000100000000)
  eden space 116736K, 100% used [0x00000000eab00000,0x00000000f1d00000,0x00000000f1d00000)
  from space 116224K, 5% used [0x00000000f1d00000,0x00000000f23cc468,0x00000000f8e80000)
  to   space 116224K, 0% used [0x00000000f8e80000,0x00000000f8e80000,0x0000000100000000)
 ParOldGen       total 699392K, used 574277K [0x00000000c0000000, 0x00000000eab00000, 0x00000000eab00000)
  object space 699392K, 82% used [0x00000000c0000000,0x00000000e30d1430,0x00000000eab00000)
 Metaspace       used 12936K, capacity 13161K, committed 13440K, reserved 1060864K
  class space    used 1007K, capacity 1097K, committed 1152K, reserved 1048576K
Event: 20.332 GC heap after
Heap after GC invocations=48 (full 2):
 PSYoungGen      total 232960K, used 17566K [0x00000000eab00000, 0x0000000100000000, 0x0000000100000000)
  eden space 116736K, 0% used [0x00000000eab00000,0x00000000eab00000,0x00000000f1d00000)
  from space 116224K, 15% used [0x00000000f8e80000,0x00000000f9fa7af0,0x0000000100000000)
  to   space 116224K, 0% used [0x00000000f1d00000,0x00000000f1d00000,0x00000000f8e80000)
 ParOldGen       total 699392K, used 574277K [0x00000000c0000000, 0x00000000eab00000, 0x00000000eab00000)
  object space 699392K, 82% used [0x00000000c0000000,0x00000000e30d1430,0x00000000eab00000)
 Metaspace       used 12936K, capacity 13161K, committed 13440K, reserved 1060864K
  class space    used 1007K, capacity 1097K, committed 1152K, reserved 1048576K
}

