# JRE version: Java(TM) SE Runtime Environment (8.0_251-b08) (build 1.8.0_251-b08)
# Java VM: Java HotSpot(TM) 64-Bit Server VM (25.251-b08 mixed mode windows-amd64 compressed oops)
Heap:
 PSYoungGen      total 1372160K, used 666443K [0x0000000715b00000, 0x0000000786f80000, 0x00000007c0000000)
  eden space 906752K, 39% used [0x0000000715b00000,0x000000072bc5a030,0x000000074d080000)
  from space 465408K, 65% used [0x0000000769b00000,0x000000077c478f30,0x0000000786180000)
  to   space 469504K, 0% used [0x000000074d080000,0x000000074d080000,0x0000000769b00000)
 ParOldGen       total 959488K, used 458472K [0x00000005c1000000, 0x00000005fb900000, 0x0000000715b00000)
  object space 959488K, 47% used [0x00000005c1000000,0x00000005dcfba140,0x00000005fb900000)
 Metaspace       used 13470K, capacity 13729K, committed 14080K, reserved 1062912K
  class space    used 1053K, capacity 1161K, committed 1280K, reserved 1048576K
GC Heap History (10 events):
Event: 7.459 GC heap before
{Heap before GC invocations=14 (full 2):
 PSYoungGen      total 937984K, used 785619K [0x0000000715b00000, 0x0000000772a80000, 0x00000007c0000000)
  eden space 498176K, 100% used [0x0000000715b00000,0x0000000734180000,0x0000000734180000)
  from space 439808K, 65% used [0x0000000734180000,0x0000000745a34c08,0x000000074ef00000)
  to   space 451072K, 0% used [0x0000000757200000,0x0000000757200000,0x0000000772a80000)
 ParOldGen       total 959488K, used 458472K [0x00000005c1000000, 0x00000005fb900000, 0x0000000715b00000)
  object space 959488K, 47% used [0x00000005c1000000,0x00000005dcfba140,0x00000005fb900000)
 Metaspace       used 13458K, capacity 13729K, committed 14080K, reserved 1062912K
  class space    used 1053K, capacity 1161K, committed 1280K, reserved 1048576K
Event: 7.512 GC heap after
Heap after GC invocations=14 (full 2):
 PSYoungGen      total 1064448K, used 288563K [0x0000000715b00000, 0x0000000773780000, 0x00000007c0000000)
  eden space 613376K, 0% used [0x0000000715b00000,0x0000000715b00000,0x000000073b200000)
  from space 451072K, 63% used [0x0000000757200000,0x0000000768bccd08,0x0000000772a80000)
  to   space 458752K, 0% used [0x000000073b200000,0x000000073b200000,0x0000000757200000)
 ParOldGen       total 959488K, used 458472K [0x00000005c1000000, 0x00000005fb900000, 0x0000000715b00000)
  object space 959488K, 47% used [0x00000005c1000000,0x00000005dcfba140,0x00000005fb900000)
 Metaspace       used 13458K, capacity 13729K, committed 14080K, reserved 1062912K
  class space    used 1053K, capacity 1161K, committed 1280K, reserved 1048576K
}
Event: 7.999 GC heap before
{Heap before GC invocations=15 (full 2):
 PSYoungGen      total 1064448K, used 901939K [0x0000000715b00000, 0x0000000773780000, 0x00000007c0000000)
  eden space 613376K, 100% used [0x0000000715b00000,0x000000073b200000,0x000000073b200000)
  from space 451072K, 63% used [0x0000000757200000,0x0000000768bccd08,0x0000000772a80000)
  to   space 458752K, 0% used [0x000000073b200000,0x000000073b200000,0x0000000757200000)
 ParOldGen       total 959488K, used 458472K [0x00000005c1000000, 0x00000005fb900000, 0x0000000715b00000)
  object space 959488K, 47% used [0x00000005c1000000,0x00000005dcfba140,0x00000005fb900000)
 Metaspace       used 13458K, capacity 13729K, committed 14080K, reserved 1062912K
  class space    used 1053K, capacity 1161K, committed 1280K, reserved 1048576K
Event: 8.044 GC heap after
Heap after GC invocations=15 (full 2):
 PSYoungGen      total 1072128K, used 287571K [0x0000000715b00000, 0x000000077c500000, 0x00000007c0000000)
  eden space 613376K, 0% used [0x0000000715b00000,0x0000000715b00000,0x000000073b200000)
  from space 458752K, 62% used [0x000000073b200000,0x000000074cad4c08,0x0000000757200000)
  to   space 463360K, 0% used [0x0000000760080000,0x0000000760080000,0x000000077c500000)
 ParOldGen       total 959488K, used 458472K [0x00000005c1000000, 0x00000005fb900000, 0x0000000715b00000)
  object space 959488K, 47% used [0x00000005c1000000,0x00000005dcfba140,0x00000005fb900000)
 Metaspace       used 13458K, capacity 13729K, committed 14080K, reserved 1062912K
  class space    used 1053K, capacity 1161K, committed 1280K, reserved 1048576K
}
Event: 8.523 GC heap before
{Heap before GC invocations=16 (full 2):
 PSYoungGen      total 1072128K, used 900947K [0x0000000715b00000, 0x000000077c500000, 0x00000007c0000000)
  eden space 613376K, 100% used [0x0000000715b00000,0x000000073b200000,0x000000073b200000)
  from space 458752K, 62% used [0x000000073b200000,0x000000074cad4c08,0x0000000757200000)
  to   space 463360K, 0% used [0x0000000760080000,0x0000000760080000,0x000000077c500000)
 ParOldGen       total 959488K, used 458472K [0x00000005c1000000, 0x00000005fb900000, 0x0000000715b00000)
  object space 959488K, 47% used [0x00000005c1000000,0x00000005dcfba140,0x00000005fb900000)
 Metaspace       used 13458K, capacity 13729K, committed 14080K, reserved 1062912K
  class space    used 1053K, capacity 1161K, committed 1280K, reserved 1048576K
Event: 8.577 GC heap after
Heap after GC invocations=16 (full 2):
 PSYoungGen      total 1215488K, used 289551K [0x0000000715b00000, 0x000000077c780000, 0x00000007c0000000)
  eden space 752128K, 0% used [0x0000000715b00000,0x0000000715b00000,0x0000000743980000)
  from space 463360K, 62% used [0x0000000760080000,0x0000000771b43fd0,0x000000077c500000)
  to   space 465920K, 0% used [0x0000000743980000,0x0000000743980000,0x0000000760080000)
 ParOldGen       total 959488K, used 458472K [0x00000005c1000000, 0x00000005fb900000, 0x0000000715b00000)
  object space 959488K, 47% used [0x00000005c1000000,0x00000005dcfba140,0x00000005fb900000)
 Metaspace       used 13458K, capacity 13729K, committed 14080K, reserved 1062912K
  class space    used 1053K, capacity 1161K, committed 1280K, reserved 1048576K
}
Event: 9.156 GC heap before
{Heap before GC invocations=17 (full 2):
 PSYoungGen      total 1215488K, used 1041679K [0x0000000715b00000, 0x000000077c780000, 0x00000007c0000000)
  eden space 752128K, 100% used [0x0000000715b00000,0x0000000743980000,0x0000000743980000)
  from space 463360K, 62% used [0x0000000760080000,0x0000000771b43fd0,0x000000077c500000)
  to   space 465920K, 0% used [0x0000000743980000,0x0000000743980000,0x0000000760080000)
 ParOldGen       total 959488K, used 458472K [0x00000005c1000000, 0x00000005fb900000, 0x0000000715b00000)
  object space 959488K, 47% used [0x00000005c1000000,0x00000005dcfba140,0x00000005fb900000)
 Metaspace       used 13470K, capacity 13729K, committed 14080K, reserved 1062912K
  class space    used 1053K, capacity 1161K, committed 1280K, reserved 1048576K
Event: 9.197 GC heap after
Heap after GC invocations=17 (full 2):
 PSYoungGen      total 1218048K, used 287787K [0x0000000715b00000, 0x0000000786180000, 0x00000007c0000000)
  eden space 752128K, 0% used [0x0000000715b00000,0x0000000715b00000,0x0000000743980000)
  from space 465920K, 61% used [0x0000000743980000,0x000000075528adb0,0x0000000760080000)
  to   space 465408K, 0% used [0x0000000769b00000,0x0000000769b00000,0x0000000786180000)
 ParOldGen       total 959488K, used 458472K [0x00000005c1000000, 0x00000005fb900000, 0x0000000715b00000)
  object space 959488K, 47% used [0x00000005c1000000,0x00000005dcfba140,0x00000005fb900000)
 Metaspace       used 13470K, capacity 13729K, committed 14080K, reserved 1062912K
  class space    used 1053K, capacity 1161K, committed 1280K, reserved 1048576K
}
Event: 9.626 GC heap before
{Heap before GC invocations=18 (full 2):
 PSYoungGen      total 1218048K, used 1039915K [0x0000000715b00000, 0x0000000786180000, 0x00000007c0000000)
  eden space 752128K, 100% used [0x0000000715b00000,0x0000000743980000,0x0000000743980000)
  from space 465920K, 61% used [0x0000000743980000,0x000000075528adb0,0x0000000760080000)
  to   space 465408K, 0% used [0x0000000769b00000,0x0000000769b00000,0x0000000786180000)
 ParOldGen       total 959488K, used 458472K [0x00000005c1000000, 0x00000005fb900000, 0x0000000715b00000)
  object space 959488K, 47% used [0x00000005c1000000,0x00000005dcfba140,0x00000005fb900000)
 Metaspace       used 13470K, capacity 13729K, committed 14080K, reserved 1062912K
  class space    used 1053K, capacity 1161K, committed 1280K, reserved 1048576K
Event: 9.688 GC heap after
Heap after GC invocations=18 (full 2):
 PSYoungGen      total 1372160K, used 304611K [0x0000000715b00000, 0x0000000786f80000, 0x00000007c0000000)
  eden space 906752K, 0% used [0x0000000715b00000,0x0000000715b00000,0x000000074d080000)
  from space 465408K, 65% used [0x0000000769b00000,0x000000077c478f30,0x0000000786180000)
  to   space 469504K, 0% used [0x000000074d080000,0x000000074d080000,0x0000000769b00000)
 ParOldGen       total 959488K, used 458472K [0x00000005c1000000, 0x00000005fb900000, 0x0000000715b00000)
  object space 959488K, 47% used [0x00000005c1000000,0x00000005dcfba140,0x00000005fb900000)
 Metaspace       used 13470K, capacity 13729K, committed 14080K, reserved 1062912K
  class space    used 1053K, capacity 1161K, committed 1280K, reserved 1048576K
}

