# JRE version: Java(TM) SE Runtime Environment (8.0_231-b11) (build 1.8.0_231-b11)
# Java VM: Java HotSpot(TM) 64-Bit Server VM (25.231-b11 mixed mode windows-amd64 compressed oops)
Heap:
 PSYoungGen      total 42496K, used 4279K [0x0000000715b00000, 0x0000000718680000, 0x00000007c0000000)
  eden space 40448K, 8% used [0x0000000715b00000,0x0000000715e58cb0,0x0000000718280000)
  from space 2048K, 41% used [0x0000000718280000,0x0000000718355288,0x0000000718480000)
  to   space 2048K, 0% used [0x0000000718480000,0x0000000718480000,0x0000000718680000)
 ParOldGen       total 349696K, used 197052K [0x00000005c1000000, 0x00000005d6580000, 0x0000000715b00000)
  object space 349696K, 56% used [0x00000005c1000000,0x00000005cd06f018,0x00000005d6580000)
 Metaspace       used 13312K, capacity 13481K, committed 13696K, reserved 1062912K
  class space    used 1032K, capacity 1097K, committed 1152K, reserved 1048576K
GC Heap History (10 events):
Event: 41.618 GC heap before
{Heap before GC invocations=210 (full 0):
 PSYoungGen      total 42496K, used 41659K [0x0000000715b00000, 0x0000000718680000, 0x00000007c0000000)
  eden space 40448K, 100% used [0x0000000715b00000,0x0000000718280000,0x0000000718280000)
  from space 2048K, 59% used [0x0000000718280000,0x00000007183aee20,0x0000000718480000)
  to   space 2048K, 0% used [0x0000000718480000,0x0000000718480000,0x0000000718680000)
 ParOldGen       total 349696K, used 191612K [0x00000005c1000000, 0x00000005d6580000, 0x0000000715b00000)
  object space 349696K, 54% used [0x00000005c1000000,0x00000005ccb1f018,0x00000005d6580000)
 Metaspace       used 13312K, capacity 13481K, committed 13696K, reserved 1062912K
  class space    used 1032K, capacity 1097K, committed 1152K, reserved 1048576K
Event: 41.618 GC heap after
Heap after GC invocations=210 (full 0):
 PSYoungGen      total 42496K, used 996K [0x0000000715b00000, 0x0000000718680000, 0x00000007c0000000)
  eden space 40448K, 0% used [0x0000000715b00000,0x0000000715b00000,0x0000000718280000)
  from space 2048K, 48% used [0x0000000718480000,0x0000000718579278,0x0000000718680000)
  to   space 2048K, 0% used [0x0000000718280000,0x0000000718280000,0x0000000718480000)
 ParOldGen       total 349696K, used 192348K [0x00000005c1000000, 0x00000005d6580000, 0x0000000715b00000)
  object space 349696K, 55% used [0x00000005c1000000,0x00000005ccbd7018,0x00000005d6580000)
 Metaspace       used 13312K, capacity 13481K, committed 13696K, reserved 1062912K
  class space    used 1032K, capacity 1097K, committed 1152K, reserved 1048576K
}
Event: 41.773 GC heap before
{Heap before GC invocations=211 (full 0):
 PSYoungGen      total 42496K, used 41444K [0x0000000715b00000, 0x0000000718680000, 0x00000007c0000000)
  eden space 40448K, 100% used [0x0000000715b00000,0x0000000718280000,0x0000000718280000)
  from space 2048K, 48% used [0x0000000718480000,0x0000000718579278,0x0000000718680000)
  to   space 2048K, 0% used [0x0000000718280000,0x0000000718280000,0x0000000718480000)
 ParOldGen       total 349696K, used 192348K [0x00000005c1000000, 0x00000005d6580000, 0x0000000715b00000)
  object space 349696K, 55% used [0x00000005c1000000,0x00000005ccbd7018,0x00000005d6580000)
 Metaspace       used 13312K, capacity 13481K, committed 13696K, reserved 1062912K
  class space    used 1032K, capacity 1097K, committed 1152K, reserved 1048576K
Event: 41.773 GC heap after
Heap after GC invocations=211 (full 0):
 PSYoungGen      total 42496K, used 964K [0x0000000715b00000, 0x0000000718680000, 0x00000007c0000000)
  eden space 40448K, 0% used [0x0000000715b00000,0x0000000715b00000,0x0000000718280000)
  from space 2048K, 47% used [0x0000000718280000,0x0000000718371278,0x0000000718480000)
  to   space 2048K, 0% used [0x0000000718480000,0x0000000718480000,0x0000000718680000)
 ParOldGen       total 349696K, used 193084K [0x00000005c1000000, 0x00000005d6580000, 0x0000000715b00000)
  object space 349696K, 55% used [0x00000005c1000000,0x00000005ccc8f018,0x00000005d6580000)
 Metaspace       used 13312K, capacity 13481K, committed 13696K, reserved 1062912K
  class space    used 1032K, capacity 1097K, committed 1152K, reserved 1048576K
}
Event: 41.893 GC heap before
{Heap before GC invocations=212 (full 0):
 PSYoungGen      total 42496K, used 41412K [0x0000000715b00000, 0x0000000718680000, 0x00000007c0000000)
  eden space 40448K, 100% used [0x0000000715b00000,0x0000000718280000,0x0000000718280000)
  from space 2048K, 47% used [0x0000000718280000,0x0000000718371278,0x0000000718480000)
  to   space 2048K, 0% used [0x0000000718480000,0x0000000718480000,0x0000000718680000)
 ParOldGen       total 349696K, used 193084K [0x00000005c1000000, 0x00000005d6580000, 0x0000000715b00000)
  object space 349696K, 55% used [0x00000005c1000000,0x00000005ccc8f018,0x00000005d6580000)
 Metaspace       used 13312K, capacity 13481K, committed 13696K, reserved 1062912K
  class space    used 1032K, capacity 1097K, committed 1152K, reserved 1048576K
Event: 41.894 GC heap after
Heap after GC invocations=212 (full 0):
 PSYoungGen      total 42496K, used 1630K [0x0000000715b00000, 0x0000000718680000, 0x00000007c0000000)
  eden space 40448K, 0% used [0x0000000715b00000,0x0000000715b00000,0x0000000718280000)
  from space 2048K, 79% used [0x0000000718480000,0x00000007186178e8,0x0000000718680000)
  to   space 2048K, 0% used [0x0000000718280000,0x0000000718280000,0x0000000718480000)
 ParOldGen       total 349696K, used 193828K [0x00000005c1000000, 0x00000005d6580000, 0x0000000715b00000)
  object space 349696K, 55% used [0x00000005c1000000,0x00000005ccd49018,0x00000005d6580000)
 Metaspace       used 13312K, capacity 13481K, committed 13696K, reserved 1062912K
  class space    used 1032K, capacity 1097K, committed 1152K, reserved 1048576K
}
Event: 42.026 GC heap before
{Heap before GC invocations=213 (full 0):
 PSYoungGen      total 42496K, used 42078K [0x0000000715b00000, 0x0000000718680000, 0x00000007c0000000)
  eden space 40448K, 100% used [0x0000000715b00000,0x0000000718280000,0x0000000718280000)
  from space 2048K, 79% used [0x0000000718480000,0x00000007186178e8,0x0000000718680000)
  to   space 2048K, 0% used [0x0000000718280000,0x0000000718280000,0x0000000718480000)
 ParOldGen       total 349696K, used 193828K [0x00000005c1000000, 0x00000005d6580000, 0x0000000715b00000)
  object space 349696K, 55% used [0x00000005c1000000,0x00000005ccd49018,0x00000005d6580000)
 Metaspace       used 13312K, capacity 13481K, committed 13696K, reserved 1062912K
  class space    used 1032K, capacity 1097K, committed 1152K, reserved 1048576K
Event: 42.027 GC heap after
Heap after GC invocations=213 (full 0):
 PSYoungGen      total 42496K, used 1851K [0x0000000715b00000, 0x0000000718680000, 0x00000007c0000000)
  eden space 40448K, 0% used [0x0000000715b00000,0x0000000715b00000,0x0000000718280000)
  from space 2048K, 90% used [0x0000000718280000,0x000000071844ee20,0x0000000718480000)
  to   space 2048K, 0% used [0x0000000718480000,0x0000000718480000,0x0000000718680000)
 ParOldGen       total 349696K, used 195076K [0x00000005c1000000, 0x00000005d6580000, 0x0000000715b00000)
  object space 349696K, 55% used [0x00000005c1000000,0x00000005cce81018,0x00000005d6580000)
 Metaspace       used 13312K, capacity 13481K, committed 13696K, reserved 1062912K
  class space    used 1032K, capacity 1097K, committed 1152K, reserved 1048576K
}
Event: 42.110 GC heap before
{Heap before GC invocations=214 (full 0):
 PSYoungGen      total 42496K, used 42299K [0x0000000715b00000, 0x0000000718680000, 0x00000007c0000000)
  eden space 40448K, 100% used [0x0000000715b00000,0x0000000718280000,0x0000000718280000)
  from space 2048K, 90% used [0x0000000718280000,0x000000071844ee20,0x0000000718480000)
  to   space 2048K, 0% used [0x0000000718480000,0x0000000718480000,0x0000000718680000)
 ParOldGen       total 349696K, used 195076K [0x00000005c1000000, 0x00000005d6580000, 0x0000000715b00000)
  object space 349696K, 55% used [0x00000005c1000000,0x00000005cce81018,0x00000005d6580000)
 Metaspace       used 13312K, capacity 13481K, committed 13696K, reserved 1062912K
  class space    used 1032K, capacity 1097K, committed 1152K, reserved 1048576K
Event: 42.111 GC heap after
Heap after GC invocations=214 (full 0):
 PSYoungGen      total 42496K, used 804K [0x0000000715b00000, 0x0000000718680000, 0x00000007c0000000)
  eden space 40448K, 0% used [0x0000000715b00000,0x0000000715b00000,0x0000000718280000)
  from space 2048K, 39% used [0x0000000718480000,0x0000000718549278,0x0000000718680000)
  to   space 2048K, 0% used [0x0000000718280000,0x0000000718280000,0x0000000718480000)
 ParOldGen       total 349696K, used 196492K [0x00000005c1000000, 0x00000005d6580000, 0x0000000715b00000)
  object space 349696K, 56% used [0x00000005c1000000,0x00000005ccfe3018,0x00000005d6580000)
 Metaspace       used 13312K, capacity 13481K, committed 13696K, reserved 1062912K
  class space    used 1032K, capacity 1097K, committed 1152K, reserved 1048576K
}

