# JRE version: Java(TM) SE Runtime Environment (8.0_231-b11) (build 1.8.0_231-b11)
# Java VM: Java HotSpot(TM) 64-Bit Server VM (25.231-b11 mixed mode windows-amd64 compressed oops)
Heap:
 PSYoungGen      total 111616K, used 26781K [0x0000000715b00000, 0x000000071d380000, 0x00000007c0000000)
  eden space 105984K, 24% used [0x0000000715b00000,0x00000007173d74f8,0x000000071c280000)
  from space 5632K, 23% used [0x000000071ce00000,0x000000071cf50000,0x000000071d380000)
  to   space 8704K, 0% used [0x000000071c280000,0x000000071c280000,0x000000071cb00000)
 ParOldGen       total 349696K, used 10035K [0x00000005c1000000, 0x00000005d6580000, 0x0000000715b00000)
  object space 349696K, 2% used [0x00000005c1000000,0x00000005c19ccc70,0x00000005d6580000)
 Metaspace       used 12875K, capacity 13065K, committed 13184K, reserved 1060864K
  class space    used 999K, capacity 1065K, committed 1152K, reserved 1048576K
GC Heap History (10 events):
Event: 5.999 GC heap before
{Heap before GC invocations=10 (full 0):
 PSYoungGen      total 121344K, used 120925K [0x0000000715b00000, 0x000000071e600000, 0x00000007c0000000)
  eden space 117760K, 100% used [0x0000000715b00000,0x000000071ce00000,0x000000071ce00000)
  from space 3584K, 88% used [0x000000071da00000,0x000000071dd17458,0x000000071dd80000)
  to   space 8192K, 0% used [0x000000071de00000,0x000000071de00000,0x000000071e600000)
 ParOldGen       total 349696K, used 4810K [0x00000005c1000000, 0x00000005d6580000, 0x0000000715b00000)
  object space 349696K, 1% used [0x00000005c1000000,0x00000005c14b29b0,0x00000005d6580000)
 Metaspace       used 12874K, capacity 13065K, committed 13184K, reserved 1060864K
  class space    used 999K, capacity 1065K, committed 1152K, reserved 1048576K
Event: 6.002 GC heap after
Heap after GC invocations=10 (full 0):
 PSYoungGen      total 117248K, used 1632K [0x0000000715b00000, 0x000000071e000000, 0x00000007c0000000)
  eden space 115200K, 0% used [0x0000000715b00000,0x0000000715b00000,0x000000071cb80000)
  from space 2048K, 79% used [0x000000071de00000,0x000000071df98000,0x000000071e000000)
  to   space 8192K, 0% used [0x000000071d000000,0x000000071d000000,0x000000071d800000)
 ParOldGen       total 349696K, used 6647K [0x00000005c1000000, 0x00000005d6580000, 0x0000000715b00000)
  object space 349696K, 1% used [0x00000005c1000000,0x00000005c167de08,0x00000005d6580000)
 Metaspace       used 12874K, capacity 13065K, committed 13184K, reserved 1060864K
  class space    used 999K, capacity 1065K, committed 1152K, reserved 1048576K
}
Event: 6.441 GC heap before
{Heap before GC invocations=11 (full 0):
 PSYoungGen      total 117248K, used 116832K [0x0000000715b00000, 0x000000071e000000, 0x00000007c0000000)
  eden space 115200K, 100% used [0x0000000715b00000,0x000000071cb80000,0x000000071cb80000)
  from space 2048K, 79% used [0x000000071de00000,0x000000071df98000,0x000000071e000000)
  to   space 8192K, 0% used [0x000000071d000000,0x000000071d000000,0x000000071d800000)
 ParOldGen       total 349696K, used 6647K [0x00000005c1000000, 0x00000005d6580000, 0x0000000715b00000)
  object space 349696K, 1% used [0x00000005c1000000,0x00000005c167de08,0x00000005d6580000)
 Metaspace       used 12874K, capacity 13065K, committed 13184K, reserved 1060864K
  class space    used 999K, capacity 1065K, committed 1152K, reserved 1048576K
Event: 6.445 GC heap after
Heap after GC invocations=11 (full 0):
 PSYoungGen      total 115200K, used 2241K [0x0000000715b00000, 0x000000071de80000, 0x00000007c0000000)
  eden space 112640K, 0% used [0x0000000715b00000,0x0000000715b00000,0x000000071c900000)
  from space 2560K, 87% used [0x000000071d000000,0x000000071d2306d0,0x000000071d280000)
  to   space 8704K, 0% used [0x000000071d600000,0x000000071d600000,0x000000071de80000)
 ParOldGen       total 349696K, used 7303K [0x00000005c1000000, 0x00000005d6580000, 0x0000000715b00000)
  object space 349696K, 2% used [0x00000005c1000000,0x00000005c1721e08,0x00000005d6580000)
 Metaspace       used 12874K, capacity 13065K, committed 13184K, reserved 1060864K
  class space    used 999K, capacity 1065K, committed 1152K, reserved 1048576K
}
Event: 6.798 GC heap before
{Heap before GC invocations=12 (full 0):
 PSYoungGen      total 115200K, used 114881K [0x0000000715b00000, 0x000000071de80000, 0x00000007c0000000)
  eden space 112640K, 100% used [0x0000000715b00000,0x000000071c900000,0x000000071c900000)
  from space 2560K, 87% used [0x000000071d000000,0x000000071d2306d0,0x000000071d280000)
  to   space 8704K, 0% used [0x000000071d600000,0x000000071d600000,0x000000071de80000)
 ParOldGen       total 349696K, used 7303K [0x00000005c1000000, 0x00000005d6580000, 0x0000000715b00000)
  object space 349696K, 2% used [0x00000005c1000000,0x00000005c1721e08,0x00000005d6580000)
 Metaspace       used 12874K, capacity 13065K, committed 13184K, reserved 1060864K
  class space    used 999K, capacity 1065K, committed 1152K, reserved 1048576K
Event: 6.800 GC heap after
Heap after GC invocations=12 (full 0):
 PSYoungGen      total 112640K, used 2217K [0x0000000715b00000, 0x000000071d880000, 0x00000007c0000000)
  eden space 110080K, 0% used [0x0000000715b00000,0x0000000715b00000,0x000000071c680000)
  from space 2560K, 86% used [0x000000071d600000,0x000000071d82a798,0x000000071d880000)
  to   space 8704K, 0% used [0x000000071c780000,0x000000071c780000,0x000000071d000000)
 ParOldGen       total 349696K, used 8457K [0x00000005c1000000, 0x00000005d6580000, 0x0000000715b00000)
  object space 349696K, 2% used [0x00000005c1000000,0x00000005c18424d8,0x00000005d6580000)
 Metaspace       used 12874K, capacity 13065K, committed 13184K, reserved 1060864K
  class space    used 999K, capacity 1065K, committed 1152K, reserved 1048576K
}
Event: 7.219 GC heap before
{Heap before GC invocations=13 (full 0):
 PSYoungGen      total 112640K, used 112297K [0x0000000715b00000, 0x000000071d880000, 0x00000007c0000000)
  eden space 110080K, 100% used [0x0000000715b00000,0x000000071c680000,0x000000071c680000)
  from space 2560K, 86% used [0x000000071d600000,0x000000071d82a798,0x000000071d880000)
  to   space 8704K, 0% used [0x000000071c780000,0x000000071c780000,0x000000071d000000)
 ParOldGen       total 349696K, used 8457K [0x00000005c1000000, 0x00000005d6580000, 0x0000000715b00000)
  object space 349696K, 2% used [0x00000005c1000000,0x00000005c18424d8,0x00000005d6580000)
 Metaspace       used 12874K, capacity 13065K, committed 13184K, reserved 1060864K
  class space    used 999K, capacity 1065K, committed 1152K, reserved 1048576K
Event: 7.221 GC heap after
Heap after GC invocations=13 (full 0):
 PSYoungGen      total 109568K, used 1312K [0x0000000715b00000, 0x000000071d680000, 0x00000007c0000000)
  eden space 108032K, 0% used [0x0000000715b00000,0x0000000715b00000,0x000000071c480000)
  from space 1536K, 85% used [0x000000071c780000,0x000000071c8c8000,0x000000071c900000)
  to   space 8704K, 0% used [0x000000071ce00000,0x000000071ce00000,0x000000071d680000)
 ParOldGen       total 349696K, used 9707K [0x00000005c1000000, 0x00000005d6580000, 0x0000000715b00000)
  object space 349696K, 2% used [0x00000005c1000000,0x00000005c197ac70,0x00000005d6580000)
 Metaspace       used 12874K, capacity 13065K, committed 13184K, reserved 1060864K
  class space    used 999K, capacity 1065K, committed 1152K, reserved 1048576K
}
Event: 7.581 GC heap before
{Heap before GC invocations=14 (full 0):
 PSYoungGen      total 109568K, used 109344K [0x0000000715b00000, 0x000000071d680000, 0x00000007c0000000)
  eden space 108032K, 100% used [0x0000000715b00000,0x000000071c480000,0x000000071c480000)
  from space 1536K, 85% used [0x000000071c780000,0x000000071c8c8000,0x000000071c900000)
  to   space 8704K, 0% used [0x000000071ce00000,0x000000071ce00000,0x000000071d680000)
 ParOldGen       total 349696K, used 9707K [0x00000005c1000000, 0x00000005d6580000, 0x0000000715b00000)
  object space 349696K, 2% used [0x00000005c1000000,0x00000005c197ac70,0x00000005d6580000)
 Metaspace       used 12874K, capacity 13065K, committed 13184K, reserved 1060864K
  class space    used 999K, capacity 1065K, committed 1152K, reserved 1048576K
Event: 7.584 GC heap after
Heap after GC invocations=14 (full 0):
 PSYoungGen      total 111616K, used 1344K [0x0000000715b00000, 0x000000071d380000, 0x00000007c0000000)
  eden space 105984K, 0% used [0x0000000715b00000,0x0000000715b00000,0x000000071c280000)
  from space 5632K, 23% used [0x000000071ce00000,0x000000071cf50000,0x000000071d380000)
  to   space 8704K, 0% used [0x000000071c280000,0x000000071c280000,0x000000071cb00000)
 ParOldGen       total 349696K, used 10035K [0x00000005c1000000, 0x00000005d6580000, 0x0000000715b00000)
  object space 349696K, 2% used [0x00000005c1000000,0x00000005c19ccc70,0x00000005d6580000)
 Metaspace       used 12874K, capacity 13065K, committed 13184K, reserved 1060864K
  class space    used 999K, capacity 1065K, committed 1152K, reserved 1048576K
}

