# JRE version: Java(TM) SE Runtime Environment (8.0_231-b11) (build 1.8.0_231-b11)
# Java VM: Java HotSpot(TM) 64-Bit Server VM (25.231-b11 mixed mode windows-amd64 compressed oops)
Heap:
 PSYoungGen      total 2107904K, used 154024K [0x0000000715b00000, 0x00000007bf300000, 0x00000007c0000000)
  eden space 1453056K, 3% used [0x0000000715b00000,0x000000071906fc48,0x000000076e600000)
  from space 654848K, 15% used [0x0000000797380000,0x000000079d47a420,0x00000007bf300000)
  to   space 662016K, 0% used [0x000000076e600000,0x000000076e600000,0x0000000796c80000)
 ParOldGen       total 4002816K, used 2647731K [0x00000005c1000000, 0x00000006b5500000, 0x0000000715b00000)
  object space 4002816K, 66% used [0x00000005c1000000,0x00000006629acc10,0x00000006b5500000)
 Metaspace       used 18785K, capacity 19107K, committed 19328K, reserved 1067008K
  class space    used 1730K, capacity 1861K, committed 1920K, reserved 1048576K
GC Heap History (10 events):
Event: 153.583 GC heap before
{Heap before GC invocations=83 (full 6):
 PSYoungGen      total 2050048K, used 1646470K [0x0000000715b00000, 0x00000007c0000000, 0x00000007c0000000)
  eden space 1368064K, 100% used [0x0000000715b00000,0x0000000769300000,0x0000000769300000)
  from space 681984K, 40% used [0x0000000791a00000,0x00000007a29e1940,0x00000007bb400000)
  to   space 662528K, 0% used [0x0000000769300000,0x0000000769300000,0x0000000791a00000)
 ParOldGen       total 2733568K, used 2111839K [0x00000005c1000000, 0x0000000667d80000, 0x0000000715b00000)
  object space 2733568K, 77% used [0x00000005c1000000,0x0000000641e57ff8,0x0000000667d80000)
 Metaspace       used 18785K, capacity 19107K, committed 19328K, reserved 1067008K
  class space    used 1730K, capacity 1861K, committed 1920K, reserved 1048576K
Event: 153.632 GC heap after
Heap after GC invocations=83 (full 6):
 PSYoungGen      total 2030592K, used 178859K [0x0000000715b00000, 0x00000007be800000, 0x00000007c0000000)
  eden space 1368064K, 0% used [0x0000000715b00000,0x0000000715b00000,0x0000000769300000)
  from space 662528K, 26% used [0x0000000769300000,0x00000007741aac00,0x0000000791a00000)
  to   space 659968K, 0% used [0x0000000796380000,0x0000000796380000,0x00000007be800000)
 ParOldGen       total 2733568K, used 2298485K [0x00000005c1000000, 0x0000000667d80000, 0x0000000715b00000)
  object space 2733568K, 84% used [0x00000005c1000000,0x000000064d49d5b8,0x0000000667d80000)
 Metaspace       used 18785K, capacity 19107K, committed 19328K, reserved 1067008K
  class space    used 1730K, capacity 1861K, committed 1920K, reserved 1048576K
}
Event: 155.679 GC heap before
{Heap before GC invocations=84 (full 6):
 PSYoungGen      total 2030592K, used 1546832K [0x0000000715b00000, 0x00000007be800000, 0x00000007c0000000)
  eden space 1368064K, 99% used [0x0000000715b00000,0x00000007692e9528,0x0000000769300000)
  from space 662528K, 26% used [0x0000000769300000,0x00000007741aac00,0x0000000791a00000)
  to   space 659968K, 0% used [0x0000000796380000,0x0000000796380000,0x00000007be800000)
 ParOldGen       total 2733568K, used 2298485K [0x00000005c1000000, 0x0000000667d80000, 0x0000000715b00000)
  object space 2733568K, 84% used [0x00000005c1000000,0x000000064d49d5b8,0x0000000667d80000)
 Metaspace       used 18785K, capacity 19107K, committed 19328K, reserved 1067008K
  class space    used 1730K, capacity 1861K, committed 1920K, reserved 1048576K
Event: 155.726 GC heap after
Heap after GC invocations=84 (full 6):
 PSYoungGen      total 2096640K, used 86381K [0x0000000715b00000, 0x00000007c0000000, 0x00000007c0000000)
  eden space 1436672K, 0% used [0x0000000715b00000,0x0000000715b00000,0x000000076d600000)
  from space 659968K, 13% used [0x0000000796380000,0x000000079b7db4e8,0x00000007be800000)
  to   space 669184K, 0% used [0x000000076d600000,0x000000076d600000,0x0000000796380000)
 ParOldGen       total 2733568K, used 2476449K [0x00000005c1000000, 0x0000000667d80000, 0x0000000715b00000)
  object space 2733568K, 90% used [0x00000005c1000000,0x0000000658268628,0x0000000667d80000)
 Metaspace       used 18785K, capacity 19107K, committed 19328K, reserved 1067008K
  class space    used 1730K, capacity 1861K, committed 1920K, reserved 1048576K
}
Event: 155.726 GC heap before
{Heap before GC invocations=85 (full 7):
 PSYoungGen      total 2096640K, used 86381K [0x0000000715b00000, 0x00000007c0000000, 0x00000007c0000000)
  eden space 1436672K, 0% used [0x0000000715b00000,0x0000000715b00000,0x000000076d600000)
  from space 659968K, 13% used [0x0000000796380000,0x000000079b7db4e8,0x00000007be800000)
  to   space 669184K, 0% used [0x000000076d600000,0x000000076d600000,0x0000000796380000)
 ParOldGen       total 2733568K, used 2476449K [0x00000005c1000000, 0x0000000667d80000, 0x0000000715b00000)
  object space 2733568K, 90% used [0x00000005c1000000,0x0000000658268628,0x0000000667d80000)
 Metaspace       used 18785K, capacity 19107K, committed 19328K, reserved 1067008K
  class space    used 1730K, capacity 1861K, committed 1920K, reserved 1048576K
Event: 156.192 GC heap after
Heap after GC invocations=85 (full 7):
 PSYoungGen      total 2096640K, used 0K [0x0000000715b00000, 0x00000007c0000000, 0x00000007c0000000)
  eden space 1436672K, 0% used [0x0000000715b00000,0x0000000715b00000,0x000000076d600000)
  from space 659968K, 0% used [0x0000000796380000,0x0000000796380000,0x00000007be800000)
  to   space 669184K, 0% used [0x000000076d600000,0x000000076d600000,0x0000000796380000)
 ParOldGen       total 4002816K, used 2553806K [0x00000005c1000000, 0x00000006b5500000, 0x0000000715b00000)
  object space 4002816K, 63% used [0x00000005c1000000,0x000000065cdf3840,0x00000006b5500000)
 Metaspace       used 18785K, capacity 19107K, committed 19328K, reserved 1067008K
  class space    used 1730K, capacity 1861K, committed 1920K, reserved 1048576K
}
Event: 158.466 GC heap before
{Heap before GC invocations=86 (full 7):
 PSYoungGen      total 2096640K, used 1436672K [0x0000000715b00000, 0x00000007c0000000, 0x00000007c0000000)
  eden space 1436672K, 100% used [0x0000000715b00000,0x000000076d600000,0x000000076d600000)
  from space 659968K, 0% used [0x0000000796380000,0x0000000796380000,0x00000007be800000)
  to   space 669184K, 0% used [0x000000076d600000,0x000000076d600000,0x0000000796380000)
 ParOldGen       total 4002816K, used 2553806K [0x00000005c1000000, 0x00000006b5500000, 0x0000000715b00000)
  object space 4002816K, 63% used [0x00000005c1000000,0x000000065cdf3840,0x00000006b5500000)
 Metaspace       used 18785K, capacity 19107K, committed 19328K, reserved 1067008K
  class space    used 1730K, capacity 1861K, committed 1920K, reserved 1048576K
Event: 158.478 GC heap after
Heap after GC invocations=86 (full 7):
 PSYoungGen      total 2105856K, used 99695K [0x0000000715b00000, 0x00000007c0000000, 0x00000007c0000000)
  eden space 1436672K, 0% used [0x0000000715b00000,0x0000000715b00000,0x000000076d600000)
  from space 669184K, 14% used [0x000000076d600000,0x000000077375bc00,0x0000000796380000)
  to   space 668160K, 0% used [0x0000000797380000,0x0000000797380000,0x00000007c0000000)
 ParOldGen       total 4002816K, used 2553806K [0x00000005c1000000, 0x00000006b5500000, 0x0000000715b00000)
  object space 4002816K, 63% used [0x00000005c1000000,0x000000065cdf3840,0x00000006b5500000)
 Metaspace       used 18785K, capacity 19107K, committed 19328K, reserved 1067008K
  class space    used 1730K, capacity 1861K, committed 1920K, reserved 1048576K
}
Event: 160.856 GC heap before
{Heap before GC invocations=87 (full 7):
 PSYoungGen      total 2105856K, used 1536367K [0x0000000715b00000, 0x00000007c0000000, 0x00000007c0000000)
  eden space 1436672K, 100% used [0x0000000715b00000,0x000000076d600000,0x000000076d600000)
  from space 669184K, 14% used [0x000000076d600000,0x000000077375bc00,0x0000000796380000)
  to   space 668160K, 0% used [0x0000000797380000,0x0000000797380000,0x00000007c0000000)
 ParOldGen       total 4002816K, used 2553806K [0x00000005c1000000, 0x00000006b5500000, 0x0000000715b00000)
  object space 4002816K, 63% used [0x00000005c1000000,0x000000065cdf3840,0x00000006b5500000)
 Metaspace       used 18785K, capacity 19107K, committed 19328K, reserved 1067008K
  class space    used 1730K, capacity 1861K, committed 1920K, reserved 1048576K
Event: 160.888 GC heap after
Heap after GC invocations=87 (full 7):
 PSYoungGen      total 2107904K, used 99305K [0x0000000715b00000, 0x00000007bf300000, 0x00000007c0000000)
  eden space 1453056K, 0% used [0x0000000715b00000,0x0000000715b00000,0x000000076e600000)
  from space 654848K, 15% used [0x0000000797380000,0x000000079d47a420,0x00000007bf300000)
  to   space 662016K, 0% used [0x000000076e600000,0x000000076e600000,0x0000000796c80000)
 ParOldGen       total 4002816K, used 2647731K [0x00000005c1000000, 0x00000006b5500000, 0x0000000715b00000)
  object space 4002816K, 66% used [0x00000005c1000000,0x00000006629acc10,0x00000006b5500000)
 Metaspace       used 18785K, capacity 19107K, committed 19328K, reserved 1067008K
  class space    used 1730K, capacity 1861K, committed 1920K, reserved 1048576K
}

