# JRE version: Java(TM) SE Runtime Environment (8.0_251-b08) (build 1.8.0_251-b08)
# Java VM: Java HotSpot(TM) 64-Bit Server VM (25.251-b08 mixed mode windows-amd64 compressed oops)
Heap:
 PSYoungGen      total 52224K, used 26697K [0x0000000715b00000, 0x0000000719400000, 0x00000007c0000000)
  eden space 47104K, 48% used [0x0000000715b00000,0x000000071715ca68,0x0000000718900000)
  from space 5120K, 74% used [0x0000000718980000,0x0000000718d35be8,0x0000000718e80000)
  to   space 5632K, 0% used [0x0000000718e80000,0x0000000718e80000,0x0000000719400000)
 ParOldGen       total 349696K, used 229871K [0x00000005c1000000, 0x00000005d6580000, 0x0000000715b00000)
  object space 349696K, 65% used [0x00000005c1000000,0x00000005cf07bf68,0x00000005d6580000)
 Metaspace       used 13235K, capacity 13417K, committed 13696K, reserved 1062912K
  class space    used 1028K, capacity 1097K, committed 1152K, reserved 1048576K
GC Heap History (10 events):
Event: 22.690 GC heap before
{Heap before GC invocations=73 (full 0):
 PSYoungGen      total 53760K, used 52548K [0x0000000715b00000, 0x0000000719480000, 0x00000007c0000000)
  eden space 49664K, 100% used [0x0000000715b00000,0x0000000718b80000,0x0000000718b80000)
  from space 4096K, 70% used [0x0000000719080000,0x0000000719351278,0x0000000719480000)
  to   space 4608K, 0% used [0x0000000718b80000,0x0000000718b80000,0x0000000719000000)
 ParOldGen       total 349696K, used 217951K [0x00000005c1000000, 0x00000005d6580000, 0x0000000715b00000)
  object space 349696K, 62% used [0x00000005c1000000,0x00000005ce4d7f68,0x00000005d6580000)
 Metaspace       used 13235K, capacity 13417K, committed 13696K, reserved 1062912K
  class space    used 1028K, capacity 1097K, committed 1152K, reserved 1048576K
Event: 22.692 GC heap after
Heap after GC invocations=73 (full 0):
 PSYoungGen      total 53760K, used 4164K [0x0000000715b00000, 0x0000000719500000, 0x00000007c0000000)
  eden space 49152K, 0% used [0x0000000715b00000,0x0000000715b00000,0x0000000718b00000)
  from space 4608K, 90% used [0x0000000718b80000,0x0000000718f91278,0x0000000719000000)
  to   space 5120K, 0% used [0x0000000719000000,0x0000000719000000,0x0000000719500000)
 ParOldGen       total 349696K, used 220567K [0x00000005c1000000, 0x00000005d6580000, 0x0000000715b00000)
  object space 349696K, 63% used [0x00000005c1000000,0x00000005ce765f68,0x00000005d6580000)
 Metaspace       used 13235K, capacity 13417K, committed 13696K, reserved 1062912K
  class space    used 1028K, capacity 1097K, committed 1152K, reserved 1048576K
}
Event: 22.815 GC heap before
{Heap before GC invocations=74 (full 0):
 PSYoungGen      total 53760K, used 53316K [0x0000000715b00000, 0x0000000719500000, 0x00000007c0000000)
  eden space 49152K, 100% used [0x0000000715b00000,0x0000000718b00000,0x0000000718b00000)
  from space 4608K, 90% used [0x0000000718b80000,0x0000000718f91278,0x0000000719000000)
  to   space 5120K, 0% used [0x0000000719000000,0x0000000719000000,0x0000000719500000)
 ParOldGen       total 349696K, used 220567K [0x00000005c1000000, 0x00000005d6580000, 0x0000000715b00000)
  object space 349696K, 63% used [0x00000005c1000000,0x00000005ce765f68,0x00000005d6580000)
 Metaspace       used 13235K, capacity 13417K, committed 13696K, reserved 1062912K
  class space    used 1028K, capacity 1097K, committed 1152K, reserved 1048576K
Event: 22.817 GC heap after
Heap after GC invocations=74 (full 0):
 PSYoungGen      total 53248K, used 1284K [0x0000000715b00000, 0x0000000719480000, 0x00000007c0000000)
  eden space 48640K, 0% used [0x0000000715b00000,0x0000000715b00000,0x0000000718a80000)
  from space 4608K, 27% used [0x0000000719000000,0x0000000719141278,0x0000000719480000)
  to   space 5120K, 0% used [0x0000000718a80000,0x0000000718a80000,0x0000000718f80000)
 ParOldGen       total 349696K, used 224575K [0x00000005c1000000, 0x00000005d6580000, 0x0000000715b00000)
  object space 349696K, 64% used [0x00000005c1000000,0x00000005ceb4ff68,0x00000005d6580000)
 Metaspace       used 13235K, capacity 13417K, committed 13696K, reserved 1062912K
  class space    used 1028K, capacity 1097K, committed 1152K, reserved 1048576K
}
Event: 23.028 GC heap before
{Heap before GC invocations=75 (full 0):
 PSYoungGen      total 53248K, used 49924K [0x0000000715b00000, 0x0000000719480000, 0x00000007c0000000)
  eden space 48640K, 100% used [0x0000000715b00000,0x0000000718a80000,0x0000000718a80000)
  from space 4608K, 27% used [0x0000000719000000,0x0000000719141278,0x0000000719480000)
  to   space 5120K, 0% used [0x0000000718a80000,0x0000000718a80000,0x0000000718f80000)
 ParOldGen       total 349696K, used 224575K [0x00000005c1000000, 0x00000005d6580000, 0x0000000715b00000)
  object space 349696K, 64% used [0x00000005c1000000,0x00000005ceb4ff68,0x00000005d6580000)
 Metaspace       used 13235K, capacity 13417K, committed 13696K, reserved 1062912K
  class space    used 1028K, capacity 1097K, committed 1152K, reserved 1048576K
Event: 23.029 GC heap after
Heap after GC invocations=75 (full 0):
 PSYoungGen      total 51712K, used 3548K [0x0000000715b00000, 0x0000000719400000, 0x00000007c0000000)
  eden space 48128K, 0% used [0x0000000715b00000,0x0000000715b00000,0x0000000718a00000)
  from space 3584K, 98% used [0x0000000718a80000,0x0000000718df7098,0x0000000718e00000)
  to   space 5120K, 0% used [0x0000000718f00000,0x0000000718f00000,0x0000000719400000)
 ParOldGen       total 349696K, used 225647K [0x00000005c1000000, 0x00000005d6580000, 0x0000000715b00000)
  object space 349696K, 64% used [0x00000005c1000000,0x00000005cec5bf68,0x00000005d6580000)
 Metaspace       used 13235K, capacity 13417K, committed 13696K, reserved 1062912K
  class space    used 1028K, capacity 1097K, committed 1152K, reserved 1048576K
}
Event: 23.146 GC heap before
{Heap before GC invocations=76 (full 0):
 PSYoungGen      total 51712K, used 51676K [0x0000000715b00000, 0x0000000719400000, 0x00000007c0000000)
  eden space 48128K, 100% used [0x0000000715b00000,0x0000000718a00000,0x0000000718a00000)
  from space 3584K, 98% used [0x0000000718a80000,0x0000000718df7098,0x0000000718e00000)
  to   space 5120K, 0% used [0x0000000718f00000,0x0000000718f00000,0x0000000719400000)
 ParOldGen       total 349696K, used 225647K [0x00000005c1000000, 0x00000005d6580000, 0x0000000715b00000)
  object space 349696K, 64% used [0x00000005c1000000,0x00000005cec5bf68,0x00000005d6580000)
 Metaspace       used 13235K, capacity 13417K, committed 13696K, reserved 1062912K
  class space    used 1028K, capacity 1097K, committed 1152K, reserved 1048576K
Event: 23.148 GC heap after
Heap after GC invocations=76 (full 0):
 PSYoungGen      total 52224K, used 1252K [0x0000000715b00000, 0x0000000719380000, 0x00000007c0000000)
  eden space 47616K, 0% used [0x0000000715b00000,0x0000000715b00000,0x0000000718980000)
  from space 4608K, 27% used [0x0000000718f00000,0x0000000719039278,0x0000000719380000)
  to   space 5120K, 0% used [0x0000000718980000,0x0000000718980000,0x0000000718e80000)
 ParOldGen       total 349696K, used 228791K [0x00000005c1000000, 0x00000005d6580000, 0x0000000715b00000)
  object space 349696K, 65% used [0x00000005c1000000,0x00000005cef6df68,0x00000005d6580000)
 Metaspace       used 13235K, capacity 13417K, committed 13696K, reserved 1062912K
  class space    used 1028K, capacity 1097K, committed 1152K, reserved 1048576K
}
Event: 23.370 GC heap before
{Heap before GC invocations=77 (full 0):
 PSYoungGen      total 52224K, used 48868K [0x0000000715b00000, 0x0000000719380000, 0x00000007c0000000)
  eden space 47616K, 100% used [0x0000000715b00000,0x0000000718980000,0x0000000718980000)
  from space 4608K, 27% used [0x0000000718f00000,0x0000000719039278,0x0000000719380000)
  to   space 5120K, 0% used [0x0000000718980000,0x0000000718980000,0x0000000718e80000)
 ParOldGen       total 349696K, used 228791K [0x00000005c1000000, 0x00000005d6580000, 0x0000000715b00000)
  object space 349696K, 65% used [0x00000005c1000000,0x00000005cef6df68,0x00000005d6580000)
 Metaspace       used 13235K, capacity 13417K, committed 13696K, reserved 1062912K
  class space    used 1028K, capacity 1097K, committed 1152K, reserved 1048576K
Event: 23.372 GC heap after
Heap after GC invocations=77 (full 0):
 PSYoungGen      total 52224K, used 3798K [0x0000000715b00000, 0x0000000719400000, 0x00000007c0000000)
  eden space 47104K, 0% used [0x0000000715b00000,0x0000000715b00000,0x0000000718900000)
  from space 5120K, 74% used [0x0000000718980000,0x0000000718d35be8,0x0000000718e80000)
  to   space 5632K, 0% used [0x0000000718e80000,0x0000000718e80000,0x0000000719400000)
 ParOldGen       total 349696K, used 229871K [0x00000005c1000000, 0x00000005d6580000, 0x0000000715b00000)
  object space 349696K, 65% used [0x00000005c1000000,0x00000005cf07bf68,0x00000005d6580000)
 Metaspace       used 13235K, capacity 13417K, committed 13696K, reserved 1062912K
  class space    used 1028K, capacity 1097K, committed 1152K, reserved 1048576K
}

