# JRE version: Java(TM) SE Runtime Environment (8.0_251-b08) (build 1.8.0_251-b08)
# Java VM: Java HotSpot(TM) 64-Bit Server VM (25.251-b08 mixed mode windows-amd64 compressed oops)
Heap:
 PSYoungGen      total 49152K, used 8022K [0x0000000715b00000, 0x0000000718e00000, 0x00000007c0000000)
  eden space 47104K, 13% used [0x0000000715b00000,0x000000071613f0e8,0x0000000718900000)
  from space 2048K, 79% used [0x0000000718980000,0x0000000718b16868,0x0000000718b80000)
  to   space 2560K, 0% used [0x0000000718b80000,0x0000000718b80000,0x0000000718e00000)
 ParOldGen       total 349696K, used 127392K [0x00000005c1000000, 0x00000005d6580000, 0x0000000715b00000)
  object space 349696K, 36% used [0x00000005c1000000,0x00000005c8c68188,0x00000005d6580000)
 Metaspace       used 13222K, capacity 13401K, committed 13696K, reserved 1062912K
  class space    used 1031K, capacity 1097K, committed 1152K, reserved 1048576K
GC Heap History (10 events):
Event: 20.081 GC heap before
{Heap before GC invocations=73 (full 0):
 PSYoungGen      total 52224K, used 50692K [0x0000000715b00000, 0x0000000719180000, 0x00000007c0000000)
  eden space 49664K, 100% used [0x0000000715b00000,0x0000000718b80000,0x0000000718b80000)
  from space 2560K, 40% used [0x0000000718f00000,0x0000000719001278,0x0000000719180000)
  to   space 3072K, 0% used [0x0000000718b80000,0x0000000718b80000,0x0000000718e80000)
 ParOldGen       total 349696K, used 123712K [0x00000005c1000000, 0x00000005d6580000, 0x0000000715b00000)
  object space 349696K, 35% used [0x00000005c1000000,0x00000005c88d0188,0x00000005d6580000)
 Metaspace       used 13222K, capacity 13401K, committed 13696K, reserved 1062912K
  class space    used 1031K, capacity 1097K, committed 1152K, reserved 1048576K
Event: 20.082 GC heap after
Heap after GC invocations=73 (full 0):
 PSYoungGen      total 51712K, used 2132K [0x0000000715b00000, 0x0000000719100000, 0x00000007c0000000)
  eden space 49152K, 0% used [0x0000000715b00000,0x0000000715b00000,0x0000000718b00000)
  from space 2560K, 83% used [0x0000000718b80000,0x0000000718d952c0,0x0000000718e00000)
  to   space 3072K, 0% used [0x0000000718e00000,0x0000000718e00000,0x0000000719100000)
 ParOldGen       total 349696K, used 124624K [0x00000005c1000000, 0x00000005d6580000, 0x0000000715b00000)
  object space 349696K, 35% used [0x00000005c1000000,0x00000005c89b4188,0x00000005d6580000)
 Metaspace       used 13222K, capacity 13401K, committed 13696K, reserved 1062912K
  class space    used 1031K, capacity 1097K, committed 1152K, reserved 1048576K
}
Event: 20.171 GC heap before
{Heap before GC invocations=74 (full 0):
 PSYoungGen      total 51712K, used 51284K [0x0000000715b00000, 0x0000000719100000, 0x00000007c0000000)
  eden space 49152K, 100% used [0x0000000715b00000,0x0000000718b00000,0x0000000718b00000)
  from space 2560K, 83% used [0x0000000718b80000,0x0000000718d952c0,0x0000000718e00000)
  to   space 3072K, 0% used [0x0000000718e00000,0x0000000718e00000,0x0000000719100000)
 ParOldGen       total 349696K, used 124624K [0x00000005c1000000, 0x00000005d6580000, 0x0000000715b00000)
  object space 349696K, 35% used [0x00000005c1000000,0x00000005c89b4188,0x00000005d6580000)
 Metaspace       used 13222K, capacity 13401K, committed 13696K, reserved 1062912K
  class space    used 1031K, capacity 1097K, committed 1152K, reserved 1048576K
Event: 20.172 GC heap after
Heap after GC invocations=74 (full 0):
 PSYoungGen      total 51200K, used 1408K [0x0000000715b00000, 0x0000000719080000, 0x00000007c0000000)
  eden space 48640K, 0% used [0x0000000715b00000,0x0000000715b00000,0x0000000718a80000)
  from space 2560K, 55% used [0x0000000718e00000,0x0000000718f60090,0x0000000719080000)
  to   space 3072K, 0% used [0x0000000718a80000,0x0000000718a80000,0x0000000718d80000)
 ParOldGen       total 349696K, used 125880K [0x00000005c1000000, 0x00000005d6580000, 0x0000000715b00000)
  object space 349696K, 35% used [0x00000005c1000000,0x00000005c8aee188,0x00000005d6580000)
 Metaspace       used 13222K, capacity 13401K, committed 13696K, reserved 1062912K
  class space    used 1031K, capacity 1097K, committed 1152K, reserved 1048576K
}
Event: 20.254 GC heap before
{Heap before GC invocations=75 (full 0):
 PSYoungGen      total 51200K, used 50048K [0x0000000715b00000, 0x0000000719080000, 0x00000007c0000000)
  eden space 48640K, 100% used [0x0000000715b00000,0x0000000718a80000,0x0000000718a80000)
  from space 2560K, 55% used [0x0000000718e00000,0x0000000718f60090,0x0000000719080000)
  to   space 3072K, 0% used [0x0000000718a80000,0x0000000718a80000,0x0000000718d80000)
 ParOldGen       total 349696K, used 125880K [0x00000005c1000000, 0x00000005d6580000, 0x0000000715b00000)
  object space 349696K, 35% used [0x00000005c1000000,0x00000005c8aee188,0x00000005d6580000)
 Metaspace       used 13222K, capacity 13401K, committed 13696K, reserved 1062912K
  class space    used 1031K, capacity 1097K, committed 1152K, reserved 1048576K
Event: 20.254 GC heap after
Heap after GC invocations=75 (full 0):
 PSYoungGen      total 49152K, used 612K [0x0000000715b00000, 0x0000000719000000, 0x00000007c0000000)
  eden space 48128K, 0% used [0x0000000715b00000,0x0000000715b00000,0x0000000718a00000)
  from space 1024K, 59% used [0x0000000718a80000,0x0000000718b19278,0x0000000718b80000)
  to   space 3072K, 0% used [0x0000000718d00000,0x0000000718d00000,0x0000000719000000)
 ParOldGen       total 349696K, used 126440K [0x00000005c1000000, 0x00000005d6580000, 0x0000000715b00000)
  object space 349696K, 36% used [0x00000005c1000000,0x00000005c8b7a188,0x00000005d6580000)
 Metaspace       used 13222K, capacity 13401K, committed 13696K, reserved 1062912K
  class space    used 1031K, capacity 1097K, committed 1152K, reserved 1048576K
}
Event: 20.352 GC heap before
{Heap before GC invocations=76 (full 0):
 PSYoungGen      total 49152K, used 48740K [0x0000000715b00000, 0x0000000719000000, 0x00000007c0000000)
  eden space 48128K, 100% used [0x0000000715b00000,0x0000000718a00000,0x0000000718a00000)
  from space 1024K, 59% used [0x0000000718a80000,0x0000000718b19278,0x0000000718b80000)
  to   space 3072K, 0% used [0x0000000718d00000,0x0000000718d00000,0x0000000719000000)
 ParOldGen       total 349696K, used 126440K [0x00000005c1000000, 0x00000005d6580000, 0x0000000715b00000)
  object space 349696K, 36% used [0x00000005c1000000,0x00000005c8b7a188,0x00000005d6580000)
 Metaspace       used 13222K, capacity 13401K, committed 13696K, reserved 1062912K
  class space    used 1031K, capacity 1097K, committed 1152K, reserved 1048576K
Event: 20.353 GC heap after
Heap after GC invocations=76 (full 0):
 PSYoungGen      total 50176K, used 1472K [0x0000000715b00000, 0x0000000718f80000, 0x00000007c0000000)
  eden space 47616K, 0% used [0x0000000715b00000,0x0000000715b00000,0x0000000718980000)
  from space 2560K, 57% used [0x0000000718d00000,0x0000000718e702f8,0x0000000718f80000)
  to   space 3072K, 0% used [0x0000000718980000,0x0000000718980000,0x0000000718c80000)
 ParOldGen       total 349696K, used 126832K [0x00000005c1000000, 0x00000005d6580000, 0x0000000715b00000)
  object space 349696K, 36% used [0x00000005c1000000,0x00000005c8bdc188,0x00000005d6580000)
 Metaspace       used 13222K, capacity 13401K, committed 13696K, reserved 1062912K
  class space    used 1031K, capacity 1097K, committed 1152K, reserved 1048576K
}
Event: 20.454 GC heap before
{Heap before GC invocations=77 (full 0):
 PSYoungGen      total 50176K, used 49088K [0x0000000715b00000, 0x0000000718f80000, 0x00000007c0000000)
  eden space 47616K, 100% used [0x0000000715b00000,0x0000000718980000,0x0000000718980000)
  from space 2560K, 57% used [0x0000000718d00000,0x0000000718e702f8,0x0000000718f80000)
  to   space 3072K, 0% used [0x0000000718980000,0x0000000718980000,0x0000000718c80000)
 ParOldGen       total 349696K, used 126832K [0x00000005c1000000, 0x00000005d6580000, 0x0000000715b00000)
  object space 349696K, 36% used [0x00000005c1000000,0x00000005c8bdc188,0x00000005d6580000)
 Metaspace       used 13222K, capacity 13401K, committed 13696K, reserved 1062912K
  class space    used 1031K, capacity 1097K, committed 1152K, reserved 1048576K
Event: 20.455 GC heap after
Heap after GC invocations=77 (full 0):
 PSYoungGen      total 49152K, used 1626K [0x0000000715b00000, 0x0000000718e00000, 0x00000007c0000000)
  eden space 47104K, 0% used [0x0000000715b00000,0x0000000715b00000,0x0000000718900000)
  from space 2048K, 79% used [0x0000000718980000,0x0000000718b16868,0x0000000718b80000)
  to   space 2560K, 0% used [0x0000000718b80000,0x0000000718b80000,0x0000000718e00000)
 ParOldGen       total 349696K, used 127392K [0x00000005c1000000, 0x00000005d6580000, 0x0000000715b00000)
  object space 349696K, 36% used [0x00000005c1000000,0x00000005c8c68188,0x00000005d6580000)
 Metaspace       used 13222K, capacity 13401K, committed 13696K, reserved 1062912K
  class space    used 1031K, capacity 1097K, committed 1152K, reserved 1048576K
}

