# JRE version: Java(TM) SE Runtime Environment (8.0_231-b11) (build 1.8.0_231-b11)
# Java VM: Java HotSpot(TM) 64-Bit Server VM (25.231-b11 mixed mode windows-amd64 compressed oops)
Heap:
 PSYoungGen      total 80384K, used 59061K [0x0000000715b00000, 0x000000071b580000, 0x00000007c0000000)
  eden space 72192K, 77% used [0x0000000715b00000,0x00000007191cac58,0x000000071a180000)
  from space 8192K, 36% used [0x000000071ad80000,0x000000071b062928,0x000000071b580000)
  to   space 10240K, 0% used [0x000000071a180000,0x000000071a180000,0x000000071ab80000)
 ParOldGen       total 349696K, used 98614K [0x00000005c1000000, 0x00000005d6580000, 0x0000000715b00000)
  object space 349696K, 28% used [0x00000005c1000000,0x00000005c704d838,0x00000005d6580000)
 Metaspace       used 13501K, capacity 13673K, committed 13952K, reserved 1062912K
  class space    used 1033K, capacity 1097K, committed 1152K, reserved 1048576K
GC Heap History (10 events):
Event: 13.826 GC heap before
{Heap before GC invocations=32 (full 0):
 PSYoungGen      total 79360K, used 79299K [0x0000000715b00000, 0x000000071c180000, 0x00000007c0000000)
  eden space 77312K, 100% used [0x0000000715b00000,0x000000071a680000,0x000000071a680000)
  from space 2048K, 97% used [0x000000071a780000,0x000000071a970ff0,0x000000071a980000)
  to   space 13824K, 0% used [0x000000071b400000,0x000000071b400000,0x000000071c180000)
 ParOldGen       total 349696K, used 89509K [0x00000005c1000000, 0x00000005d6580000, 0x0000000715b00000)
  object space 349696K, 25% used [0x00000005c1000000,0x00000005c6769450,0x00000005d6580000)
 Metaspace       used 13501K, capacity 13673K, committed 13952K, reserved 1062912K
  class space    used 1033K, capacity 1097K, committed 1152K, reserved 1048576K
Event: 13.828 GC heap after
Heap after GC invocations=32 (full 0):
 PSYoungGen      total 87040K, used 3074K [0x0000000715b00000, 0x000000071be80000, 0x00000007c0000000)
  eden space 76288K, 0% used [0x0000000715b00000,0x0000000715b00000,0x000000071a580000)
  from space 10752K, 28% used [0x000000071b400000,0x000000071b700be8,0x000000071be80000)
  to   space 12800K, 0% used [0x000000071a580000,0x000000071a580000,0x000000071b200000)
 ParOldGen       total 349696K, used 91316K [0x00000005c1000000, 0x00000005d6580000, 0x0000000715b00000)
  object space 349696K, 26% used [0x00000005c1000000,0x00000005c692d1c8,0x00000005d6580000)
 Metaspace       used 13501K, capacity 13673K, committed 13952K, reserved 1062912K
  class space    used 1033K, capacity 1097K, committed 1152K, reserved 1048576K
}
Event: 13.960 GC heap before
{Heap before GC invocations=33 (full 0):
 PSYoungGen      total 87040K, used 79362K [0x0000000715b00000, 0x000000071be80000, 0x00000007c0000000)
  eden space 76288K, 100% used [0x0000000715b00000,0x000000071a580000,0x000000071a580000)
  from space 10752K, 28% used [0x000000071b400000,0x000000071b700be8,0x000000071be80000)
  to   space 12800K, 0% used [0x000000071a580000,0x000000071a580000,0x000000071b200000)
 ParOldGen       total 349696K, used 91316K [0x00000005c1000000, 0x00000005d6580000, 0x0000000715b00000)
  object space 349696K, 26% used [0x00000005c1000000,0x00000005c692d1c8,0x00000005d6580000)
 Metaspace       used 13501K, capacity 13673K, committed 13952K, reserved 1062912K
  class space    used 1033K, capacity 1097K, committed 1152K, reserved 1048576K
Event: 13.961 GC heap after
Heap after GC invocations=33 (full 0):
 PSYoungGen      total 77312K, used 1631K [0x0000000715b00000, 0x000000071bc80000, 0x00000007c0000000)
  eden space 75264K, 0% used [0x0000000715b00000,0x0000000715b00000,0x000000071a480000)
  from space 2048K, 79% used [0x000000071a580000,0x000000071a717c08,0x000000071a780000)
  to   space 12288K, 0% used [0x000000071b080000,0x000000071b080000,0x000000071bc80000)
 ParOldGen       total 349696K, used 93604K [0x00000005c1000000, 0x00000005d6580000, 0x0000000715b00000)
  object space 349696K, 26% used [0x00000005c1000000,0x00000005c6b691c8,0x00000005d6580000)
 Metaspace       used 13501K, capacity 13673K, committed 13952K, reserved 1062912K
  class space    used 1033K, capacity 1097K, committed 1152K, reserved 1048576K
}
Event: 14.160 GC heap before
{Heap before GC invocations=34 (full 0):
 PSYoungGen      total 77312K, used 76895K [0x0000000715b00000, 0x000000071bc80000, 0x00000007c0000000)
  eden space 75264K, 100% used [0x0000000715b00000,0x000000071a480000,0x000000071a480000)
  from space 2048K, 79% used [0x000000071a580000,0x000000071a717c08,0x000000071a780000)
  to   space 12288K, 0% used [0x000000071b080000,0x000000071b080000,0x000000071bc80000)
 ParOldGen       total 349696K, used 93604K [0x00000005c1000000, 0x00000005d6580000, 0x0000000715b00000)
  object space 349696K, 26% used [0x00000005c1000000,0x00000005c6b691c8,0x00000005d6580000)
 Metaspace       used 13501K, capacity 13673K, committed 13952K, reserved 1062912K
  class space    used 1033K, capacity 1097K, committed 1152K, reserved 1048576K
Event: 14.161 GC heap after
Heap after GC invocations=34 (full 0):
 PSYoungGen      total 84480K, used 1870K [0x0000000715b00000, 0x000000071ba80000, 0x00000007c0000000)
  eden space 74240K, 0% used [0x0000000715b00000,0x0000000715b00000,0x000000071a380000)
  from space 10240K, 18% used [0x000000071b080000,0x000000071b2538e8,0x000000071ba80000)
  to   space 11776K, 0% used [0x000000071a380000,0x000000071a380000,0x000000071af00000)
 ParOldGen       total 349696K, used 94620K [0x00000005c1000000, 0x00000005d6580000, 0x0000000715b00000)
  object space 349696K, 27% used [0x00000005c1000000,0x00000005c6c671c8,0x00000005d6580000)
 Metaspace       used 13501K, capacity 13673K, committed 13952K, reserved 1062912K
  class space    used 1033K, capacity 1097K, committed 1152K, reserved 1048576K
}
Event: 14.530 GC heap before
{Heap before GC invocations=35 (full 0):
 PSYoungGen      total 84480K, used 76110K [0x0000000715b00000, 0x000000071ba80000, 0x00000007c0000000)
  eden space 74240K, 100% used [0x0000000715b00000,0x000000071a380000,0x000000071a380000)
  from space 10240K, 18% used [0x000000071b080000,0x000000071b2538e8,0x000000071ba80000)
  to   space 11776K, 0% used [0x000000071a380000,0x000000071a380000,0x000000071af00000)
 ParOldGen       total 349696K, used 94620K [0x00000005c1000000, 0x00000005d6580000, 0x0000000715b00000)
  object space 349696K, 27% used [0x00000005c1000000,0x00000005c6c671c8,0x00000005d6580000)
 Metaspace       used 13501K, capacity 13673K, committed 13952K, reserved 1062912K
  class space    used 1033K, capacity 1097K, committed 1152K, reserved 1048576K
Event: 14.532 GC heap after
Heap after GC invocations=35 (full 0):
 PSYoungGen      total 75776K, used 2468K [0x0000000715b00000, 0x000000071b880000, 0x00000007c0000000)
  eden space 73216K, 0% used [0x0000000715b00000,0x0000000715b00000,0x000000071a280000)
  from space 2560K, 96% used [0x000000071a380000,0x000000071a5e9278,0x000000071a600000)
  to   space 11264K, 0% used [0x000000071ad80000,0x000000071ad80000,0x000000071b880000)
 ParOldGen       total 349696K, used 96334K [0x00000005c1000000, 0x00000005d6580000, 0x0000000715b00000)
  object space 349696K, 27% used [0x00000005c1000000,0x00000005c6e13838,0x00000005d6580000)
 Metaspace       used 13501K, capacity 13673K, committed 13952K, reserved 1062912K
  class space    used 1033K, capacity 1097K, committed 1152K, reserved 1048576K
}
Event: 14.803 GC heap before
{Heap before GC invocations=36 (full 0):
 PSYoungGen      total 75776K, used 75684K [0x0000000715b00000, 0x000000071b880000, 0x00000007c0000000)
  eden space 73216K, 100% used [0x0000000715b00000,0x000000071a280000,0x000000071a280000)
  from space 2560K, 96% used [0x000000071a380000,0x000000071a5e9278,0x000000071a600000)
  to   space 11264K, 0% used [0x000000071ad80000,0x000000071ad80000,0x000000071b880000)
 ParOldGen       total 349696K, used 96334K [0x00000005c1000000, 0x00000005d6580000, 0x0000000715b00000)
  object space 349696K, 27% used [0x00000005c1000000,0x00000005c6e13838,0x00000005d6580000)
 Metaspace       used 13501K, capacity 13673K, committed 13952K, reserved 1062912K
  class space    used 1033K, capacity 1097K, committed 1152K, reserved 1048576K
Event: 14.804 GC heap after
Heap after GC invocations=36 (full 0):
 PSYoungGen      total 80384K, used 2954K [0x0000000715b00000, 0x000000071b580000, 0x00000007c0000000)
  eden space 72192K, 0% used [0x0000000715b00000,0x0000000715b00000,0x000000071a180000)
  from space 8192K, 36% used [0x000000071ad80000,0x000000071b062928,0x000000071b580000)
  to   space 10240K, 0% used [0x000000071a180000,0x000000071a180000,0x000000071ab80000)
 ParOldGen       total 349696K, used 98614K [0x00000005c1000000, 0x00000005d6580000, 0x0000000715b00000)
  object space 349696K, 28% used [0x00000005c1000000,0x00000005c704d838,0x00000005d6580000)
 Metaspace       used 13501K, capacity 13673K, committed 13952K, reserved 1062912K
  class space    used 1033K, capacity 1097K, committed 1152K, reserved 1048576K
}

