# JRE version: Java(TM) SE Runtime Environment (8.0_251-b08) (build 1.8.0_251-b08)
# Java VM: Java HotSpot(TM) 64-Bit Server VM (25.251-b08 mixed mode windows-amd64 compressed oops)
Heap:
 PSYoungGen      total 1420288K, used 795936K [0x0000000715b00000, 0x0000000783b00000, 0x00000007c0000000)
  eden space 1064960K, 50% used [0x0000000715b00000,0x0000000736a320e8,0x0000000756b00000)
  from space 355328K, 72% used [0x000000076cf00000,0x000000077c916208,0x0000000782a00000)
  to   space 364544K, 0% used [0x0000000756b00000,0x0000000756b00000,0x000000076cf00000)
 ParOldGen       total 952320K, used 436864K [0x00000005c1000000, 0x00000005fb200000, 0x0000000715b00000)
  object space 952320K, 45% used [0x00000005c1000000,0x00000005dbaa00c8,0x00000005fb200000)
 Metaspace       used 13442K, capacity 13661K, committed 13824K, reserved 1062912K
  class space    used 1050K, capacity 1161K, committed 1280K, reserved 1048576K
GC Heap History (10 events):
Event: 5.499 GC heap before
{Heap before GC invocations=14 (full 2):
 PSYoungGen      total 916480K, used 800964K [0x0000000715b00000, 0x000000076b980000, 0x00000007c0000000)
  eden space 579072K, 100% used [0x0000000715b00000,0x0000000739080000,0x0000000739080000)
  from space 337408K, 65% used [0x0000000739080000,0x0000000746931288,0x000000074da00000)
  to   space 343552K, 0% used [0x0000000756a00000,0x0000000756a00000,0x000000076b980000)
 ParOldGen       total 952320K, used 436864K [0x00000005c1000000, 0x00000005fb200000, 0x0000000715b00000)
  object space 952320K, 45% used [0x00000005c1000000,0x00000005dbaa00c8,0x00000005fb200000)
 Metaspace       used 13442K, capacity 13661K, committed 13824K, reserved 1062912K
  class space    used 1050K, capacity 1161K, committed 1280K, reserved 1048576K
Event: 5.547 GC heap after
Heap after GC invocations=14 (full 2):
 PSYoungGen      total 1060352K, used 223393K [0x0000000715b00000, 0x000000076ca00000, 0x00000007c0000000)
  eden space 716800K, 0% used [0x0000000715b00000,0x0000000715b00000,0x0000000741700000)
  from space 343552K, 65% used [0x0000000756a00000,0x0000000764428538,0x000000076b980000)
  to   space 347136K, 0% used [0x0000000741700000,0x0000000741700000,0x0000000756a00000)
 ParOldGen       total 952320K, used 436864K [0x00000005c1000000, 0x00000005fb200000, 0x0000000715b00000)
  object space 952320K, 45% used [0x00000005c1000000,0x00000005dbaa00c8,0x00000005fb200000)
 Metaspace       used 13442K, capacity 13661K, committed 13824K, reserved 1062912K
  class space    used 1050K, capacity 1161K, committed 1280K, reserved 1048576K
}
Event: 6.055 GC heap before
{Heap before GC invocations=15 (full 2):
 PSYoungGen      total 1060352K, used 940193K [0x0000000715b00000, 0x000000076ca00000, 0x00000007c0000000)
  eden space 716800K, 100% used [0x0000000715b00000,0x0000000741700000,0x0000000741700000)
  from space 343552K, 65% used [0x0000000756a00000,0x0000000764428538,0x000000076b980000)
  to   space 347136K, 0% used [0x0000000741700000,0x0000000741700000,0x0000000756a00000)
 ParOldGen       total 952320K, used 436864K [0x00000005c1000000, 0x00000005fb200000, 0x0000000715b00000)
  object space 952320K, 45% used [0x00000005c1000000,0x00000005dbaa00c8,0x00000005fb200000)
 Metaspace       used 13442K, capacity 13661K, committed 13824K, reserved 1062912K
  class space    used 1050K, capacity 1161K, committed 1280K, reserved 1048576K
Event: 6.087 GC heap after
Heap after GC invocations=15 (full 2):
 PSYoungGen      total 1063936K, used 225934K [0x0000000715b00000, 0x0000000776a80000, 0x00000007c0000000)
  eden space 716800K, 0% used [0x0000000715b00000,0x0000000715b00000,0x0000000741700000)
  from space 347136K, 65% used [0x0000000741700000,0x000000074f3a38c8,0x0000000756a00000)
  to   space 350208K, 0% used [0x0000000761480000,0x0000000761480000,0x0000000776a80000)
 ParOldGen       total 952320K, used 436864K [0x00000005c1000000, 0x00000005fb200000, 0x0000000715b00000)
  object space 952320K, 45% used [0x00000005c1000000,0x00000005dbaa00c8,0x00000005fb200000)
 Metaspace       used 13442K, capacity 13661K, committed 13824K, reserved 1062912K
  class space    used 1050K, capacity 1161K, committed 1280K, reserved 1048576K
}
Event: 6.679 GC heap before
{Heap before GC invocations=16 (full 2):
 PSYoungGen      total 1063936K, used 942734K [0x0000000715b00000, 0x0000000776a80000, 0x00000007c0000000)
  eden space 716800K, 100% used [0x0000000715b00000,0x0000000741700000,0x0000000741700000)
  from space 347136K, 65% used [0x0000000741700000,0x000000074f3a38c8,0x0000000756a00000)
  to   space 350208K, 0% used [0x0000000761480000,0x0000000761480000,0x0000000776a80000)
 ParOldGen       total 952320K, used 436864K [0x00000005c1000000, 0x00000005fb200000, 0x0000000715b00000)
  object space 952320K, 45% used [0x00000005c1000000,0x00000005dbaa00c8,0x00000005fb200000)
 Metaspace       used 13442K, capacity 13661K, committed 13824K, reserved 1062912K
  class space    used 1050K, capacity 1161K, committed 1280K, reserved 1048576K
Event: 6.726 GC heap after
Heap after GC invocations=16 (full 2):
 PSYoungGen      total 1224192K, used 224547K [0x0000000715b00000, 0x0000000776480000, 0x00000007c0000000)
  eden space 880128K, 0% used [0x0000000715b00000,0x0000000715b00000,0x000000074b680000)
  from space 344064K, 65% used [0x0000000761480000,0x000000076efc8f28,0x0000000776480000)
  to   space 351232K, 0% used [0x000000074b680000,0x000000074b680000,0x0000000760d80000)
 ParOldGen       total 952320K, used 436864K [0x00000005c1000000, 0x00000005fb200000, 0x0000000715b00000)
  object space 952320K, 45% used [0x00000005c1000000,0x00000005dbaa00c8,0x00000005fb200000)
 Metaspace       used 13442K, capacity 13661K, committed 13824K, reserved 1062912K
  class space    used 1050K, capacity 1161K, committed 1280K, reserved 1048576K
}
Event: 7.111 GC heap before
{Heap before GC invocations=17 (full 2):
 PSYoungGen      total 1224192K, used 1104675K [0x0000000715b00000, 0x0000000776480000, 0x00000007c0000000)
  eden space 880128K, 100% used [0x0000000715b00000,0x000000074b680000,0x000000074b680000)
  from space 344064K, 65% used [0x0000000761480000,0x000000076efc8f28,0x0000000776480000)
  to   space 351232K, 0% used [0x000000074b680000,0x000000074b680000,0x0000000760d80000)
 ParOldGen       total 952320K, used 436864K [0x00000005c1000000, 0x00000005fb200000, 0x0000000715b00000)
  object space 952320K, 45% used [0x00000005c1000000,0x00000005dbaa00c8,0x00000005fb200000)
 Metaspace       used 13442K, capacity 13661K, committed 13824K, reserved 1062912K
  class space    used 1050K, capacity 1161K, committed 1280K, reserved 1048576K
Event: 7.145 GC heap after
Heap after GC invocations=17 (full 2):
 PSYoungGen      total 1231360K, used 238271K [0x0000000715b00000, 0x0000000782a00000, 0x00000007c0000000)
  eden space 880128K, 0% used [0x0000000715b00000,0x0000000715b00000,0x000000074b680000)
  from space 351232K, 67% used [0x000000074b680000,0x0000000759f2fff8,0x0000000760d80000)
  to   space 355328K, 0% used [0x000000076cf00000,0x000000076cf00000,0x0000000782a00000)
 ParOldGen       total 952320K, used 436864K [0x00000005c1000000, 0x00000005fb200000, 0x0000000715b00000)
  object space 952320K, 45% used [0x00000005c1000000,0x00000005dbaa00c8,0x00000005fb200000)
 Metaspace       used 13442K, capacity 13661K, committed 13824K, reserved 1062912K
  class space    used 1050K, capacity 1161K, committed 1280K, reserved 1048576K
}
Event: 7.709 GC heap before
{Heap before GC invocations=18 (full 2):
 PSYoungGen      total 1231360K, used 1118399K [0x0000000715b00000, 0x0000000782a00000, 0x00000007c0000000)
  eden space 880128K, 100% used [0x0000000715b00000,0x000000074b680000,0x000000074b680000)
  from space 351232K, 67% used [0x000000074b680000,0x0000000759f2fff8,0x0000000760d80000)
  to   space 355328K, 0% used [0x000000076cf00000,0x000000076cf00000,0x0000000782a00000)
 ParOldGen       total 952320K, used 436864K [0x00000005c1000000, 0x00000005fb200000, 0x0000000715b00000)
  object space 952320K, 45% used [0x00000005c1000000,0x00000005dbaa00c8,0x00000005fb200000)
 Metaspace       used 13442K, capacity 13661K, committed 13824K, reserved 1062912K
  class space    used 1050K, capacity 1161K, committed 1280K, reserved 1048576K
Event: 7.766 GC heap after
Heap after GC invocations=18 (full 2):
 PSYoungGen      total 1420288K, used 256088K [0x0000000715b00000, 0x0000000783b00000, 0x00000007c0000000)
  eden space 1064960K, 0% used [0x0000000715b00000,0x0000000715b00000,0x0000000756b00000)
  from space 355328K, 72% used [0x000000076cf00000,0x000000077c916208,0x0000000782a00000)
  to   space 364544K, 0% used [0x0000000756b00000,0x0000000756b00000,0x000000076cf00000)
 ParOldGen       total 952320K, used 436864K [0x00000005c1000000, 0x00000005fb200000, 0x0000000715b00000)
  object space 952320K, 45% used [0x00000005c1000000,0x00000005dbaa00c8,0x00000005fb200000)
 Metaspace       used 13442K, capacity 13661K, committed 13824K, reserved 1062912K
  class space    used 1050K, capacity 1161K, committed 1280K, reserved 1048576K
}

